Loading openmpi-gcc/openmpi4.1.0-gcc9.3.0
  Loading requirement: gcc/9.3.0
[c042n01][[18300,1],0][btl_openib_component.c:679:init_one_port] ibv_query_gid failed (mlx5_2:1, 0)

--------------------------------------------------------------------------
WARNING: There was an error initializing an OpenFabrics device.

  Local host:   c042n01
  Local device: mlx5_2
--------------------------------------------------------------------------
Semistochastic Heat-bath Configuration Interation (SHCI)

Executable: /usr/local/usrapps/quest/shci/shci
Start time: Tue Sep  9 20:54:32 2025
Infrastructure: 1 nodes * 1 threads
Master node: c042n01.hpc.ncsu.edu
Configuration:
{
  "chem": {
    "point_group": "d2h"
  },
  "eps_vars": [
    5e-05,
    2e-05,
    1e-05,
    8e-06,
    5e-06
  ],
  "eps_vars_schedule": [
    0.002,
    0.001,
    0.0005,
    0.0002,
    0.0001
  ],
  "n_dn": 4,
  "n_up": 4,
  "system": "chem"
}
Timing format: [DIFF/SECTION/TOTAL]

BEG OF setup[0.0/105.5]GB [0.000/0.000/0.000]s

BEG OF load integrals, setup[0.0/105.5]GB [0.001/0.000/0.001]s
n_orbs: 40
n_elecs (from FCIDUMP): 8
orb_sym: 1 1 1 1 1 1 1 1 1 1 1 1 1 1 1 1 1 1 1 1 1 1 1 1 1 1 1 1 1 1 1 1 1 1 1 1 1 1 1 1 
END OF load fcidump [0.0/105.5]GB [0.316/0.316/0.317]s
HF det up: 0 1 2 3 
HF det dn: 0 1 2 3 
Orbitals energy:
#  0: E =  -0.782528620725, E_1b =  -3.007275252710, sym =  1, origin #  0
#  1: E =  -0.598199800032, E_1b =  -2.813647153256, sym =  1, origin #  1
#  2: E =  -0.598199800032, E_1b =  -2.813647153256, sym =  1, origin #  2
#  3: E =  -0.272715341573, E_1b =  -2.414655036789, sym =  1, origin #  3
#  4: E =  -0.007887796825, E_1b =  -2.371802050714, sym =  1, origin #  4
#  5: E =   0.296722652382, E_1b =  -1.750806736903, sym =  1, origin #  5
#  6: E =   0.296722652382, E_1b =  -1.750806736903, sym =  1, origin #  6
#  7: E =   0.505924102654, E_1b =  -1.285667578895, sym =  1, origin #  7
#  8: E =   0.513627152456, E_1b =  -1.598714335569, sym =  1, origin #  8
#  9: E =   0.513627152456, E_1b =  -1.598714335569, sym =  1, origin #  9
# 10: E =   0.555522386663, E_1b =  -1.692886331325, sym =  1, origin # 10
# 11: E =   0.599780622878, E_1b =  -1.541493249564, sym =  1, origin # 11
# 12: E =   0.609323343407, E_1b =  -1.502819104705, sym =  1, origin # 12
# 13: E =   0.850849203609, E_1b =  -1.529616238907, sym =  1, origin # 13
# 14: E =   0.850849203609, E_1b =  -1.529616238907, sym =  1, origin # 14
# 15: E =   1.053662249836, E_1b =  -1.638937980890, sym =  1, origin # 15
# 16: E =   1.054209068448, E_1b =  -1.665038726821, sym =  1, origin # 16
# 17: E =   1.132642390033, E_1b =  -1.426577975581, sym =  1, origin # 17
# 18: E =   1.181611251243, E_1b =  -1.511521198574, sym =  1, origin # 18
# 19: E =   1.181611251243, E_1b =  -1.511521198574, sym =  1, origin # 19
# 20: E =   1.374743119560, E_1b =  -1.340211830975, sym =  1, origin # 20
# 21: E =   1.374743119560, E_1b =  -1.340211830975, sym =  1, origin # 21
# 22: E =   1.516790001727, E_1b =  -1.159689189808, sym =  1, origin # 22
# 23: E =   1.517819252669, E_1b =  -1.259175460486, sym =  1, origin # 23
# 24: E =   1.551941743998, E_1b =  -1.159689189808, sym =  1, origin # 24
# 25: E =   1.858942070209, E_1b =  -0.865034194097, sym =  1, origin # 25
# 26: E =   1.902489059655, E_1b =  -0.859704266241, sym =  1, origin # 26
# 27: E =   1.949576720324, E_1b =  -0.808479261732, sym =  1, origin # 27
# 28: E =   1.949576720324, E_1b =  -0.808479261732, sym =  1, origin # 28
# 29: E =   2.057631696774, E_1b =  -0.627183166693, sym =  1, origin # 29
# 30: E =   2.057631696774, E_1b =  -0.627183166693, sym =  1, origin # 30
# 31: E =   2.404579424840, E_1b =  -0.268678150281, sym =  1, origin # 31
# 32: E =   2.648366346385, E_1b =  -0.167943088017, sym =  1, origin # 32
# 33: E =   2.648366346385, E_1b =  -0.167943088017, sym =  1, origin # 33
# 34: E =   2.751149350490, E_1b =  -0.030187101909, sym =  1, origin # 34
# 35: E =   2.766835290607, E_1b =  -0.029036015269, sym =  1, origin # 35
# 36: E =   2.997063600203, E_1b =   0.188530700256, sym =  1, origin # 36
# 37: E =   3.461915992793, E_1b =   0.732987321626, sym =  1, origin # 37
# 38: E =   3.461915992793, E_1b =   0.732987321626, sym =  1, origin # 38
# 39: E =   4.046900929804, E_1b =   1.386091632075, sym =  1, origin # 39
HF det up: 0 1 2 3 
HF det dn: 0 1 2 3 
END OF reorder orbitals [0.0/105.5]GB [0.016/0.332/0.333]s
FCIDUMP cache saved to: integrals_cache.dat
END OF load integrals, setup[0.0/105.5]GB [0.009/0.341/0.342]s

BEG OF setup hci queue, setup[0.0/105.5]GB [0.000/0.000/0.342]s
Max hci queue elem: 0.1339655386 Ha
Number of entries in hci queue: 446,240
END OF setup hci queue, setup[0.0/105.5]GB [0.310/0.310/0.652]s

BEG OF setup singles_queue, setup[0.0/105.5]GB [0.000/0.000/0.652]s
Max singles_queue elem: 0.2742724717 Ha
Number of entries in singles_queue: 446
END OF setup singles_queue, setup[0.0/105.5]GB [0.015/0.015/0.667]s
HF energy: -13.3008681584 Ha
END OF setup[0.0/105.5]GB [0.001/0.668/0.668]s

BEG OF variation[0.0/105.5]GB [0.000/0.000/0.668]s
Final iteration 0 HF ndets= 1 energy= -13.30086816

BEG OF eps_var=5.00e-05, variation[0.0/105.5]GB [0.000/0.000/0.668]s
Try Loading Wavefunction wf_eps1_5.00e-05.dat
Loaded 1,262,986 dets from: wf_eps1_5.00e-05.dat
State 0:
----------------------------------------
Excite Lv       # dets         Sum c^2
0                    1      0.00000001
1                  112      0.87976540
2                 8990      0.07512456
3               179336      0.04204115
4               698799      0.00265879
5               338432      0.00040808
6                37316      0.00000201
----------------------------------------
Orbital                        Sum c^2
0                           1.96513582
1                           1.93604154
2                           1.93604154
3                           0.99395550
4                           0.98745135
5                           0.03242310
6                           0.03242310
7                           0.00610736
8                           0.00497390
9                           0.00497390
10                          0.00453074
11                          0.01473275
12                          0.00769115
13                          0.01550818
14                          0.01550818
15                          0.00302037
16                          0.00377684
17                          0.01163754
18                          0.00250480
19                          0.00250480
20                          0.00201485
21                          0.00201485
22                          0.00132039
23                          0.00274441
24                          0.00132268
25                          0.00093502
26                          0.00106207
27                          0.00166054
28                          0.00166054
29                          0.00040690
30                          0.00040690
31                          0.00014029
32                          0.00062585
33                          0.00062585
34                          0.00092979
35                          0.00049086
36                          0.00040574
37                          0.00012784
38                          0.00012784
39                          0.00003429
Sum orbitals c^2: 8.00000000
----------------------------------------
Most important dets:
Excite Lv         Coef      Det (Reordered orb)
1           0.66006185      |  0  1  2  4 |  0  1  2  3 |
1           0.66006185      |  0  1  2  3 |  0  1  2  4 |
1           0.05826740      |  0  1  2 11 |  0  1  2  3 |
1           0.05826740      |  0  1  2  3 |  0  1  2 11 |
2          -0.05367076      |  0  1  3  4 |  0  1  2  6 |
2           0.05367076      |  0  2  3  4 |  0  1  2  5 |
2           0.05367076      |  0  1  2  5 |  0  2  3  4 |
2          -0.05367076      |  0  1  2  6 |  0  1  3  4 |
2          -0.05075909      |  0  1  2  5 |  0  1  3  4 |
2          -0.05075909      |  0  1  3  4 |  0  1  2  5 |
2          -0.05075909      |  0  2  3  4 |  0  1  2  6 |
2          -0.05075909      |  0  1  2  6 |  0  2  3  4 |
2          -0.04450940      |  0  2  4  5 |  0  1  2  3 |
2           0.04450940      |  0  1  4  6 |  0  1  2  3 |
2          -0.04450940      |  0  1  2  3 |  0  2  4  5 |
2           0.04450940      |  0  1  2  3 |  0  1  4  6 |
2           0.04211352      |  0  1  4  5 |  0  1  2  3 |
2           0.04211352      |  0  2  4  6 |  0  1  2  3 |
2           0.04211352      |  0  1  2  3 |  0  1  4  5 |
2           0.04211352      |  0  1  2  3 |  0  2  4  6 |
----------------------------------------
HF energy: -13.3008681584 Ha
Variational energy: -13.5183808172 Ha	
END OF eps_var=5.00e-05, variation[0.3/105.7]GB [1.229/1.229/1.897]s

BEG OF eps_var=2.00e-05, variation[0.3/105.7]GB [0.000/0.000/1.897]s
Try Loading Wavefunction wf_eps1_2.00e-05.dat
Loaded 2,355,624 dets from: wf_eps1_2.00e-05.dat
State 0:
----------------------------------------
Excite Lv       # dets         Sum c^2
0                    1      0.00000000
1                  112      0.87900577
2                 9158      0.07528021
3               222394      0.04245668
4              1179897      0.00277083
5               885362      0.00047999
6                58494      0.00000646
7                  206      0.00000005
----------------------------------------
Orbital                        Sum c^2
0                           1.96471756
1                           1.93551730
2                           1.93551730
3                           0.99378920
4                           0.98727998
5                           0.03262734
6                           0.03262734
7                           0.00619899
8                           0.00506569
9                           0.00506569
10                          0.00459274
11                          0.01487458
12                          0.00780230
13                          0.01563425
14                          0.01563425
15                          0.00304261
16                          0.00382580
17                          0.01172700
18                          0.00252944
19                          0.00252944
20                          0.00204813
21                          0.00204813
22                          0.00133666
23                          0.00279106
24                          0.00133780
25                          0.00095538
26                          0.00108290
27                          0.00169065
28                          0.00169065
29                          0.00041478
30                          0.00041478
31                          0.00014302
32                          0.00064371
33                          0.00064371
34                          0.00094296
35                          0.00050142
36                          0.00041674
37                          0.00013158
38                          0.00013158
39                          0.00003554
Sum orbitals c^2: 8.00000000
----------------------------------------
Most important dets:
Excite Lv         Coef      Det (Reordered orb)
1           0.65976478      |  0  1  2  4 |  0  1  2  3 |
1           0.65976478      |  0  1  2  3 |  0  1  2  4 |
1           0.05835527      |  0  1  2 11 |  0  1  2  3 |
1           0.05835527      |  0  1  2  3 |  0  1  2 11 |
2          -0.05368290      |  0  1  3  4 |  0  1  2  6 |
2          -0.05368290      |  0  1  2  6 |  0  1  3  4 |
2           0.05368290      |  0  2  3  4 |  0  1  2  5 |
2           0.05368290      |  0  1  2  5 |  0  2  3  4 |
2          -0.05079004      |  0  2  3  4 |  0  1  2  6 |
2          -0.05079004      |  0  1  3  4 |  0  1  2  5 |
2          -0.05079004      |  0  1  2  5 |  0  1  3  4 |
2          -0.05079004      |  0  1  2  6 |  0  2  3  4 |
2          -0.04451991      |  0  2  4  5 |  0  1  2  3 |
2           0.04451991      |  0  1  4  6 |  0  1  2  3 |
2           0.04451991      |  0  1  2  3 |  0  1  4  6 |
2          -0.04451991      |  0  1  2  3 |  0  2  4  5 |
2           0.04212188      |  0  1  4  5 |  0  1  2  3 |
2           0.04212188      |  0  2  4  6 |  0  1  2  3 |
2           0.04212188      |  0  1  2  3 |  0  1  4  5 |
2           0.04212188      |  0  1  2  3 |  0  2  4  6 |
----------------------------------------
HF energy: -13.3008681584 Ha
Variational energy: -13.5190747716 Ha	
END OF eps_var=2.00e-05, variation[0.4/105.9]GB [1.841/1.841/3.738]s

BEG OF eps_var=1.00e-05, variation[0.4/105.9]GB [0.000/0.000/3.738]s
Try Loading Wavefunction wf_eps1_1.00e-05.dat
Loaded 4,006,538 dets from: wf_eps1_1.00e-05.dat
State 0:
----------------------------------------
Excite Lv       # dets         Sum c^2
0                    1      0.00000000
1                  112      0.87868252
2                 9226      0.07537919
3               258520      0.04258631
4              1797915      0.00283051
5              1731634      0.00050898
6               206418      0.00001226
7                 2712      0.00000023
----------------------------------------
Orbital                        Sum c^2
0                           1.96455394
1                           1.93528242
2                           1.93528242
3                           0.99373928
4                           0.98721645
5                           0.03273243
6                           0.03273243
7                           0.00623626
8                           0.00509894
9                           0.00509894
10                          0.00462018
11                          0.01493119
12                          0.00784120
13                          0.01568578
14                          0.01568578
15                          0.00305138
16                          0.00384436
17                          0.01176439
18                          0.00253850
19                          0.00253850
20                          0.00205999
21                          0.00205999
22                          0.00134225
23                          0.00280765
24                          0.00134279
25                          0.00096266
26                          0.00109008
27                          0.00170090
28                          0.00170090
29                          0.00041769
30                          0.00041769
31                          0.00014407
32                          0.00065093
33                          0.00065093
34                          0.00094812
35                          0.00050540
36                          0.00042081
37                          0.00013319
38                          0.00013319
39                          0.00003599
Sum orbitals c^2: 8.00000000
----------------------------------------
Most important dets:
Excite Lv         Coef      Det (Reordered orb)
1           0.65963713      |  0  1  2  4 |  0  1  2  3 |
1           0.65963713      |  0  1  2  3 |  0  1  2  4 |
1           0.05840677      |  0  1  2 11 |  0  1  2  3 |
1           0.05840677      |  0  1  2  3 |  0  1  2 11 |
2          -0.05371709      |  0  1  3  4 |  0  1  2  6 |
2           0.05371709      |  0  1  2  5 |  0  2  3  4 |
2          -0.05371709      |  0  1  2  6 |  0  1  3  4 |
2           0.05371709      |  0  2  3  4 |  0  1  2  5 |
2          -0.05082317      |  0  1  2  5 |  0  1  3  4 |
2          -0.05082317      |  0  1  3  4 |  0  1  2  5 |
2          -0.05082317      |  0  1  2  6 |  0  2  3  4 |
2          -0.05082317      |  0  2  3  4 |  0  1  2  6 |
2          -0.04454306      |  0  2  4  5 |  0  1  2  3 |
2           0.04454306      |  0  1  4  6 |  0  1  2  3 |
2           0.04454306      |  0  1  2  3 |  0  1  4  6 |
2          -0.04454306      |  0  1  2  3 |  0  2  4  5 |
2           0.04214357      |  0  1  4  5 |  0  1  2  3 |
2           0.04214357      |  0  2  4  6 |  0  1  2  3 |
2           0.04214357      |  0  1  2  3 |  0  1  4  5 |
2           0.04214357      |  0  1  2  3 |  0  2  4  6 |
----------------------------------------
HF energy: -13.3008681584 Ha
Variational energy: -13.5193144272 Ha	
END OF eps_var=1.00e-05, variation[1.1/106.6]GB [4.953/4.953/8.691]s

BEG OF eps_var=8.00e-06, variation[1.1/106.6]GB [0.000/0.000/8.691]s
Try Loading Wavefunction wf_eps1_8.00e-06.dat

BEG OF main, eps_var=8.00e-06, variation[1.1/106.6]GB [0.002/0.000/8.692]s

BEG OF #1, main, eps_var=8.00e-06, variation[1.1/106.6]GB [0.009/0.000/8.701]s
20% 40% 60% 80% 100% 
Number of dets / new dets: 4,761,784 / 755,246
END OF get next det list [1.1/106.6]GB [7.430/7.430/16.131]s
END OF update unique ab [1.3/106.7]GB [3.992/11.422/20.123]s
END OF create abm1 [1.3/106.7]GB [1.793/13.214/21.915]s
Outer size of a/b singles: 33,293 / 33,293
Full size of absingles: 6,350,892
END OF create absingles [1.3/106.8]GB [2.221/15.433/24.134]s
10% 20% 30% 40% 50% 60% 70% 80% 90% 100% 
Number of nonzero elems: 6,751,538,172
END OF generate sparse hamiltonian [12.0/117.5]GB [3627.212/3642.643/3651.345]s
Davidson #0:  -13.5193144272
Davidson #1:  -13.5193611599
Davidson #2:  -13.5193615035
Davidson #3:  -13.5193615145
Davidson #4:  -13.5193615154
Davidson #5:  -13.5193615155
Davidson #6:  -13.5193615155
END OF diagonalize sparse hamiltonian [12.3/117.8]GB [919.401/4562.043/4570.745]s
Iteration 1 eps1= 8.00e-06 ndets= 4,761,784 energy= -13.51936152
END OF #1, main, eps_var=8.00e-06, variation[12.3/117.8]GB [0.000/4562.044/4570.745]s

BEG OF #2, main, eps_var=8.00e-06, variation[12.3/117.8]GB [0.014/0.000/4570.758]s
20% 40% 60% 80% 100% 
Number of dets / new dets: 4,768,022 / 6,238
END OF get next det list [12.3/117.8]GB [2.640/2.640/4573.398]s
END OF update unique ab [12.3/117.8]GB [0.293/2.932/4573.691]s
END OF create abm1 [12.3/117.8]GB [0.041/2.960/4573.719]s
Outer size of a/b singles: 33,314 / 33,314
Full size of absingles: 1,719,604
END OF create absingles [12.3/117.8]GB [0.209/3.156/4573.915]s
10% 20% 30% 40% 50% 60% 70% 80% 90% 100% 
Number of nonzero elems: 6,760,877,750
END OF generate sparse hamiltonian [12.4/117.9]GB [79.682/82.817/4653.575]s
Davidson #0:  -13.5193615155
Davidson #1:  -13.5193619289
Davidson #2:  -13.5193619310
Davidson #3:  -13.5193619310
END OF diagonalize sparse hamiltonian [11.1/116.6]GB [529.748/612.564/5183.322]s
Iteration 2 eps1= 8.00e-06 ndets= 4,768,022 energy= -13.51936193
END OF #2, main, eps_var=8.00e-06, variation[11.1/116.6]GB [0.000/612.564/5183.322]s

BEG OF #3, main, eps_var=8.00e-06, variation[11.1/116.6]GB [0.000/0.000/5183.322]s
20% 40% 60% 80% 100% 
Number of dets / new dets: 4,768,116 / 94
END OF get next det list [11.1/116.6]GB [1.919/1.919/5185.242]s
END OF update unique ab [11.1/116.6]GB [0.005/1.925/5185.247]s
END OF create abm1 [11.1/116.6]GB [0.002/1.926/5185.249]s
Outer size of a/b singles: 33,314 / 33,314
Full size of absingles: 44,104
END OF create absingles [11.1/116.6]GB [0.031/1.957/5185.279]s
10% 20% 30% 40% 50% 60% 70% 80% 90% 100% 
Number of nonzero elems: 6,761,023,036
END OF generate sparse hamiltonian [11.2/116.7]GB [19.532/21.487/5204.810]s
Davidson #0:  -13.5193619310
Davidson #1:  -13.5193619400
Davidson #2:  -13.5193619400
END OF diagonalize sparse hamiltonian [11.2/116.6]GB [401.629/423.114/5606.437]s
Iteration 3 eps1= 8.00e-06 ndets= 4,768,116 energy= -13.51936194
END OF #3, main, eps_var=8.00e-06, variation[11.2/116.6]GB [0.000/423.114/5606.437]s
Final iteration 3 eps1= 8.00e-06 ndets= 4,768,116 energy=  -13.51936194
State 0:
----------------------------------------
Excite Lv       # dets         Sum c^2
0                    1      0.00000000
1                  112      0.87860833
2                 9234      0.07540520
3               268936      0.04261112
4              2021955      0.00284537
5              2133372      0.00051552
6               328892      0.00001416
7                 5614      0.00000030
----------------------------------------
Orbital                        Sum c^2
0                           1.96451602
1                           1.93522784
2                           1.93522784
3                           0.99373006
4                           0.98720407
5                           0.03275707
6                           0.03275707
7                           0.00624493
8                           0.00510620
9                           0.00510620
10                          0.00462708
11                          0.01494410
12                          0.00785007
13                          0.01569764
14                          0.01569764
15                          0.00305363
16                          0.00384844
17                          0.01177336
18                          0.00254054
19                          0.00254054
20                          0.00206223
21                          0.00206223
22                          0.00134352
23                          0.00281106
24                          0.00134391
25                          0.00096400
26                          0.00109142
27                          0.00170298
28                          0.00170298
29                          0.00041829
30                          0.00041829
31                          0.00014429
32                          0.00065212
33                          0.00065212
34                          0.00094922
35                          0.00050624
36                          0.00042151
37                          0.00013357
38                          0.00013357
39                          0.00003608
Sum orbitals c^2: 8.00000000
----------------------------------------
Most important dets:
Excite Lv         Coef      Det (Reordered orb)
1           0.65960777      |  0  1  2  4 |  0  1  2  3 |
1           0.65960777      |  0  1  2  3 |  0  1  2  4 |
1           0.05841877      |  0  1  2 11 |  0  1  2  3 |
1           0.05841877      |  0  1  2  3 |  0  1  2 11 |
2           0.05372631      |  0  2  3  4 |  0  1  2  5 |
2          -0.05372631      |  0  1  3  4 |  0  1  2  6 |
2          -0.05372631      |  0  1  2  6 |  0  1  3  4 |
2           0.05372631      |  0  1  2  5 |  0  2  3  4 |
2          -0.05083236      |  0  1  2  6 |  0  2  3  4 |
2          -0.05083236      |  0  2  3  4 |  0  1  2  6 |
2          -0.05083236      |  0  1  2  5 |  0  1  3  4 |
2          -0.05083236      |  0  1  3  4 |  0  1  2  5 |
2          -0.04454989      |  0  2  4  5 |  0  1  2  3 |
2           0.04454989      |  0  1  4  6 |  0  1  2  3 |
2           0.04454989      |  0  1  2  3 |  0  1  4  6 |
2          -0.04454989      |  0  1  2  3 |  0  2  4  5 |
2           0.04215025      |  0  1  4  5 |  0  1  2  3 |
2           0.04215025      |  0  2  4  6 |  0  1  2  3 |
2           0.04215025      |  0  1  2  3 |  0  1  4  5 |
2           0.04215025      |  0  1  2  3 |  0  2  4  6 |
----------------------------------------
END OF main, eps_var=8.00e-06, variation[11.1/116.6]GB [1.911/5599.656/5608.348]s
Variational results saved to: wf_eps1_8.00e-06.dat
END OF eps_var=8.00e-06, variation[11.1/116.6]GB [0.602/5600.259/5608.950]s

BEG OF eps_var=5.00e-06, variation[11.1/116.6]GB [0.000/0.000/5608.950]s
Try Loading Wavefunction wf_eps1_5.00e-06.dat

BEG OF main, eps_var=5.00e-06, variation[11.1/116.6]GB [0.003/0.000/5608.953]s

BEG OF #1, main, eps_var=5.00e-06, variation[11.1/116.6]GB [0.000/0.000/5608.953]s
20% 40% 60% 80% 100% 
Number of dets / new dets: 6,990,888 / 2,222,772
END OF get next det list [11.8/117.3]GB [10.520/10.520/5619.473]s
END OF update unique ab [11.8/117.3]GB [4.065/14.585/5623.538]s
END OF create abm1 [11.8/117.3]GB [2.164/16.745/5625.698]s
Outer size of a/b singles: 39,433 / 39,433
Full size of absingles: 7,904,724
END OF create absingles [11.9/117.4]GB [3.223/19.964/5628.917]s
orterun: Forwarding signal 12 to job
--------------------------------------------------------------------------
Primary job  terminated normally, but 1 process returned
a non-zero exit code. Per user-direction, the job has been aborted.
--------------------------------------------------------------------------
--------------------------------------------------------------------------
orterun noticed that process rank 0 with PID 0 on node c042n01 exited on signal 12 (User defined signal 2).
--------------------------------------------------------------------------
