Loading openmpi-gcc/openmpi4.1.0-gcc9.3.0
  Loading requirement: gcc/9.3.0
Semistochastic Heat-bath Configuration Interation (SHCI)

Executable: /usr/local/usrapps/quest/shci/shci
Start time: Tue Sep  9 10:10:31 2025
Infrastructure: 1 nodes * 1 threads
Master node: c052n02
Configuration:
{
  "chem": {
    "point_group": "dih"
  },
  "eps_vars": [
    5e-05,
    2e-05,
    1e-05
  ],
  "eps_vars_schedule": [
    0.002,
    0.001,
    0.0005,
    0.0002,
    0.0001
  ],
  "n_dn": 4,
  "n_up": 4,
  "system": "chem"
}
Timing format: [DIFF/SECTION/TOTAL]

BEG OF setup[0.0/76.2]GB [0.000/0.000/0.000]s

BEG OF load integrals, setup[0.0/76.2]GB [0.001/0.000/0.001]s
n_orbs: 40
n_elecs (from FCIDUMP): 8
orb_sym: 1 1 1 1 1 1 1 1 1 1 1 1 1 1 1 1 1 1 1 1 1 1 1 1 1 1 1 1 1 1 1 1 1 1 1 1 1 1 1 1 
END OF load fcidump [0.0/76.2]GB [0.161/0.161/0.162]s
HF det up: 0 1 2 3 
HF det dn: 0 1 2 3 
Orbitals energy:
#  0: E =  -0.510862858411, E_1b =  -1.953572817765, sym =  1, origin #  0
#  1: E =  -0.443050937100, E_1b =  -1.905124048284, sym =  1, origin #  1
#  2: E =  -0.443050937100, E_1b =  -1.905124048284, sym =  1, origin #  2
#  3: E =  -0.299041012024, E_1b =  -1.787405819279, sym =  1, origin #  3
#  4: E =  -0.134630443916, E_1b =  -1.790202057870, sym =  1, origin #  4
#  5: E =   0.040688557245, E_1b =  -1.628208220121, sym =  1, origin #  5
#  6: E =   0.040688557245, E_1b =  -1.628208220121, sym =  1, origin #  6
#  7: E =   0.162888053882, E_1b =  -1.525607069233, sym =  1, origin #  7
#  8: E =   0.641780274159, E_1b =  -1.076161836500, sym =  1, origin #  8
#  9: E =   0.688858752636, E_1b =  -0.969168319084, sym =  1, origin #  9
# 10: E =   0.688858752636, E_1b =  -0.969168319084, sym =  1, origin # 10
# 11: E =   0.703823533204, E_1b =  -0.946533882277, sym =  1, origin # 11
# 12: E =   0.752015415805, E_1b =  -0.981172134461, sym =  1, origin # 12
# 13: E =   0.752015415805, E_1b =  -0.981172134461, sym =  1, origin # 13
# 14: E =   0.766180943368, E_1b =  -0.953188293331, sym =  1, origin # 14
# 15: E =   0.766884944697, E_1b =  -0.875155501410, sym =  1, origin # 15
# 16: E =   1.054280847202, E_1b =  -0.854882681941, sym =  1, origin # 16
# 17: E =   1.221068033745, E_1b =  -0.659566002536, sym =  1, origin # 17
# 18: E =   1.221068033745, E_1b =  -0.659566002536, sym =  1, origin # 18
# 19: E =   1.300151009491, E_1b =  -0.574579897999, sym =  1, origin # 19
# 20: E =   1.333307846237, E_1b =  -0.548788899601, sym =  1, origin # 20
# 21: E =   1.333307846237, E_1b =  -0.548788899601, sym =  1, origin # 21
# 22: E =   1.337890819559, E_1b =  -0.526503690086, sym =  1, origin # 22
# 23: E =   1.349297921171, E_1b =  -0.523732621248, sym =  1, origin # 23
# 24: E =   1.372064394616, E_1b =  -0.490126541017, sym =  1, origin # 24
# 25: E =   1.372064394616, E_1b =  -0.490126541017, sym =  1, origin # 25
# 26: E =   1.385835996118, E_1b =  -0.519788705150, sym =  1, origin # 26
# 27: E =   1.430607416800, E_1b =  -0.412007582418, sym =  1, origin # 27
# 28: E =   1.522686519172, E_1b =  -0.412007582418, sym =  1, origin # 28
# 29: E =   1.587446655067, E_1b =  -0.327578239203, sym =  1, origin # 29
# 30: E =   1.587446655067, E_1b =  -0.327578239203, sym =  1, origin # 30
# 31: E =   1.627907844237, E_1b =  -0.284874793506, sym =  1, origin # 31
# 32: E =   1.795820188345, E_1b =  -0.130852746770, sym =  1, origin # 32
# 33: E =   1.805435770511, E_1b =  -0.119159365085, sym =  1, origin # 33
# 34: E =   1.805435770511, E_1b =  -0.119159365085, sym =  1, origin # 34
# 35: E =   1.820262309663, E_1b =  -0.130767003134, sym =  1, origin # 35
# 36: E =   1.850425755680, E_1b =  -0.070298343201, sym =  1, origin # 36
# 37: E =   2.025107937886, E_1b =   0.073370691664, sym =  1, origin # 37
# 38: E =   2.025107937886, E_1b =   0.073370691664, sym =  1, origin # 38
# 39: E =   2.165544110340, E_1b =   0.212388881467, sym =  1, origin # 39
HF det up: 0 1 2 3 
HF det dn: 0 1 2 3 
END OF reorder orbitals [0.0/76.2]GB [0.008/0.168/0.170]s
FCIDUMP cache saved to: integrals_cache.dat
END OF load integrals, setup[0.0/76.2]GB [0.008/0.176/0.177]s

BEG OF setup hci queue, setup[0.0/76.2]GB [0.000/0.000/0.177]s
Max hci queue elem: 0.1211064671 Ha
Number of entries in hci queue: 430,428
END OF setup hci queue, setup[0.0/76.2]GB [0.186/0.186/0.363]s

BEG OF setup singles_queue, setup[0.0/76.2]GB [0.000/0.000/0.363]s
Max singles_queue elem: 0.3877248810 Ha
Number of entries in singles_queue: 446
END OF setup singles_queue, setup[0.0/76.2]GB [0.009/0.009/0.372]s
HF energy: -9.2472324782 Ha
END OF setup[0.0/76.2]GB [0.001/0.373/0.373]s

BEG OF variation[0.0/76.2]GB [0.000/0.000/0.373]s
Final iteration 0 HF ndets= 1 energy= -9.24723248

BEG OF eps_var=5.00e-05, variation[0.0/76.2]GB [0.000/0.000/0.373]s
Try Loading Wavefunction wf_eps1_5.00e-05.dat
Loaded 737,564 dets from: wf_eps1_5.00e-05.dat
State 0:
----------------------------------------
Excite Lv       # dets         Sum c^2
0                    1      0.23611292
1                   80      0.02738968
2                 6240      0.53570393
3                91178      0.13295709
4               297880      0.05759632
5               246706      0.00862056
6                85038      0.00153413
7                 9784      0.00007221
8                  657      0.00001316
----------------------------------------
Orbital                        Sum c^2
0                           1.80222810
1                           1.69171353
2                           1.69171353
3                           1.03337242
4                           1.03822140
5                           0.25587443
6                           0.25587443
7                           0.14766479
8                           0.00428393
9                           0.00779874
10                          0.00779874
11                          0.00710883
12                          0.01090736
13                          0.01090736
14                          0.01001239
15                          0.01100178
16                          0.00232006
17                          0.00150303
18                          0.00150303
19                          0.00066231
20                          0.00071390
21                          0.00071390
22                          0.00050821
23                          0.00060819
24                          0.00044399
25                          0.00044399
26                          0.00131651
27                          0.00030981
28                          0.00030839
29                          0.00018507
30                          0.00018507
31                          0.00013388
32                          0.00034110
33                          0.00017973
34                          0.00017973
35                          0.00037430
36                          0.00010423
37                          0.00019538
38                          0.00019538
39                          0.00008904
Sum orbitals c^2: 8.00000000
----------------------------------------
Most important dets:
Excite Lv         Coef      Det (Reordered orb)
2           0.49975357      |  0  1  2  4 |  0  1  2  4 |
0           0.48591452      |  0  1  2  3 |  0  1  2  3 |
2          -0.19533229      |  0  2  3  4 |  0  2  3  4 |
2          -0.19533229      |  0  1  3  4 |  0  1  3  4 |
2          -0.15828457      |  0  1  2  6 |  0  1  2  6 |
2          -0.15828457      |  0  1  2  5 |  0  1  2  5 |
2          -0.08508182      |  1  2  3  4 |  1  2  3  4 |
2           0.07964655      |  0  1  2  3 |  0  2  4  5 |
2           0.07964655      |  0  1  2  3 |  0  1  4  6 |
2           0.07964655      |  0  2  4  5 |  0  1  2  3 |
2           0.07964655      |  0  1  4  6 |  0  1  2  3 |
2           0.07871803      |  0  1  3  6 |  0  1  2  4 |
2           0.07871803      |  0  1  2  4 |  0  2  3  5 |
2           0.07871803      |  0  2  3  5 |  0  1  2  4 |
2           0.07871803      |  0  1  2  4 |  0  1  3  6 |
1           0.07490629      |  0  1  3  5 |  0  1  2  3 |
1          -0.07490629      |  0  2  3  6 |  0  1  2  3 |
1           0.07490629      |  0  1  2  3 |  0  1  3  5 |
1          -0.07490629      |  0  1  2  3 |  0  2  3  6 |
3          -0.06377374      |  0  2  4  5 |  1  2  3  4 |
----------------------------------------
HF energy: -9.2472324782 Ha
Variational energy: -9.5300283066 Ha	
END OF eps_var=5.00e-05, variation[0.2/76.4]GB [0.639/0.639/1.012]s

BEG OF eps_var=2.00e-05, variation[0.2/76.4]GB [0.000/0.000/1.012]s
Try Loading Wavefunction wf_eps1_2.00e-05.dat

BEG OF main, eps_var=2.00e-05, variation[0.2/76.4]GB [0.003/0.000/1.014]s

BEG OF #1, main, eps_var=2.00e-05, variation[0.2/76.4]GB [0.002/0.000/1.016]s
20% 40% 60% 80% 100% 
Number of dets / new dets: 1,866,454 / 1,128,890
END OF get next det list [0.5/76.7]GB [3.695/3.695/4.711]s
END OF update unique ab [0.5/76.7]GB [0.799/4.495/5.511]s
END OF create abm1 [0.5/76.7]GB [0.373/4.867/5.883]s
Outer size of a/b singles: 17,349 / 17,349
Full size of absingles: 2,790,444
END OF create absingles [0.6/76.8]GB [0.523/5.389/6.405]s
