Loading openmpi-gcc/openmpi4.1.0-gcc9.3.0
  Loading requirement: gcc/9.3.0
Semistochastic Heat-bath Configuration Interation (SHCI)

Executable: /usr/local/usrapps/quest/shci/shci
Start time: Fri Sep  5 16:16:28 2025
Infrastructure: 1 nodes * 1 threads
Master node: c045n04.hpc.ncsu.edu
Configuration:
{
  "chem": {
    "point_group": "dih"
  },
  "eps_vars": [
    5e-05,
    2e-05,
    1e-05
  ],
  "eps_vars_schedule": [
    0.002,
    0.001,
    0.0005,
    0.0002,
    0.0001
  ],
  "n_dn": 4,
  "n_up": 4,
  "system": "chem"
}
Timing format: [DIFF/SECTION/TOTAL]

BEG OF setup[0.0/63.9]GB [0.000/0.000/0.000]s

BEG OF load integrals, setup[0.0/63.9]GB [0.001/0.000/0.001]s
n_orbs: 40
n_elecs (from FCIDUMP): 8
orb_sym: 1 1 1 1 1 1 1 1 1 1 1 1 1 1 1 1 1 1 1 1 1 1 1 1 1 1 1 1 1 1 1 1 1 1 1 1 1 1 1 1 
END OF load fcidump [0.0/63.9]GB [0.174/0.174/0.175]s
HF det up: 0 1 2 3 
HF det dn: 0 1 2 3 
Orbitals energy:
#  0: E =  -0.595545164481, E_1b =  -2.298042615199, sym =  1, origin #  0
#  1: E =  -0.497046247673, E_1b =  -2.211768959408, sym =  1, origin #  1
#  2: E =  -0.497046247673, E_1b =  -2.211768959408, sym =  1, origin #  2
#  3: E =  -0.302135212382, E_1b =  -2.021708154901, sym =  1, origin #  3
#  4: E =  -0.097877744307, E_1b =  -2.015469821631, sym =  1, origin #  4
#  5: E =   0.130280399469, E_1b =  -1.737905552992, sym =  1, origin #  5
#  6: E =   0.130280399469, E_1b =  -1.737905552992, sym =  1, origin #  6
#  7: E =   0.305897517711, E_1b =  -1.520535643584, sym =  1, origin #  7
#  8: E =   0.604795794639, E_1b =  -1.345073393976, sym =  1, origin #  8
#  9: E =   0.662440812532, E_1b =  -1.156494583671, sym =  1, origin #  9
# 10: E =   0.670051307251, E_1b =  -1.182723869560, sym =  1, origin # 10
# 11: E =   0.670051307251, E_1b =  -1.182723869560, sym =  1, origin # 11
# 12: E =   0.702770405706, E_1b =  -1.152378333517, sym =  1, origin # 12
# 13: E =   0.748170399464, E_1b =  -1.135072045793, sym =  1, origin # 13
# 14: E =   0.748170399464, E_1b =  -1.135072045793, sym =  1, origin # 14
# 15: E =   0.816236939251, E_1b =  -1.066156816597, sym =  1, origin # 15
# 16: E =   1.096534910888, E_1b =  -1.120313709244, sym =  1, origin # 16
# 17: E =   1.207443520697, E_1b =  -0.958630550418, sym =  1, origin # 17
# 18: E =   1.211535200088, E_1b =  -0.941397861157, sym =  1, origin # 18
# 19: E =   1.281630811535, E_1b =  -0.872582807168, sym =  1, origin # 19
# 20: E =   1.281630811535, E_1b =  -0.872582807168, sym =  1, origin # 20
# 21: E =   1.294659729780, E_1b =  -0.880799285888, sym =  1, origin # 21
# 22: E =   1.294659729780, E_1b =  -0.880799285888, sym =  1, origin # 22
# 23: E =   1.324381732876, E_1b =  -0.883282114241, sym =  1, origin # 23
# 24: E =   1.324381732876, E_1b =  -0.883282114241, sym =  1, origin # 24
# 25: E =   1.445199249684, E_1b =  -0.687037966543, sym =  1, origin # 25
# 26: E =   1.473515429345, E_1b =  -0.682661660638, sym =  1, origin # 26
# 27: E =   1.517247390221, E_1b =  -0.687037966543, sym =  1, origin # 27
# 28: E =   1.527993698929, E_1b =  -0.679590055676, sym =  1, origin # 28
# 29: E =   1.725771559924, E_1b =  -0.456044438639, sym =  1, origin # 29
# 30: E =   1.725771559924, E_1b =  -0.456044438639, sym =  1, origin # 30
# 31: E =   1.842249272255, E_1b =  -0.340508662662, sym =  1, origin # 31
# 32: E =   1.983602622603, E_1b =  -0.243319143258, sym =  1, origin # 32
# 33: E =   2.015477223824, E_1b =  -0.242369621412, sym =  1, origin # 33
# 34: E =   2.047943429828, E_1b =  -0.175677781984, sym =  1, origin # 34
# 35: E =   2.047943429828, E_1b =  -0.175677781984, sym =  1, origin # 35
# 36: E =   2.181611887101, E_1b =  -0.041294882888, sym =  1, origin # 36
# 37: E =   2.479333150548, E_1b =   0.239427831002, sym =  1, origin # 37
# 38: E =   2.479333150548, E_1b =   0.239427831002, sym =  1, origin # 38
# 39: E =   2.813784787566, E_1b =   0.581283620830, sym =  1, origin # 39
HF det up: 0 1 2 3 
HF det dn: 0 1 2 3 
END OF reorder orbitals [0.0/63.9]GB [0.011/0.185/0.186]s
FCIDUMP cache saved to: integrals_cache.dat
END OF load integrals, setup[0.0/63.9]GB [0.008/0.193/0.194]s

BEG OF setup hci queue, setup[0.0/63.9]GB [0.000/0.000/0.194]s
Max hci queue elem: 0.1221295864 Ha
Number of entries in hci queue: 415,034
END OF setup hci queue, setup[0.0/63.9]GB [0.271/0.271/0.465]s

BEG OF setup singles_queue, setup[0.0/63.9]GB [0.000/0.000/0.465]s
Max singles_queue elem: 0.2737775610 Ha
Number of entries in singles_queue: 446
END OF setup singles_queue, setup[0.0/63.9]GB [0.014/0.014/0.479]s
HF energy: -10.6350615611 Ha
END OF setup[0.0/63.9]GB [0.001/0.481/0.481]s

BEG OF variation[0.0/63.9]GB [0.000/0.000/0.481]s
Final iteration 0 HF ndets= 1 energy= -10.63506156

BEG OF eps_var=5.00e-05, variation[0.0/63.9]GB [0.000/0.000/0.481]s
Try Loading Wavefunction wf_eps1_5.00e-05.dat
Loaded 673,879 dets from: wf_eps1_5.00e-05.dat
State 0:
----------------------------------------
Excite Lv       # dets         Sum c^2
0                    1      0.36109151
1                   82      0.01215761
2                 6122      0.54799873
3               102646      0.05548428
4               330596      0.02166544
5               186534      0.00145081
6                47551      0.00015025
7                  334      0.00000128
8                   13      0.00000009
----------------------------------------
Orbital                        Sum c^2
0                           1.90949686
1                           1.84270576
2                           1.84270576
3                           1.03565666
4                           1.03308084
5                           0.10212109
6                           0.10212109
7                           0.04381221
8                           0.00508070
9                           0.00756981
10                          0.00478978
11                          0.00478978
12                          0.00679739
13                          0.01131259
14                          0.01131259
15                          0.01155390
16                          0.00440649
17                          0.00154282
18                          0.00130997
19                          0.00112772
20                          0.00112772
21                          0.00177000
22                          0.00177000
23                          0.00242523
24                          0.00242523
25                          0.00069606
26                          0.00096311
27                          0.00069719
28                          0.00139833
29                          0.00032444
30                          0.00032444
31                          0.00020765
32                          0.00067738
33                          0.00059693
34                          0.00031466
35                          0.00031466
36                          0.00019962
37                          0.00019877
38                          0.00019877
39                          0.00007597
Sum orbitals c^2: 8.00000000
----------------------------------------
Most important dets:
Excite Lv         Coef      Det (Reordered orb)
2           0.60679191      |  0  1  2  4 |  0  1  2  4 |
0           0.60090890      |  0  1  2  3 |  0  1  2  3 |
2          -0.17574918      |  0  1  3  4 |  0  1  3  4 |
2          -0.17574918      |  0  2  3  4 |  0  2  3  4 |
2          -0.12673916      |  0  1  2  6 |  0  1  2  6 |
2          -0.12673916      |  0  1  2  5 |  0  1  2  5 |
2          -0.08119312      |  1  2  3  4 |  1  2  3  4 |
1          -0.04822661      |  0  1  2  3 |  0  1  3  5 |
1          -0.04822661      |  0  1  3  5 |  0  1  2  3 |
1          -0.04822661      |  0  2  3  6 |  0  1  2  3 |
1          -0.04822661      |  0  1  2  3 |  0  2  3  6 |
3           0.04646480      |  0  2  4  6 |  1  2  3  4 |
3           0.04646480      |  1  2  3  4 |  0  2  4  6 |
3          -0.04646480      |  0  1  4  5 |  1  2  3  4 |
3          -0.04646480      |  1  2  3  4 |  0  1  4  5 |
2          -0.04606926      |  0  1  4  6 |  0  1  2  3 |
2          -0.04606926      |  0  1  2  3 |  0  1  4  6 |
2           0.04606926      |  0  2  4  5 |  0  1  2  3 |
2           0.04606926      |  0  1  2  3 |  0  2  4  5 |
2          -0.04584623      |  1  2  3  4 |  0  1  3  6 |
----------------------------------------
HF energy: -10.6350615611 Ha
Variational energy: -10.8546951305 Ha
END OF eps_var=5.00e-05, variation[0.2/64.1]GB [0.689/0.689/1.170]s

BEG OF eps_var=2.00e-05, variation[0.2/64.1]GB [0.000/0.000/1.170]s
Try Loading Wavefunction wf_eps1_2.00e-05.dat
Loaded 1,810,480 dets from: wf_eps1_2.00e-05.dat
State 0:
----------------------------------------
Excite Lv       # dets         Sum c^2
0                    1      0.35989571
1                   98      0.01219319
2                 7442      0.54804508
3               160464      0.05596562
4               804085      0.02212401
5               624098      0.00158523
6               206864      0.00018670
7                 7200      0.00000421
8                  228      0.00000026
----------------------------------------
Orbital                        Sum c^2
0                           1.90855854
1                           1.84162343
2                           1.84162343
3                           1.03444049
4                           1.03379366
5                           0.10281942
6                           0.10281942
7                           0.04426146
8                           0.00519039
9                           0.00772822
10                          0.00493439
11                          0.00493439
12                          0.00692519
13                          0.01148309
14                          0.01148309
15                          0.01172366
16                          0.00448866
17                          0.00158077
18                          0.00132732
19                          0.00114331
20                          0.00114331
21                          0.00181708
22                          0.00181708
23                          0.00248029
24                          0.00248029
25                          0.00070721
26                          0.00099031
27                          0.00070759
28                          0.00143386
29                          0.00033240
30                          0.00033240
31                          0.00021190
32                          0.00069814
33                          0.00061632
34                          0.00032599
35                          0.00032599
36                          0.00020686
37                          0.00020591
38                          0.00020591
39                          0.00007884
Sum orbitals c^2: 8.00000000
----------------------------------------
Most important dets:
Excite Lv         Coef      Det (Reordered orb)
2           0.60655268      |  0  1  2  4 |  0  1  2  4 |
0           0.59991309      |  0  1  2  3 |  0  1  2  3 |
2          -0.17570618      |  0  1  3  4 |  0  1  3  4 |
2          -0.17570618      |  0  2  3  4 |  0  2  3  4 |
2          -0.12678804      |  0  1  2  5 |  0  1  2  5 |
2          -0.12678804      |  0  1  2  6 |  0  1  2  6 |
2          -0.08118957      |  1  2  3  4 |  1  2  3  4 |
1          -0.04825573      |  0  1  3  5 |  0  1  2  3 |
1          -0.04825573      |  0  1  2  3 |  0  1  3  5 |
1          -0.04825573      |  0  2  3  6 |  0  1  2  3 |
1          -0.04825573      |  0  1  2  3 |  0  2  3  6 |
3          -0.04650624      |  0  1  4  5 |  1  2  3  4 |
3          -0.04650624      |  1  2  3  4 |  0  1  4  5 |
3           0.04650624      |  0  2  4  6 |  1  2  3  4 |
3           0.04650624      |  1  2  3  4 |  0  2  4  6 |
2          -0.04612786      |  0  1  4  6 |  0  1  2  3 |
2          -0.04612786      |  0  1  2  3 |  0  1  4  6 |
2           0.04612786      |  0  2  4  5 |  0  1  2  3 |
2           0.04612786      |  0  1  2  3 |  0  2  4  5 |
2          -0.04585941      |  0  1  3  6 |  1  2  3  4 |
----------------------------------------
HF energy: -10.6350615611 Ha
Variational energy: -10.8555378686 Ha
END OF eps_var=2.00e-05, variation[0.5/64.4]GB [1.624/1.624/2.794]s

BEG OF eps_var=1.00e-05, variation[0.5/64.4]GB [0.000/0.000/2.794]s
Try Loading Wavefunction wf_eps1_1.00e-05.dat
Loaded 3,509,839 dets from: wf_eps1_1.00e-05.dat
State 0:
----------------------------------------
Excite Lv       # dets         Sum c^2
0                    1      0.35962407
1                  110      0.01220957
2                 8402      0.54794132
3               199848      0.05611434
4              1370962      0.02226600
5              1357680      0.00163621
6               536070      0.00020235
7                35392      0.00000580
8                 1374      0.00000034
----------------------------------------
Orbital                        Sum c^2
0                           1.90822607
1                           1.84122764
2                           1.84122764
3                           1.03438095
4                           1.03374676
5                           0.10305824
6                           0.10305824
7                           0.04441068
8                           0.00522814
9                           0.00778059
10                          0.00498403
11                          0.00498403
12                          0.00696930
13                          0.01154096
14                          0.01154096
15                          0.01178105
16                          0.00451629
17                          0.00159360
18                          0.00133294
19                          0.00114863
20                          0.00114863
21                          0.00183269
22                          0.00183269
23                          0.00249935
24                          0.00249935
25                          0.00071106
26                          0.00099960
27                          0.00071149
28                          0.00144654
29                          0.00033550
30                          0.00033550
31                          0.00021359
32                          0.00070501
33                          0.00062298
34                          0.00033057
35                          0.00033057
36                          0.00021003
37                          0.00020905
38                          0.00020905
39                          0.00008000
Sum orbitals c^2: 8.00000000
----------------------------------------
Most important dets:
Excite Lv         Coef      Det (Reordered orb)
2           0.60634193      |  0  1  2  4 |  0  1  2  4 |
0           0.59968664      |  0  1  2  3 |  0  1  2  3 |
2          -0.17572498      |  0  1  3  4 |  0  1  3  4 |
2          -0.17572498      |  0  2  3  4 |  0  2  3  4 |
2          -0.12681983      |  0  1  2  6 |  0  1  2  6 |
2          -0.12681983      |  0  1  2  5 |  0  1  2  5 |
2          -0.08120841      |  1  2  3  4 |  1  2  3  4 |
1          -0.04827649      |  0  1  3  5 |  0  1  2  3 |
1          -0.04827649      |  0  1  2  3 |  0  1  3  5 |
1          -0.04827649      |  0  1  2  3 |  0  2  3  6 |
1          -0.04827649      |  0  2  3  6 |  0  1  2  3 |
3          -0.04652508      |  1  2  3  4 |  0  1  4  5 |
3          -0.04652508      |  0  1  4  5 |  1  2  3  4 |
3           0.04652508      |  0  2  4  6 |  1  2  3  4 |
3           0.04652508      |  1  2  3  4 |  0  2  4  6 |
2          -0.04616080      |  0  1  4  6 |  0  1  2  3 |
2          -0.04616080      |  0  1  2  3 |  0  1  4  6 |
2           0.04616080      |  0  1  2  3 |  0  2  4  5 |
2           0.04616080      |  0  2  4  5 |  0  1  2  3 |
2          -0.04587748      |  0  1  3  6 |  1  2  3  4 |
----------------------------------------
HF energy: -10.6350615611 Ha
Variational energy: -10.8557952925 Ha
END OF eps_var=1.00e-05, variation[0.9/64.8]GB [2.871/2.871/5.665]s
END OF variation[0.9/64.8]GB [0.000/5.185/5.666]s

BEG OF post variation[0.9/64.8]GB [0.000/0.000/5.666]s
END OF post variation[0.9/64.8]GB [0.000/0.000/5.666]s

BEG OF perturbation[0.9/64.8]GB [0.000/0.000/5.666]s

BEG OF eps_var=5.00e-05, perturbation[0.9/64.8]GB [0.000/0.000/5.666]s
Total energy: -10.8559328132 +- 0.0000025534 (state 0, loaded from result file)
END OF eps_var=5.00e-05, perturbation[0.9/64.8]GB [0.000/0.000/5.666]s

BEG OF eps_var=2.00e-05, perturbation[0.9/64.8]GB [0.000/0.000/5.666]s
Total energy: -10.8560029224 +- 0.0000006845 (state 0, loaded from result file)
END OF eps_var=2.00e-05, perturbation[0.9/64.8]GB [0.000/0.000/5.666]s

BEG OF eps_var=1.00e-05, perturbation[0.9/64.8]GB [0.000/0.000/5.666]s
Try Loading Wavefunction wf_eps1_1.00e-05.dat
Loaded 3,509,839 dets from: wf_eps1_1.00e-05.dat
State 0:
----------------------------------------
Excite Lv       # dets         Sum c^2
0                    1      0.35962407
1                  110      0.01220957
2                 8402      0.54794132
3               199848      0.05611434
4              1370962      0.02226600
5              1357680      0.00163621
6               536070      0.00020235
7                35392      0.00000580
8                 1374      0.00000034
----------------------------------------
Orbital                        Sum c^2
0                           1.90822607
1                           1.84122764
2                           1.84122764
3                           1.03438095
4                           1.03374676
5                           0.10305824
6                           0.10305824
7                           0.04441068
8                           0.00522814
9                           0.00778059
10                          0.00498403
11                          0.00498403
12                          0.00696930
13                          0.01154096
14                          0.01154096
15                          0.01178105
16                          0.00451629
17                          0.00159360
18                          0.00133294
19                          0.00114863
20                          0.00114863
21                          0.00183269
22                          0.00183269
23                          0.00249935
24                          0.00249935
25                          0.00071106
26                          0.00099960
27                          0.00071149
28                          0.00144654
29                          0.00033550
30                          0.00033550
31                          0.00021359
32                          0.00070501
33                          0.00062298
34                          0.00033057
35                          0.00033057
36                          0.00021003
37                          0.00020905
38                          0.00020905
39                          0.00008000
Sum orbitals c^2: 8.00000000
----------------------------------------
Most important dets:
Excite Lv         Coef      Det (Reordered orb)
2           0.60634193      |  0  1  2  4 |  0  1  2  4 |
0           0.59968664      |  0  1  2  3 |  0  1  2  3 |
2          -0.17572498      |  0  1  3  4 |  0  1  3  4 |
2          -0.17572498      |  0  2  3  4 |  0  2  3  4 |
2          -0.12681983      |  0  1  2  6 |  0  1  2  6 |
2          -0.12681983      |  0  1  2  5 |  0  1  2  5 |
2          -0.08120841      |  1  2  3  4 |  1  2  3  4 |
1          -0.04827649      |  0  1  3  5 |  0  1  2  3 |
1          -0.04827649      |  0  1  2  3 |  0  1  3  5 |
1          -0.04827649      |  0  1  2  3 |  0  2  3  6 |
1          -0.04827649      |  0  2  3  6 |  0  1  2  3 |
3          -0.04652508      |  1  2  3  4 |  0  1  4  5 |
3          -0.04652508      |  0  1  4  5 |  1  2  3  4 |
3           0.04652508      |  0  2  4  6 |  1  2  3  4 |
3           0.04652508      |  1  2  3  4 |  0  2  4  6 |
2          -0.04616080      |  0  1  4  6 |  0  1  2  3 |
2          -0.04616080      |  0  1  2  3 |  0  1  4  6 |
2           0.04616080      |  0  1  2  3 |  0  2  4  5 |
2           0.04616080      |  0  2  4  5 |  0  1  2  3 |
2          -0.04587748      |  0  1  3  6 |  1  2  3  4 |
----------------------------------------
HF energy: -10.6350615611 Ha
Variational energy: -10.8557952925 Ha
Memory total: 197.2GB
Helper size: 0.0GB
Bytes per det: 32
Memory var: 0.4GB
Memory PT limit: 137.7GB

BEG OF dtm 2.00e-06 (state 0), eps_var=1.00e-05, perturbation[1.0/64.9]GB [2.991/0.000/8.658]s
Number of dtm batches: 1
END OF determine number of dtm batches [1.0/64.9]GB [0.293/0.293/8.950]s

BEG OF #1/1, dtm 2.00e-06 (state 0), eps_var=1.00e-05, perturbation[1.0/64.9]GB [0.000/0.000/8.950]s
20% 40% 60% 80% 100% 
Number of dtm pt dets: 11,200,072
END OF create hc sums [2.3/66.2]GB [57.926/57.926/66.876]s
PT dtm batch correction: -0.0001109213 Ha
PT dtm correction (eps1= 1.00e-05, eps_pt_dtm= 2.00e-06): -0.0001109213 +- 0.0000000000 Ha
PT dtm total energy (eps1= 1.00e-05, eps_pt_dtm= 2.00e-06): -10.8559062138 +- 0.0000000000 Ha
Correlation energy (eps1= 1.00e-05, eps_pt_dtm= 2.00e-06): -0.2208446527 +- 0.0000000000 Ha
END OF #1/1, dtm 2.00e-06 (state 0), eps_var=1.00e-05, perturbation[2.3/66.2]GB [11.024/68.950/77.900]s
END OF dtm 2.00e-06 (state 0), eps_var=1.00e-05, perturbation[2.3/66.2]GB [0.000/69.243/77.900]s

BEG OF psto 1.00e-07 (state 0), eps_var=1.00e-05, perturbation[0.9/64.8]GB [0.008/0.000/77.908]s
Number of psto batches: 16
END OF determine number of psto batches [0.9/64.8]GB [6.258/6.258/84.166]s

BEG OF #1/16, psto 1.00e-07 (state 0), eps_var=1.00e-05, perturbation[0.9/64.8]GB [0.002/0.000/84.167]s
20% 40% 60% 80% 100% 
Number of psto pt dets: 8,759,161
END OF create hc sums [1.6/65.5]GB [229.301/229.301/313.468]s
PT psto batch correction: -0.0000069862 Ha
PT psto correction (eps1= 1.00e-05, eps_pt_psto= 1.00e-07): -0.0001117790 +- 0.0000003736 Ha
PT psto total energy (eps1= 1.00e-05, eps_pt_psto= 1.00e-07): -10.8560179928 +- 0.0000003736 Ha
Correlation energy (eps1= 1.00e-05, eps_pt_psto= 1.00e-07): -0.2209564317 +- 0.0000003736 Ha
END OF #1/16, psto 1.00e-07 (state 0), eps_var=1.00e-05, perturbation[1.6/65.5]GB [10.215/239.515/323.682]s
END OF psto 1.00e-07 (state 0), eps_var=1.00e-05, perturbation[1.6/65.5]GB [0.000/245.774/323.682]s

BEG OF sto 1.00e-08 (state 0), eps_var=1.00e-05, perturbation[0.8/64.7]GB [0.043/0.000/323.726]s

random_seed= 347634253
Number of unique var dets in sample target: 438,730
Number of dets chosen: 887,329
END OF determine n samples [0.8/64.7]GB [1.615/1.615/325.341]s
Number of deterministic var dets: 109,681

BEG OF #1, sto 1.00e-08 (state 0), eps_var=1.00e-05, perturbation[0.8/64.7]GB [0.157/0.000/325.468]s
Number of unique variational determinants in sample: 713,062
Batch id: 29 / 64
20% 40% 60% 80% 100% 
Number of sto pt dets: 3,378,529
END OF create hc sums [1.4/65.3]GB [164.055/164.055/489.522]s
PT sto loop correction: -0.0000017258 Ha
PT sto correction (eps1= 1.00e-05, eps_pt= 1.00e-08): -0.0000017258 +- -nan Ha
PT sto total energy (eps1= 1.00e-05, eps_pt= 1.00e-08): -10.8560197186 +- -nan Ha
Correlation energy (eps1= 1.00e-05, eps_pt= 1.00e-08): -0.2209581575 +- -nan Ha
END OF #1, sto 1.00e-08 (state 0), eps_var=1.00e-05, perturbation[1.4/65.3]GB [4.242/168.257/493.724]s

BEG OF #2, sto 1.00e-08 (state 0), eps_var=1.00e-05, perturbation[1.4/65.3]GB [0.000/0.000/493.724]s
Number of unique variational determinants in sample: 713,469
Batch id: 41 / 64
20% 40% 60% 80% 100% 
Number of sto pt dets: 3,382,439
END OF create hc sums [1.4/65.3]GB [162.266/162.266/655.990]s
PT sto loop correction: -0.0000015137 Ha
PT sto correction (eps1= 1.00e-05, eps_pt= 1.00e-08): -0.0000016198 +- 0.0000001061 Ha
PT sto total energy (eps1= 1.00e-05, eps_pt= 1.00e-08): -10.8560196126 +- 0.0000003883 Ha
Correlation energy (eps1= 1.00e-05, eps_pt= 1.00e-08): -0.2209580514 +- 0.0000003883 Ha
END OF #2, sto 1.00e-08 (state 0), eps_var=1.00e-05, perturbation[1.4/65.3]GB [4.191/166.433/660.158]s

BEG OF #3, sto 1.00e-08 (state 0), eps_var=1.00e-05, perturbation[1.4/65.3]GB [0.000/0.000/660.158]s
Number of unique variational determinants in sample: 712,530
Batch id: 32 / 64
20% 40% 60% 80% 100% 
Number of sto pt dets: 3,379,503
END OF create hc sums [1.5/65.4]GB [162.279/162.279/822.437]s
PT sto loop correction: -0.0000019855 Ha
PT sto correction (eps1= 1.00e-05, eps_pt= 1.00e-08): -0.0000017417 +- 0.0000001364 Ha
PT sto total energy (eps1= 1.00e-05, eps_pt= 1.00e-08): -10.8560197345 +- 0.0000003977 Ha
Correlation energy (eps1= 1.00e-05, eps_pt= 1.00e-08): -0.2209581733 +- 0.0000003977 Ha
END OF #3, sto 1.00e-08 (state 0), eps_var=1.00e-05, perturbation[1.5/65.4]GB [4.181/166.436/826.593]s

BEG OF #4, sto 1.00e-08 (state 0), eps_var=1.00e-05, perturbation[1.5/65.4]GB [0.000/0.000/826.593]s
Number of unique variational determinants in sample: 712,970
Batch id: 42 / 64
20% 40% 60% 80% 100% 
Number of sto pt dets: 3,379,259
END OF create hc sums [1.7/65.6]GB [162.688/162.688/989.282]s
PT sto loop correction: -0.0000017117 Ha
PT sto correction (eps1= 1.00e-05, eps_pt= 1.00e-08): -0.0000017342 +- 0.0000000968 Ha
PT sto total energy (eps1= 1.00e-05, eps_pt= 1.00e-08): -10.8560197270 +- 0.0000003859 Ha
Correlation energy (eps1= 1.00e-05, eps_pt= 1.00e-08): -0.2209581658 +- 0.0000003859 Ha
END OF #4, sto 1.00e-08 (state 0), eps_var=1.00e-05, perturbation[1.7/65.6]GB [4.156/166.823/993.416]s

BEG OF #5, sto 1.00e-08 (state 0), eps_var=1.00e-05, perturbation[1.7/65.6]GB [0.000/0.000/993.416]s
Number of unique variational determinants in sample: 713,043
Batch id: 60 / 64
20% 40% 60% 80% 100% 
Number of sto pt dets: 3,379,623
END OF create hc sums [1.8/65.7]GB [165.739/165.739/1159.155]s
PT sto loop correction: -0.0000018351 Ha
PT sto correction (eps1= 1.00e-05, eps_pt= 1.00e-08): -0.0000017544 +- 0.0000000776 Ha
PT sto total energy (eps1= 1.00e-05, eps_pt= 1.00e-08): -10.8560197471 +- 0.0000003815 Ha
Correlation energy (eps1= 1.00e-05, eps_pt= 1.00e-08): -0.2209581860 +- 0.0000003815 Ha
END OF #5, sto 1.00e-08 (state 0), eps_var=1.00e-05, perturbation[1.8/65.7]GB [4.377/170.092/1163.508]s

BEG OF #6, sto 1.00e-08 (state 0), eps_var=1.00e-05, perturbation[1.8/65.7]GB [0.000/0.000/1163.508]s
Number of unique variational determinants in sample: 713,210
Batch id: 27 / 64
20% 40% 60% 80% 100% 
Number of sto pt dets: 3,382,274
END OF create hc sums [2.0/65.9]GB [170.701/170.701/1334.209]s
PT sto loop correction: -0.0000014988 Ha
PT sto correction (eps1= 1.00e-05, eps_pt= 1.00e-08): -0.0000017118 +- 0.0000000764 Ha
PT sto total energy (eps1= 1.00e-05, eps_pt= 1.00e-08): -10.8560197046 +- 0.0000003813 Ha
Correlation energy (eps1= 1.00e-05, eps_pt= 1.00e-08): -0.2209581434 +- 0.0000003813 Ha
END OF #6, sto 1.00e-08 (state 0), eps_var=1.00e-05, perturbation[2.0/65.9]GB [4.216/174.895/1338.403]s
END OF sto 1.00e-08 (state 0), eps_var=1.00e-05, perturbation[2.0/65.9]GB [0.000/1014.677/1338.403]s
Total energy: -10.8560197046 +- 0.0000003813 Ha (state 0)
END OF eps_var=1.00e-05, perturbation[1.4/65.3]GB [0.010/1332.747/1338.413]s
END OF perturbation[1.4/65.3]GB [0.000/1332.747/1338.413]s

