Loading openmpi-gcc/openmpi4.1.0-gcc9.3.0
  Loading requirement: gcc/9.3.0
Semistochastic Heat-bath Configuration Interation (SHCI)

Executable: /usr/local/usrapps/quest/shci/shci
Start time: Tue Sep  9 10:31:19 2025
Infrastructure: 1 nodes * 1 threads
Master node: c052n02
Configuration:
{
  "chem": {
    "point_group": "dih"
  },
  "eps_vars": [
    5e-05,
    2e-05,
    1e-05,
    8e-06,
    5e-06
  ],
  "eps_vars_schedule": [
    0.002,
    0.001,
    0.0005,
    0.0002,
    0.0001
  ],
  "n_dn": 4,
  "n_up": 4,
  "system": "chem"
}
Timing format: [DIFF/SECTION/TOTAL]

BEG OF setup[0.0/78.2]GB [0.000/0.000/0.000]s

BEG OF load integrals, setup[0.0/78.2]GB [0.001/0.000/0.001]s
n_orbs: 40
n_elecs (from FCIDUMP): 8
orb_sym: 1 1 1 1 1 1 1 1 1 1 1 1 1 1 1 1 1 1 1 1 1 1 1 1 1 1 1 1 1 1 1 1 1 1 1 1 1 1 1 1 
END OF load fcidump [0.0/78.2]GB [0.166/0.166/0.168]s
HF det up: 0 1 2 3 
HF det dn: 0 1 2 3 
Orbitals energy:
#  0: E =  -0.595545164481, E_1b =  -2.298042615199, sym =  1, origin #  0
#  1: E =  -0.497046247673, E_1b =  -2.211768959408, sym =  1, origin #  1
#  2: E =  -0.497046247673, E_1b =  -2.211768959408, sym =  1, origin #  2
#  3: E =  -0.302135212382, E_1b =  -2.021708154901, sym =  1, origin #  3
#  4: E =  -0.097877744307, E_1b =  -2.015469821631, sym =  1, origin #  4
#  5: E =   0.130280399469, E_1b =  -1.737905552992, sym =  1, origin #  5
#  6: E =   0.130280399469, E_1b =  -1.737905552992, sym =  1, origin #  6
#  7: E =   0.305897517711, E_1b =  -1.520535643584, sym =  1, origin #  7
#  8: E =   0.604795794639, E_1b =  -1.345073393976, sym =  1, origin #  8
#  9: E =   0.662440812532, E_1b =  -1.156494583671, sym =  1, origin #  9
# 10: E =   0.670051307251, E_1b =  -1.182723869560, sym =  1, origin # 10
# 11: E =   0.670051307251, E_1b =  -1.182723869560, sym =  1, origin # 11
# 12: E =   0.702770405706, E_1b =  -1.152378333517, sym =  1, origin # 12
# 13: E =   0.748170399464, E_1b =  -1.135072045793, sym =  1, origin # 13
# 14: E =   0.748170399464, E_1b =  -1.135072045793, sym =  1, origin # 14
# 15: E =   0.816236939251, E_1b =  -1.066156816597, sym =  1, origin # 15
# 16: E =   1.096534910888, E_1b =  -1.120313709244, sym =  1, origin # 16
# 17: E =   1.207443520697, E_1b =  -0.958630550418, sym =  1, origin # 17
# 18: E =   1.211535200088, E_1b =  -0.941397861157, sym =  1, origin # 18
# 19: E =   1.281630811535, E_1b =  -0.872582807168, sym =  1, origin # 19
# 20: E =   1.281630811535, E_1b =  -0.872582807168, sym =  1, origin # 20
# 21: E =   1.294659729780, E_1b =  -0.880799285888, sym =  1, origin # 21
# 22: E =   1.294659729780, E_1b =  -0.880799285888, sym =  1, origin # 22
# 23: E =   1.324381732876, E_1b =  -0.883282114241, sym =  1, origin # 23
# 24: E =   1.324381732876, E_1b =  -0.883282114241, sym =  1, origin # 24
# 25: E =   1.445199249684, E_1b =  -0.687037966543, sym =  1, origin # 25
# 26: E =   1.473515429345, E_1b =  -0.682661660638, sym =  1, origin # 26
# 27: E =   1.517247390221, E_1b =  -0.687037966543, sym =  1, origin # 27
# 28: E =   1.527993698929, E_1b =  -0.679590055676, sym =  1, origin # 28
# 29: E =   1.725771559924, E_1b =  -0.456044438639, sym =  1, origin # 29
# 30: E =   1.725771559924, E_1b =  -0.456044438639, sym =  1, origin # 30
# 31: E =   1.842249272255, E_1b =  -0.340508662662, sym =  1, origin # 31
# 32: E =   1.983602622603, E_1b =  -0.243319143258, sym =  1, origin # 32
# 33: E =   2.015477223824, E_1b =  -0.242369621412, sym =  1, origin # 33
# 34: E =   2.047943429828, E_1b =  -0.175677781984, sym =  1, origin # 34
# 35: E =   2.047943429828, E_1b =  -0.175677781984, sym =  1, origin # 35
# 36: E =   2.181611887101, E_1b =  -0.041294882888, sym =  1, origin # 36
# 37: E =   2.479333150548, E_1b =   0.239427831002, sym =  1, origin # 37
# 38: E =   2.479333150548, E_1b =   0.239427831002, sym =  1, origin # 38
# 39: E =   2.813784787566, E_1b =   0.581283620830, sym =  1, origin # 39
HF det up: 0 1 2 3 
HF det dn: 0 1 2 3 
END OF reorder orbitals [0.0/78.2]GB [0.007/0.174/0.175]s
FCIDUMP cache saved to: integrals_cache.dat
END OF load integrals, setup[0.0/78.2]GB [0.007/0.181/0.182]s

BEG OF setup hci queue, setup[0.0/78.2]GB [0.000/0.000/0.182]s
Max hci queue elem: 0.1221295864 Ha
Number of entries in hci queue: 415,034
END OF setup hci queue, setup[18446744073.5/78.0]GB [0.188/0.188/0.370]s

BEG OF setup singles_queue, setup[18446744073.5/78.0]GB [0.000/0.000/0.370]s
Max singles_queue elem: 0.2737775610 Ha
Number of entries in singles_queue: 446
END OF setup singles_queue, setup[18446744073.5/78.0]GB [0.010/0.010/0.379]s
HF energy: -10.6350615611 Ha
END OF setup[18446744073.5/78.0]GB [0.001/0.380/0.380]s

BEG OF variation[18446744073.5/78.0]GB [0.000/0.000/0.380]s
Final iteration 0 HF ndets= 1 energy= -10.63506156

BEG OF eps_var=5.00e-05, variation[18446744073.5/78.0]GB [0.000/0.000/0.381]s
Try Loading Wavefunction wf_eps1_5.00e-05.dat
Loaded 673,879 dets from: wf_eps1_5.00e-05.dat
State 0:
----------------------------------------
Excite Lv       # dets         Sum c^2
0                    1      0.36109151
1                   82      0.01215761
2                 6122      0.54799873
3               102646      0.05548428
4               330596      0.02166544
5               186534      0.00145081
6                47551      0.00015025
7                  334      0.00000128
8                   13      0.00000009
----------------------------------------
Orbital                        Sum c^2
0                           1.90949686
1                           1.84270576
2                           1.84270576
3                           1.03565666
4                           1.03308084
5                           0.10212109
6                           0.10212109
7                           0.04381221
8                           0.00508070
9                           0.00756981
10                          0.00478978
11                          0.00478978
12                          0.00679739
13                          0.01131259
14                          0.01131259
15                          0.01155390
16                          0.00440649
17                          0.00154282
18                          0.00130997
19                          0.00112772
20                          0.00112772
21                          0.00177000
22                          0.00177000
23                          0.00242523
24                          0.00242523
25                          0.00069606
26                          0.00096311
27                          0.00069719
28                          0.00139833
29                          0.00032444
30                          0.00032444
31                          0.00020765
32                          0.00067738
33                          0.00059693
34                          0.00031466
35                          0.00031466
36                          0.00019962
37                          0.00019877
38                          0.00019877
39                          0.00007597
Sum orbitals c^2: 8.00000000
----------------------------------------
Most important dets:
Excite Lv         Coef      Det (Reordered orb)
2           0.60679191      |  0  1  2  4 |  0  1  2  4 |
0           0.60090890      |  0  1  2  3 |  0  1  2  3 |
2          -0.17574918      |  0  1  3  4 |  0  1  3  4 |
2          -0.17574918      |  0  2  3  4 |  0  2  3  4 |
2          -0.12673916      |  0  1  2  6 |  0  1  2  6 |
2          -0.12673916      |  0  1  2  5 |  0  1  2  5 |
2          -0.08119312      |  1  2  3  4 |  1  2  3  4 |
1          -0.04822661      |  0  1  2  3 |  0  1  3  5 |
1          -0.04822661      |  0  1  3  5 |  0  1  2  3 |
1          -0.04822661      |  0  2  3  6 |  0  1  2  3 |
1          -0.04822661      |  0  1  2  3 |  0  2  3  6 |
3           0.04646480      |  0  2  4  6 |  1  2  3  4 |
3           0.04646480      |  1  2  3  4 |  0  2  4  6 |
3          -0.04646480      |  0  1  4  5 |  1  2  3  4 |
3          -0.04646480      |  1  2  3  4 |  0  1  4  5 |
2          -0.04606926      |  0  1  4  6 |  0  1  2  3 |
2          -0.04606926      |  0  1  2  3 |  0  1  4  6 |
2           0.04606926      |  0  2  4  5 |  0  1  2  3 |
2           0.04606926      |  0  1  2  3 |  0  2  4  5 |
2          -0.04584623      |  1  2  3  4 |  0  1  3  6 |
----------------------------------------
HF energy: -10.6350615611 Ha
Variational energy: -10.8546951305 Ha	
END OF eps_var=5.00e-05, variation[0.0/78.2]GB [0.591/0.591/0.971]s

BEG OF eps_var=2.00e-05, variation[0.0/78.2]GB [0.000/0.000/0.971]s
Try Loading Wavefunction wf_eps1_2.00e-05.dat

BEG OF main, eps_var=2.00e-05, variation[0.0/78.2]GB [0.002/0.000/0.974]s

BEG OF #1, main, eps_var=2.00e-05, variation[0.0/78.2]GB [0.001/0.000/0.974]s
20% 40% 60% 80% 100% 
Number of dets / new dets: 1,789,753 / 1,115,874
END OF get next det list [0.3/78.5]GB [3.238/3.238/4.212]s
END OF update unique ab [0.4/78.5]GB [1.081/4.318/5.292]s
END OF create abm1 [0.4/78.5]GB [0.515/4.832/5.806]s
Outer size of a/b singles: 19,651 / 19,651
Full size of absingles: 3,254,716
END OF create absingles [0.4/78.6]GB [0.736/5.567/6.541]s
10% 20% 30% 40% 50% 60% 70% 80% 90% 100% 
Number of nonzero elems: 1,448,406,857
END OF generate sparse hamiltonian [16.7/94.9]GB [707.639/713.205/714.179]s
Davidson #0:  -10.8546951305
Davidson #1:  -10.8555116056
Davidson #2:  -10.8555298392
Davidson #3:  -10.8555313127
Davidson #4:  -10.8555316065
Davidson #5:  -10.8555316615
Davidson #6:  -10.8555316862
Davidson #7:  -10.8555316945
Davidson #8:  -10.8555316967
END OF diagonalize sparse hamiltonian [16.9/95.1]GB [181.132/894.336/895.311]s
Iteration 1 eps1= 2.00e-05 ndets= 1,789,753 energy= -10.85553170
END OF #1, main, eps_var=2.00e-05, variation[16.9/95.1]GB [0.000/894.336/895.311]s

BEG OF #2, main, eps_var=2.00e-05, variation[16.9/95.1]GB [0.008/0.000/895.319]s
20% 40% 60% 80% 100% 
Number of dets / new dets: 1,810,208 / 20,455
END OF get next det list [16.9/95.1]GB [1.160/1.160/896.478]s
END OF update unique ab [16.9/95.1]GB [0.181/1.341/896.659]s
END OF create abm1 [16.9/95.1]GB [0.022/1.361/896.680]s
Outer size of a/b singles: 19,759 / 19,759
Full size of absingles: 2,147,532
END OF create absingles [16.9/95.1]GB [0.209/1.568/896.887]s
10% 20% 30% 40% 50% 60% 70% 80% 90% 100% 
Number of nonzero elems: 1,469,148,846
END OF generate sparse hamiltonian [17.1/95.3]GB [54.618/56.184/951.503]s
Davidson #0:  -10.8555316967
Davidson #1:  -10.8555377395
Davidson #2:  -10.8555377833
Davidson #3:  -10.8555377848
Davidson #4:  -10.8555377852
Davidson #5:  -10.8555377854
Davidson #6:  -10.8555377858
Davidson #7:  -10.8555377861
Davidson #8:  -10.8555377862
END OF diagonalize sparse hamiltonian [17.4/95.6]GB [190.457/246.640/1141.959]s
Iteration 2 eps1= 2.00e-05 ndets= 1,810,208 energy= -10.85553779
END OF #2, main, eps_var=2.00e-05, variation[17.4/95.6]GB [0.000/246.640/1141.959]s

BEG OF #3, main, eps_var=2.00e-05, variation[17.4/95.6]GB [0.012/0.000/1141.970]s
20% 40% 60% 80% 100% 
Number of dets / new dets: 1,810,480 / 272
END OF get next det list [17.4/95.6]GB [0.804/0.804/1142.774]s
END OF update unique ab [17.4/95.6]GB [0.006/0.810/1142.780]s
END OF create abm1 [17.4/95.6]GB [0.001/0.811/1142.781]s
Outer size of a/b singles: 19,759 / 19,759
Full size of absingles: 102,332
END OF create absingles [17.4/95.6]GB [0.022/0.833/1142.803]s
10% 20% 30% 40% 50% 60% 70% 80% 90% 100% 
Number of nonzero elems: 1,469,429,910
END OF generate sparse hamiltonian [17.4/95.6]GB [6.158/6.991/1148.961]s
Davidson #0:  -10.8555377862
Davidson #1:  -10.8555378680
Davidson #2:  -10.8555378686
Davidson #3:  -10.8555378686
END OF diagonalize sparse hamiltonian [17.5/95.7]GB [79.539/86.529/1228.499]s
Iteration 3 eps1= 2.00e-05 ndets= 1,810,480 energy= -10.85553787
END OF #3, main, eps_var=2.00e-05, variation[17.5/95.7]GB [0.000/86.529/1228.499]s
Final iteration 3 eps1= 2.00e-05 ndets= 1,810,480 energy=  -10.85553787
State 0:
----------------------------------------
Excite Lv       # dets         Sum c^2
0                    1      0.35989571
1                   98      0.01219319
2                 7442      0.54804508
3               160464      0.05596562
4               804085      0.02212401
5               624098      0.00158523
6               206864      0.00018670
7                 7200      0.00000421
8                  228      0.00000026
----------------------------------------
Orbital                        Sum c^2
0                           1.90855854
1                           1.84162343
2                           1.84162343
3                           1.03444049
4                           1.03379366
5                           0.10281942
6                           0.10281942
7                           0.04426146
8                           0.00519039
9                           0.00772822
10                          0.00493439
11                          0.00493439
12                          0.00692519
13                          0.01148309
14                          0.01148309
15                          0.01172366
16                          0.00448866
17                          0.00158077
18                          0.00132732
19                          0.00114331
20                          0.00114331
21                          0.00181708
22                          0.00181708
23                          0.00248029
24                          0.00248029
25                          0.00070721
26                          0.00099031
27                          0.00070759
28                          0.00143386
29                          0.00033240
30                          0.00033240
31                          0.00021190
32                          0.00069814
33                          0.00061632
34                          0.00032599
35                          0.00032599
36                          0.00020686
37                          0.00020591
38                          0.00020591
39                          0.00007884
Sum orbitals c^2: 8.00000000
----------------------------------------
Most important dets:
Excite Lv         Coef      Det (Reordered orb)
2           0.60655268      |  0  1  2  4 |  0  1  2  4 |
0           0.59991309      |  0  1  2  3 |  0  1  2  3 |
2          -0.17570618      |  0  1  3  4 |  0  1  3  4 |
2          -0.17570618      |  0  2  3  4 |  0  2  3  4 |
2          -0.12678804      |  0  1  2  5 |  0  1  2  5 |
2          -0.12678804      |  0  1  2  6 |  0  1  2  6 |
2          -0.08118957      |  1  2  3  4 |  1  2  3  4 |
1          -0.04825573      |  0  1  3  5 |  0  1  2  3 |
1          -0.04825573      |  0  1  2  3 |  0  1  3  5 |
1          -0.04825573      |  0  2  3  6 |  0  1  2  3 |
1          -0.04825573      |  0  1  2  3 |  0  2  3  6 |
3          -0.04650624      |  0  1  4  5 |  1  2  3  4 |
3          -0.04650624      |  1  2  3  4 |  0  1  4  5 |
3           0.04650624      |  0  2  4  6 |  1  2  3  4 |
3           0.04650624      |  1  2  3  4 |  0  2  4  6 |
2          -0.04612786      |  0  1  4  6 |  0  1  2  3 |
2          -0.04612786      |  0  1  2  3 |  0  1  4  6 |
2           0.04612786      |  0  1  2  3 |  0  2  4  5 |
2           0.04612786      |  0  2  4  5 |  0  1  2  3 |
2          -0.04585941      |  0  1  3  6 |  1  2  3  4 |
----------------------------------------
END OF main, eps_var=2.00e-05, variation[17.5/95.7]GB [0.713/1228.239/1229.212]s
Variational results saved to: wf_eps1_2.00e-05.dat
END OF eps_var=2.00e-05, variation[17.5/95.6]GB [0.095/1228.336/1229.307]s

BEG OF eps_var=1.00e-05, variation[17.5/95.6]GB [0.000/0.000/1229.307]s
Try Loading Wavefunction wf_eps1_1.00e-05.dat

BEG OF main, eps_var=1.00e-05, variation[17.5/95.6]GB [0.003/0.000/1229.310]s

BEG OF #1, main, eps_var=1.00e-05, variation[17.5/95.6]GB [0.000/0.000/1229.310]s
20% 40% 60% 80% 100% 
Number of dets / new dets: 3,489,676 / 1,679,196
END OF get next det list [17.7/95.9]GB [5.913/5.913/1235.223]s
END OF update unique ab [17.7/95.9]GB [1.251/7.163/1236.474]s
END OF create abm1 [17.7/95.9]GB [0.499/7.662/1236.972]s
Outer size of a/b singles: 28,032 / 28,032
Full size of absingles: 5,199,988
END OF create absingles [17.7/95.9]GB [0.908/8.569/1237.879]s
10% 20% 30% 40% 50% 60% 70% 80% 90% 100% 
Number of nonzero elems: 3,474,565,384
END OF generate sparse hamiltonian [40.8/118.9]GB [1443.223/1451.790/2681.101]s
Davidson #0:  -10.8555378686
Davidson #1:  -10.8557892215
Davidson #2:  -10.8557932364
Davidson #3:  -10.8557934759
Davidson #4:  -10.8557935136
Davidson #5:  -10.8557935210
Davidson #6:  -10.8557935245
Davidson #7:  -10.8557935254
Davidson #8:  -10.8557935256
END OF diagonalize sparse hamiltonian [41.2/119.4]GB [605.807/2057.597/3286.907]s
Iteration 4 eps1= 1.00e-05 ndets= 3,489,676 energy= -10.85579353
END OF #1, main, eps_var=1.00e-05, variation[41.2/119.4]GB [0.000/2057.597/3286.907]s

BEG OF #2, main, eps_var=1.00e-05, variation[41.2/119.4]GB [0.003/0.000/3286.910]s
20% 40% 60% 80% 100% 
Number of dets / new dets: 3,509,639 / 19,963
END OF get next det list [41.2/119.4]GB [2.448/2.448/3289.358]s
END OF update unique ab [41.2/119.4]GB [0.358/2.806/3289.716]s
END OF create abm1 [41.2/119.4]GB [0.049/2.854/3289.764]s
Outer size of a/b singles: 28,088 / 28,088
Full size of absingles: 2,832,368
END OF create absingles [41.2/119.4]GB [0.302/3.155/3290.065]s
10% 20% 30% 40% 50% 60% 70% 80% 90% 100% 
Number of nonzero elems: 3,498,681,973
END OF generate sparse hamiltonian [41.4/119.6]GB [103.839/106.983/3393.893]s
Davidson #0:  -10.8557935256
Davidson #1:  -10.8557952669
Davidson #2:  -10.8557952786
Davidson #3:  -10.8557952789
Davidson #4:  -10.8557952790
END OF diagonalize sparse hamiltonian [41.8/119.9]GB [339.207/446.188/3733.098]s
Iteration 5 eps1= 1.00e-05 ndets= 3,509,639 energy= -10.85579528
END OF #2, main, eps_var=1.00e-05, variation[41.8/119.9]GB [0.000/446.188/3733.098]s

BEG OF #3, main, eps_var=1.00e-05, variation[41.8/119.9]GB [0.000/0.000/3733.098]s
20% 40% 60% 80% 100% 
Number of dets / new dets: 3,509,839 / 200
END OF get next det list [41.8/119.9]GB [1.747/1.747/3734.845]s
END OF update unique ab [41.8/119.9]GB [0.005/1.752/3734.850]s
END OF create abm1 [41.8/119.9]GB [0.003/1.754/3734.853]s
Outer size of a/b singles: 28,088 / 28,088
Full size of absingles: 82,940
END OF create absingles [41.8/119.9]GB [0.047/1.801/3734.900]s
10% 20% 30% 40% 50% 60% 70% 80% 90% 100% 
Number of nonzero elems: 3,498,900,785
END OF generate sparse hamiltonian [41.8/119.9]GB [11.141/12.940/3746.038]s
Davidson #0:  -10.8557952790
Davidson #1:  -10.8557952924
Davidson #2:  -10.8557952925
END OF diagonalize sparse hamiltonian [42.0/120.2]GB [203.950/216.888/3949.987]s
Iteration 6 eps1= 1.00e-05 ndets= 3,509,839 energy= -10.85579529
END OF #3, main, eps_var=1.00e-05, variation[42.0/120.2]GB [0.000/216.889/3949.987]s
Final iteration 6 eps1= 1.00e-05 ndets= 3,509,839 energy=  -10.85579529
State 0:
----------------------------------------
Excite Lv       # dets         Sum c^2
0                    1      0.35962407
1                  110      0.01220957
2                 8402      0.54794132
3               199848      0.05611434
4              1370962      0.02226600
5              1357680      0.00163621
6               536070      0.00020235
7                35392      0.00000580
8                 1374      0.00000034
----------------------------------------
Orbital                        Sum c^2
0                           1.90822607
1                           1.84122764
2                           1.84122764
3                           1.03438095
4                           1.03374676
5                           0.10305824
6                           0.10305824
7                           0.04441068
8                           0.00522814
9                           0.00778059
10                          0.00498403
11                          0.00498403
12                          0.00696930
13                          0.01154096
14                          0.01154096
15                          0.01178105
16                          0.00451629
17                          0.00159360
18                          0.00133294
19                          0.00114863
20                          0.00114863
21                          0.00183269
22                          0.00183269
23                          0.00249935
24                          0.00249935
25                          0.00071106
26                          0.00099960
27                          0.00071149
28                          0.00144654
29                          0.00033550
30                          0.00033550
31                          0.00021359
32                          0.00070501
33                          0.00062298
34                          0.00033057
35                          0.00033057
36                          0.00021003
37                          0.00020905
38                          0.00020905
39                          0.00008000
Sum orbitals c^2: 8.00000000
----------------------------------------
Most important dets:
Excite Lv         Coef      Det (Reordered orb)
2           0.60634193      |  0  1  2  4 |  0  1  2  4 |
0           0.59968664      |  0  1  2  3 |  0  1  2  3 |
2          -0.17572498      |  0  1  3  4 |  0  1  3  4 |
2          -0.17572498      |  0  2  3  4 |  0  2  3  4 |
2          -0.12681983      |  0  1  2  6 |  0  1  2  6 |
2          -0.12681983      |  0  1  2  5 |  0  1  2  5 |
2          -0.08120841      |  1  2  3  4 |  1  2  3  4 |
1          -0.04827649      |  0  1  2  3 |  0  1  3  5 |
1          -0.04827649      |  0  1  3  5 |  0  1  2  3 |
1          -0.04827649      |  0  1  2  3 |  0  2  3  6 |
1          -0.04827649      |  0  2  3  6 |  0  1  2  3 |
3          -0.04652508      |  1  2  3  4 |  0  1  4  5 |
3          -0.04652508      |  0  1  4  5 |  1  2  3  4 |
3           0.04652508      |  0  2  4  6 |  1  2  3  4 |
3           0.04652508      |  1  2  3  4 |  0  2  4  6 |
2          -0.04616080      |  0  1  2  3 |  0  1  4  6 |
2          -0.04616080      |  0  1  4  6 |  0  1  2  3 |
2           0.04616080      |  0  1  2  3 |  0  2  4  5 |
2           0.04616080      |  0  2  4  5 |  0  1  2  3 |
2          -0.04587748      |  0  1  3  6 |  1  2  3  4 |
----------------------------------------
END OF main, eps_var=1.00e-05, variation[42.0/120.2]GB [1.363/2722.040/3951.350]s
Variational results saved to: wf_eps1_1.00e-05.dat
END OF eps_var=1.00e-05, variation[42.0/120.2]GB [0.172/2722.214/3951.522]s

BEG OF eps_var=8.00e-06, variation[42.0/120.2]GB [0.000/0.000/3951.522]s
Try Loading Wavefunction wf_eps1_8.00e-06.dat

BEG OF main, eps_var=8.00e-06, variation[42.0/120.2]GB [0.023/0.000/3951.545]s

BEG OF #1, main, eps_var=8.00e-06, variation[42.0/120.2]GB [0.000/0.000/3951.545]s
20% 40% 60% 80% 100% 
Number of dets / new dets: 4,291,701 / 781,862
END OF get next det list [42.2/120.4]GB [5.034/5.034/3956.579]s
END OF update unique ab [42.2/120.4]GB [1.056/6.090/3957.635]s
END OF create abm1 [42.2/120.4]GB [0.380/6.467/3958.012]s
Outer size of a/b singles: 30,929 / 30,929
Full size of absingles: 5,884,968
END OF create absingles [42.2/120.4]GB [0.980/7.446/3958.990]s
10% 20% 30% 40% 50% 60% 70% 80% 90% 100% 
Number of nonzero elems: 4,541,719,477
END OF generate sparse hamiltonian [54.6/132.8]GB [1422.883/1430.326/5381.871]s
