Loading openmpi-gcc/openmpi4.1.0-gcc9.3.0
  Loading requirement: gcc/9.3.0
Semistochastic Heat-bath Configuration Interation (SHCI)

Executable: /usr/local/usrapps/quest/shci/shci
Start time: Tue Sep  9 12:45:26 2025
Infrastructure: 1 nodes * 1 threads
Master node: c052n01
Configuration:
{
  "chem": {
    "point_group": "d2h"
  },
  "eps_vars": [
    5e-05,
    2e-05,
    1e-05
  ],
  "eps_vars_schedule": [
    0.002,
    0.001,
    0.0005,
    0.0002,
    0.0001
  ],
  "n_dn": 4,
  "n_up": 4,
  "system": "chem"
}
Timing format: [DIFF/SECTION/TOTAL]

BEG OF setup[0.0/62.0]GB [0.000/0.000/0.000]s

BEG OF load integrals, setup[0.0/62.0]GB [0.001/0.000/0.001]s
n_orbs: 40
n_elecs (from FCIDUMP): 8
orb_sym: 1 1 1 1 1 1 1 1 1 1 1 1 1 1 1 1 1 1 1 1 1 1 1 1 1 1 1 1 1 1 1 1 1 1 1 1 1 1 1 1 
END OF load fcidump [0.0/62.0]GB [0.289/0.289/0.290]s
HF det up: 0 1 2 3 
HF det dn: 0 1 2 3 
Orbitals energy:
#  0: E =  -0.782528620725, E_1b =  -3.007275252710, sym =  1, origin #  0
#  1: E =  -0.598199800032, E_1b =  -2.813647153256, sym =  1, origin #  1
#  2: E =  -0.598199800032, E_1b =  -2.813647153256, sym =  1, origin #  2
#  3: E =  -0.272715341573, E_1b =  -2.414655036789, sym =  1, origin #  3
#  4: E =  -0.007887796825, E_1b =  -2.371802050714, sym =  1, origin #  4
#  5: E =   0.296722652382, E_1b =  -1.750806736903, sym =  1, origin #  5
#  6: E =   0.296722652382, E_1b =  -1.750806736903, sym =  1, origin #  6
#  7: E =   0.505924102654, E_1b =  -1.285667578895, sym =  1, origin #  7
#  8: E =   0.513627152456, E_1b =  -1.598714335569, sym =  1, origin #  8
#  9: E =   0.513627152456, E_1b =  -1.598714335569, sym =  1, origin #  9
# 10: E =   0.555522386663, E_1b =  -1.692886331325, sym =  1, origin # 10
# 11: E =   0.599780622878, E_1b =  -1.541493249564, sym =  1, origin # 11
# 12: E =   0.609323343407, E_1b =  -1.502819104705, sym =  1, origin # 12
# 13: E =   0.850849203609, E_1b =  -1.529616238907, sym =  1, origin # 13
# 14: E =   0.850849203609, E_1b =  -1.529616238907, sym =  1, origin # 14
# 15: E =   1.053662249836, E_1b =  -1.638937980890, sym =  1, origin # 15
# 16: E =   1.054209068448, E_1b =  -1.665038726821, sym =  1, origin # 16
# 17: E =   1.132642390033, E_1b =  -1.426577975581, sym =  1, origin # 17
# 18: E =   1.181611251243, E_1b =  -1.511521198574, sym =  1, origin # 18
# 19: E =   1.181611251243, E_1b =  -1.511521198574, sym =  1, origin # 19
# 20: E =   1.374743119560, E_1b =  -1.340211830975, sym =  1, origin # 20
# 21: E =   1.374743119560, E_1b =  -1.340211830975, sym =  1, origin # 21
# 22: E =   1.516790001727, E_1b =  -1.159689189808, sym =  1, origin # 22
# 23: E =   1.517819252669, E_1b =  -1.259175460486, sym =  1, origin # 23
# 24: E =   1.551941743998, E_1b =  -1.159689189808, sym =  1, origin # 24
# 25: E =   1.858942070209, E_1b =  -0.865034194097, sym =  1, origin # 25
# 26: E =   1.902489059655, E_1b =  -0.859704266241, sym =  1, origin # 26
# 27: E =   1.949576720324, E_1b =  -0.808479261732, sym =  1, origin # 27
# 28: E =   1.949576720324, E_1b =  -0.808479261732, sym =  1, origin # 28
# 29: E =   2.057631696774, E_1b =  -0.627183166693, sym =  1, origin # 29
# 30: E =   2.057631696774, E_1b =  -0.627183166693, sym =  1, origin # 30
# 31: E =   2.404579424840, E_1b =  -0.268678150281, sym =  1, origin # 31
# 32: E =   2.648366346385, E_1b =  -0.167943088017, sym =  1, origin # 32
# 33: E =   2.648366346385, E_1b =  -0.167943088017, sym =  1, origin # 33
# 34: E =   2.751149350490, E_1b =  -0.030187101909, sym =  1, origin # 34
# 35: E =   2.766835290607, E_1b =  -0.029036015269, sym =  1, origin # 35
# 36: E =   2.997063600203, E_1b =   0.188530700256, sym =  1, origin # 36
# 37: E =   3.461915992793, E_1b =   0.732987321626, sym =  1, origin # 37
# 38: E =   3.461915992793, E_1b =   0.732987321626, sym =  1, origin # 38
# 39: E =   4.046900929804, E_1b =   1.386091632075, sym =  1, origin # 39
HF det up: 0 1 2 3 
HF det dn: 0 1 2 3 
END OF reorder orbitals [0.0/62.0]GB [0.009/0.298/0.299]s
FCIDUMP cache saved to: integrals_cache.dat
END OF load integrals, setup[0.0/62.0]GB [0.008/0.305/0.307]s

BEG OF setup hci queue, setup[0.0/62.0]GB [0.000/0.000/0.307]s
Max hci queue elem: 0.1339655386 Ha
Number of entries in hci queue: 446,240
END OF setup hci queue, setup[0.0/62.0]GB [0.197/0.197/0.504]s

BEG OF setup singles_queue, setup[0.0/62.0]GB [0.000/0.000/0.504]s
Max singles_queue elem: 0.2742724717 Ha
Number of entries in singles_queue: 446
END OF setup singles_queue, setup[0.0/62.0]GB [0.009/0.009/0.514]s
HF energy: -13.3008681584 Ha
END OF setup[0.0/62.0]GB [0.001/0.515/0.515]s

BEG OF variation[0.0/62.0]GB [0.000/0.000/0.515]s
Final iteration 0 HF ndets= 1 energy= -13.30086816

BEG OF eps_var=5.00e-05, variation[0.0/62.0]GB [0.000/0.000/0.515]s
Try Loading Wavefunction wf_eps1_5.00e-05.dat
Loaded 1,262,986 dets from: wf_eps1_5.00e-05.dat
State 0:
----------------------------------------
Excite Lv       # dets         Sum c^2
0                    1      0.00000001
1                  112      0.87976540
2                 8990      0.07512456
3               179336      0.04204115
4               698799      0.00265879
5               338432      0.00040808
6                37316      0.00000201
----------------------------------------
Orbital                        Sum c^2
0                           1.96513582
1                           1.93604154
2                           1.93604154
3                           0.99395550
4                           0.98745135
5                           0.03242310
6                           0.03242310
7                           0.00610736
8                           0.00497390
9                           0.00497390
10                          0.00453074
11                          0.01473275
12                          0.00769115
13                          0.01550818
14                          0.01550818
15                          0.00302037
16                          0.00377684
17                          0.01163754
18                          0.00250480
19                          0.00250480
20                          0.00201485
21                          0.00201485
22                          0.00132039
23                          0.00274441
24                          0.00132268
25                          0.00093502
26                          0.00106207
27                          0.00166054
28                          0.00166054
29                          0.00040690
30                          0.00040690
31                          0.00014029
32                          0.00062585
33                          0.00062585
34                          0.00092979
35                          0.00049086
36                          0.00040574
37                          0.00012784
38                          0.00012784
39                          0.00003429
Sum orbitals c^2: 8.00000000
----------------------------------------
Most important dets:
Excite Lv         Coef      Det (Reordered orb)
1           0.66006185      |  0  1  2  4 |  0  1  2  3 |
1           0.66006185      |  0  1  2  3 |  0  1  2  4 |
1           0.05826740      |  0  1  2 11 |  0  1  2  3 |
1           0.05826740      |  0  1  2  3 |  0  1  2 11 |
2          -0.05367076      |  0  1  3  4 |  0  1  2  6 |
2           0.05367076      |  0  2  3  4 |  0  1  2  5 |
2           0.05367076      |  0  1  2  5 |  0  2  3  4 |
2          -0.05367076      |  0  1  2  6 |  0  1  3  4 |
2          -0.05075909      |  0  1  2  5 |  0  1  3  4 |
2          -0.05075909      |  0  1  3  4 |  0  1  2  5 |
2          -0.05075909      |  0  2  3  4 |  0  1  2  6 |
2          -0.05075909      |  0  1  2  6 |  0  2  3  4 |
2          -0.04450940      |  0  2  4  5 |  0  1  2  3 |
2           0.04450940      |  0  1  4  6 |  0  1  2  3 |
2          -0.04450940      |  0  1  2  3 |  0  2  4  5 |
2           0.04450940      |  0  1  2  3 |  0  1  4  6 |
2           0.04211352      |  0  1  4  5 |  0  1  2  3 |
2           0.04211352      |  0  2  4  6 |  0  1  2  3 |
2           0.04211352      |  0  1  2  3 |  0  1  4  5 |
2           0.04211352      |  0  1  2  3 |  0  2  4  6 |
----------------------------------------
HF energy: -13.3008681584 Ha
Variational energy: -13.5183808172 Ha	
END OF eps_var=5.00e-05, variation[0.1/62.1]GB [1.177/1.177/1.693]s

BEG OF eps_var=2.00e-05, variation[0.1/62.1]GB [0.000/0.000/1.693]s
Try Loading Wavefunction wf_eps1_2.00e-05.dat
Loaded 2,355,624 dets from: wf_eps1_2.00e-05.dat
State 0:
----------------------------------------
Excite Lv       # dets         Sum c^2
0                    1      0.00000000
1                  112      0.87900577
2                 9158      0.07528021
3               222394      0.04245668
4              1179897      0.00277083
5               885362      0.00047999
6                58494      0.00000646
7                  206      0.00000005
----------------------------------------
Orbital                        Sum c^2
0                           1.96471756
1                           1.93551730
2                           1.93551730
3                           0.99378920
4                           0.98727998
5                           0.03262734
6                           0.03262734
7                           0.00619899
8                           0.00506569
9                           0.00506569
10                          0.00459274
11                          0.01487458
12                          0.00780230
13                          0.01563425
14                          0.01563425
15                          0.00304261
16                          0.00382580
17                          0.01172700
18                          0.00252944
19                          0.00252944
20                          0.00204813
21                          0.00204813
22                          0.00133666
23                          0.00279106
24                          0.00133780
25                          0.00095538
26                          0.00108290
27                          0.00169065
28                          0.00169065
29                          0.00041478
30                          0.00041478
31                          0.00014302
32                          0.00064371
33                          0.00064371
34                          0.00094296
35                          0.00050142
36                          0.00041674
37                          0.00013158
38                          0.00013158
39                          0.00003554
Sum orbitals c^2: 8.00000000
----------------------------------------
Most important dets:
Excite Lv         Coef      Det (Reordered orb)
1           0.65976478      |  0  1  2  4 |  0  1  2  3 |
1           0.65976478      |  0  1  2  3 |  0  1  2  4 |
1           0.05835527      |  0  1  2 11 |  0  1  2  3 |
1           0.05835527      |  0  1  2  3 |  0  1  2 11 |
2          -0.05368290      |  0  1  3  4 |  0  1  2  6 |
2          -0.05368290      |  0  1  2  6 |  0  1  3  4 |
2           0.05368290      |  0  2  3  4 |  0  1  2  5 |
2           0.05368290      |  0  1  2  5 |  0  2  3  4 |
2          -0.05079004      |  0  2  3  4 |  0  1  2  6 |
2          -0.05079004      |  0  1  3  4 |  0  1  2  5 |
2          -0.05079004      |  0  1  2  5 |  0  1  3  4 |
2          -0.05079004      |  0  1  2  6 |  0  2  3  4 |
2          -0.04451991      |  0  2  4  5 |  0  1  2  3 |
2           0.04451991      |  0  1  4  6 |  0  1  2  3 |
2           0.04451991      |  0  1  2  3 |  0  1  4  6 |
2          -0.04451991      |  0  1  2  3 |  0  2  4  5 |
2           0.04212188      |  0  1  4  5 |  0  1  2  3 |
2           0.04212188      |  0  2  4  6 |  0  1  2  3 |
2           0.04212188      |  0  1  2  3 |  0  1  4  5 |
2           0.04212188      |  0  1  2  3 |  0  2  4  6 |
----------------------------------------
HF energy: -13.3008681584 Ha
Variational energy: -13.5190747716 Ha	
END OF eps_var=2.00e-05, variation[4.4/66.4]GB [1.977/1.977/3.670]s

BEG OF eps_var=1.00e-05, variation[4.4/66.4]GB [0.000/0.000/3.670]s
Try Loading Wavefunction wf_eps1_1.00e-05.dat
Loaded 4,006,538 dets from: wf_eps1_1.00e-05.dat
State 0:
----------------------------------------
Excite Lv       # dets         Sum c^2
0                    1      0.00000000
1                  112      0.87868252
2                 9226      0.07537919
3               258520      0.04258631
4              1797915      0.00283051
5              1731634      0.00050898
6               206418      0.00001226
7                 2712      0.00000023
----------------------------------------
Orbital                        Sum c^2
0                           1.96455394
1                           1.93528242
2                           1.93528242
3                           0.99373928
4                           0.98721645
5                           0.03273243
6                           0.03273243
7                           0.00623626
8                           0.00509894
9                           0.00509894
10                          0.00462018
11                          0.01493119
12                          0.00784120
13                          0.01568578
14                          0.01568578
15                          0.00305138
16                          0.00384436
17                          0.01176439
18                          0.00253850
19                          0.00253850
20                          0.00205999
21                          0.00205999
22                          0.00134225
23                          0.00280765
24                          0.00134279
25                          0.00096266
26                          0.00109008
27                          0.00170090
28                          0.00170090
29                          0.00041769
30                          0.00041769
31                          0.00014407
32                          0.00065093
33                          0.00065093
34                          0.00094812
35                          0.00050540
36                          0.00042081
37                          0.00013319
38                          0.00013319
39                          0.00003599
Sum orbitals c^2: 8.00000000
----------------------------------------
Most important dets:
Excite Lv         Coef      Det (Reordered orb)
1           0.65963713      |  0  1  2  3 |  0  1  2  4 |
1           0.65963713      |  0  1  2  4 |  0  1  2  3 |
1           0.05840677      |  0  1  2 11 |  0  1  2  3 |
1           0.05840677      |  0  1  2  3 |  0  1  2 11 |
2           0.05371709      |  0  2  3  4 |  0  1  2  5 |
2           0.05371709      |  0  1  2  5 |  0  2  3  4 |
2          -0.05371709      |  0  1  3  4 |  0  1  2  6 |
2          -0.05371709      |  0  1  2  6 |  0  1  3  4 |
2          -0.05082317      |  0  1  2  5 |  0  1  3  4 |
2          -0.05082317      |  0  1  3  4 |  0  1  2  5 |
2          -0.05082317      |  0  2  3  4 |  0  1  2  6 |
2          -0.05082317      |  0  1  2  6 |  0  2  3  4 |
2           0.04454306      |  0  1  4  6 |  0  1  2  3 |
2          -0.04454306      |  0  2  4  5 |  0  1  2  3 |
2          -0.04454306      |  0  1  2  3 |  0  2  4  5 |
2           0.04454306      |  0  1  2  3 |  0  1  4  6 |
2           0.04214357      |  0  1  4  5 |  0  1  2  3 |
2           0.04214357      |  0  2  4  6 |  0  1  2  3 |
2           0.04214357      |  0  1  2  3 |  0  1  4  5 |
2           0.04214357      |  0  1  2  3 |  0  2  4  6 |
----------------------------------------
HF energy: -13.3008681584 Ha
Variational energy: -13.5193144272 Ha	
END OF eps_var=1.00e-05, variation[5.0/67.0]GB [3.716/3.716/7.386]s
END OF variation[5.0/67.0]GB [0.000/6.871/7.386]s

BEG OF post variation[5.0/67.0]GB [0.000/0.000/7.386]s
END OF post variation[5.0/67.0]GB [0.000/0.000/7.386]s

BEG OF perturbation[5.0/67.0]GB [0.000/0.000/7.386]s

BEG OF eps_var=5.00e-05, perturbation[5.0/67.0]GB [0.000/0.000/7.386]s
Total energy: -13.5195059349 +- 0.0000020891 (state 0, loaded from result file)
END OF eps_var=5.00e-05, perturbation[5.0/67.0]GB [0.000/0.000/7.386]s

BEG OF eps_var=2.00e-05, perturbation[5.0/67.0]GB [0.000/0.000/7.386]s
Try Loading Wavefunction wf_eps1_2.00e-05.dat
Loaded 2,355,624 dets from: wf_eps1_2.00e-05.dat
State 0:
----------------------------------------
Excite Lv       # dets         Sum c^2
0                    1      0.00000000
1                  112      0.87900577
2                 9158      0.07528021
3               222394      0.04245668
4              1179897      0.00277083
5               885362      0.00047999
6                58494      0.00000646
7                  206      0.00000005
----------------------------------------
Orbital                        Sum c^2
0                           1.96471756
1                           1.93551730
2                           1.93551730
3                           0.99378920
4                           0.98727998
5                           0.03262734
6                           0.03262734
7                           0.00619899
8                           0.00506569
9                           0.00506569
10                          0.00459274
11                          0.01487458
12                          0.00780230
13                          0.01563425
14                          0.01563425
15                          0.00304261
16                          0.00382580
17                          0.01172700
18                          0.00252944
19                          0.00252944
20                          0.00204813
21                          0.00204813
22                          0.00133666
23                          0.00279106
24                          0.00133780
25                          0.00095538
26                          0.00108290
27                          0.00169065
28                          0.00169065
29                          0.00041478
30                          0.00041478
31                          0.00014302
32                          0.00064371
33                          0.00064371
34                          0.00094296
35                          0.00050142
36                          0.00041674
37                          0.00013158
38                          0.00013158
39                          0.00003554
Sum orbitals c^2: 8.00000000
----------------------------------------
Most important dets:
Excite Lv         Coef      Det (Reordered orb)
1           0.65976478      |  0  1  2  4 |  0  1  2  3 |
1           0.65976478      |  0  1  2  3 |  0  1  2  4 |
1           0.05835527      |  0  1  2 11 |  0  1  2  3 |
1           0.05835527      |  0  1  2  3 |  0  1  2 11 |
2          -0.05368290      |  0  1  3  4 |  0  1  2  6 |
2          -0.05368290      |  0  1  2  6 |  0  1  3  4 |
2           0.05368290      |  0  2  3  4 |  0  1  2  5 |
2           0.05368290      |  0  1  2  5 |  0  2  3  4 |
2          -0.05079004      |  0  2  3  4 |  0  1  2  6 |
2          -0.05079004      |  0  1  3  4 |  0  1  2  5 |
2          -0.05079004      |  0  1  2  5 |  0  1  3  4 |
2          -0.05079004      |  0  1  2  6 |  0  2  3  4 |
2          -0.04451991      |  0  2  4  5 |  0  1  2  3 |
2           0.04451991      |  0  1  4  6 |  0  1  2  3 |
2           0.04451991      |  0  1  2  3 |  0  1  4  6 |
2          -0.04451991      |  0  1  2  3 |  0  2  4  5 |
2           0.04212188      |  0  1  4  5 |  0  1  2  3 |
2           0.04212188      |  0  2  4  6 |  0  1  2  3 |
2           0.04212188      |  0  1  2  3 |  0  1  4  5 |
2           0.04212188      |  0  1  2  3 |  0  2  4  6 |
----------------------------------------
HF energy: -13.3008681584 Ha
Variational energy: -13.5190747716 Ha	
Memory total: 197.2GB
Helper size: 0.0GB
Bytes per det: 32
Memory var: 0.2GB
Memory PT limit: 137.8GB

BEG OF dtm 2.00e-06 (state 0), eps_var=2.00e-05, perturbation[4.5/66.5]GB [2.112/0.000/9.498]s
Number of dtm batches: 1
END OF determine number of dtm batches [4.5/66.5]GB [0.315/0.315/9.812]s

BEG OF #1/1, dtm 2.00e-06 (state 0), eps_var=2.00e-05, perturbation[4.5/66.5]GB [0.000/0.000/9.813]s
20% 40% 60% 80% 100% 
Number of dtm pt dets: 13,285,074
END OF create hc sums [5.6/67.6]GB [69.674/69.674/79.486]s
PT dtm batch correction: -0.0003177946 Ha
PT dtm correction (eps1= 2.00e-05, eps_pt_dtm= 2.00e-06): -0.0003177946 +- 0.0000000000 Ha
PT dtm total energy (eps1= 2.00e-05, eps_pt_dtm= 2.00e-06): -13.5193925662 +- 0.0000000000 Ha
Correlation energy (eps1= 2.00e-05, eps_pt_dtm= 2.00e-06): -0.2185244078 +- 0.0000000000 Ha
END OF #1/1, dtm 2.00e-06 (state 0), eps_var=2.00e-05, perturbation[5.6/67.6]GB [13.165/82.838/92.651]s
END OF dtm 2.00e-06 (state 0), eps_var=2.00e-05, perturbation[5.6/67.6]GB [0.000/83.153/92.651]s

BEG OF psto 2.00e-07 (state 0), eps_var=2.00e-05, perturbation[4.3/66.4]GB [0.007/0.000/92.658]s
Number of psto batches: 16
END OF determine number of psto batches [4.3/66.4]GB [3.809/3.809/96.466]s

BEG OF #1/16, psto 2.00e-07 (state 0), eps_var=2.00e-05, perturbation[4.3/66.4]GB [0.001/0.000/96.467]s
20% 40% 60% 80% 100% 
Number of psto pt dets: 6,695,289
END OF create hc sums [4.0/66.0]GB [142.183/142.183/238.651]s
PT psto batch correction: -0.0000090849 Ha
PT psto correction (eps1= 2.00e-05, eps_pt_psto= 2.00e-07): -0.0001453588 +- 0.0000005902 Ha
PT psto total energy (eps1= 2.00e-05, eps_pt_psto= 2.00e-07): -13.5195379249 +- 0.0000005902 Ha
Correlation energy (eps1= 2.00e-05, eps_pt_psto= 2.00e-07): -0.2186697665 +- 0.0000005902 Ha
END OF #1/16, psto 2.00e-07 (state 0), eps_var=2.00e-05, perturbation[4.0/66.0]GB [7.938/150.121/246.588]s
END OF psto 2.00e-07 (state 0), eps_var=2.00e-05, perturbation[4.0/66.0]GB [0.000/153.931/246.588]s

BEG OF sto 2.00e-08 (state 0), eps_var=2.00e-05, perturbation[3.0/65.0]GB [0.033/0.000/246.621]s

random_seed= 347634253
Number of unique var dets in sample target: 294,454
Number of dets chosen: 560,409
END OF determine n samples [3.0/65.0]GB [1.755/1.755/248.376]s
Number of deterministic var dets: 73,612

BEG OF #1, sto 2.00e-08 (state 0), eps_var=2.00e-05, perturbation[3.0/65.0]GB [0.127/0.000/248.479]s
Number of unique variational determinants in sample: 461,365
Batch id: 10 / 64
20% 40% 60% 80% 100% 
Number of sto pt dets: 2,914,607
END OF create hc sums [5.0/67.0]GB [130.464/130.464/378.943]s
PT sto loop correction: -0.0000061075 Ha
PT sto correction (eps1= 2.00e-05, eps_pt= 2.00e-08): -0.0000061075 +- -nan Ha
PT sto total energy (eps1= 2.00e-05, eps_pt= 2.00e-08): -13.5195440324 +- -nan Ha
Correlation energy (eps1= 2.00e-05, eps_pt= 2.00e-08): -0.2186758741 +- -nan Ha
END OF #1, sto 2.00e-08 (state 0), eps_var=2.00e-05, perturbation[5.0/67.0]GB [3.785/134.226/382.705]s

BEG OF #2, sto 2.00e-08 (state 0), eps_var=2.00e-05, perturbation[5.0/67.0]GB [0.000/0.000/382.705]s
Number of unique variational determinants in sample: 461,111
Batch id: 34 / 64
20% 40% 60% 80% 100% 
Number of sto pt dets: 2,913,329
END OF create hc sums [4.9/66.9]GB [129.058/129.058/511.763]s
PT sto loop correction: -0.0000059128 Ha
PT sto correction (eps1= 2.00e-05, eps_pt= 2.00e-08): -0.0000060102 +- 0.0000000974 Ha
PT sto total energy (eps1= 2.00e-05, eps_pt= 2.00e-08): -13.5195439351 +- 0.0000005981 Ha
Correlation energy (eps1= 2.00e-05, eps_pt= 2.00e-08): -0.2186757767 +- 0.0000005981 Ha
END OF #2, sto 2.00e-08 (state 0), eps_var=2.00e-05, perturbation[4.9/66.9]GB [3.765/132.802/515.507]s

BEG OF #3, sto 2.00e-08 (state 0), eps_var=2.00e-05, perturbation[4.9/66.9]GB [0.000/0.000/515.507]s
Number of unique variational determinants in sample: 460,672
Batch id: 33 / 64
20% 40% 60% 80% 100% 
Number of sto pt dets: 2,909,602
END OF create hc sums [4.7/66.7]GB [128.896/128.896/644.403]s
PT sto loop correction: -0.0000058795 Ha
PT sto correction (eps1= 2.00e-05, eps_pt= 2.00e-08): -0.0000059666 +- 0.0000000711 Ha
PT sto total energy (eps1= 2.00e-05, eps_pt= 2.00e-08): -13.5195438915 +- 0.0000005944 Ha
Correlation energy (eps1= 2.00e-05, eps_pt= 2.00e-08): -0.2186757332 +- 0.0000005944 Ha
END OF #3, sto 2.00e-08 (state 0), eps_var=2.00e-05, perturbation[4.7/66.7]GB [3.774/132.650/648.157]s

BEG OF #4, sto 2.00e-08 (state 0), eps_var=2.00e-05, perturbation[4.7/66.7]GB [0.000/0.000/648.157]s
Number of unique variational determinants in sample: 461,080
Batch id: 20 / 64
20% 40% 60% 80% 100% 
Number of sto pt dets: 2,916,357
END OF create hc sums [4.7/66.7]GB [129.079/129.079/777.236]s
PT sto loop correction: -0.0000060904 Ha
PT sto correction (eps1= 2.00e-05, eps_pt= 2.00e-08): -0.0000059976 +- 0.0000000590 Ha
PT sto total energy (eps1= 2.00e-05, eps_pt= 2.00e-08): -13.5195439225 +- 0.0000005931 Ha
Correlation energy (eps1= 2.00e-05, eps_pt= 2.00e-08): -0.2186757641 +- 0.0000005931 Ha
END OF #4, sto 2.00e-08 (state 0), eps_var=2.00e-05, perturbation[4.7/66.7]GB [3.772/132.831/780.988]s

BEG OF #5, sto 2.00e-08 (state 0), eps_var=2.00e-05, perturbation[4.7/66.7]GB [0.000/0.000/780.988]s
Number of unique variational determinants in sample: 460,808
Batch id: 53 / 64
20% 40% 60% 80% 100% 
Number of sto pt dets: 2,913,001
END OF create hc sums [4.9/66.9]GB [129.010/129.010/909.998]s
PT sto loop correction: -0.0000062571 Ha
PT sto correction (eps1= 2.00e-05, eps_pt= 2.00e-08): -0.0000060495 +- 0.0000000692 Ha
PT sto total energy (eps1= 2.00e-05, eps_pt= 2.00e-08): -13.5195439744 +- 0.0000005942 Ha
Correlation energy (eps1= 2.00e-05, eps_pt= 2.00e-08): -0.2186758160 +- 0.0000005942 Ha
END OF #5, sto 2.00e-08 (state 0), eps_var=2.00e-05, perturbation[4.9/67.0]GB [3.798/132.784/913.772]s

BEG OF #6, sto 2.00e-08 (state 0), eps_var=2.00e-05, perturbation[4.9/67.0]GB [0.000/0.000/913.772]s
Number of unique variational determinants in sample: 460,993
Batch id: 30 / 64
20% 40% 60% 80% 100% 
Number of sto pt dets: 2,915,344
END OF create hc sums [1.2/63.2]GB [129.018/129.018/1042.790]s
PT sto loop correction: -0.0000056814 Ha
PT sto correction (eps1= 2.00e-05, eps_pt= 2.00e-08): -0.0000059881 +- 0.0000000834 Ha
PT sto total energy (eps1= 2.00e-05, eps_pt= 2.00e-08): -13.5195439130 +- 0.0000005960 Ha
Correlation energy (eps1= 2.00e-05, eps_pt= 2.00e-08): -0.2186757547 +- 0.0000005960 Ha
END OF #6, sto 2.00e-08 (state 0), eps_var=2.00e-05, perturbation[1.2/63.2]GB [3.723/132.721/1046.493]s
END OF sto 2.00e-08 (state 0), eps_var=2.00e-05, perturbation[1.2/63.2]GB [0.000/799.872/1046.493]s
Total energy: -13.5195439130 +- 0.0000005960 Ha (state 0)
END OF eps_var=2.00e-05, perturbation[0.7/62.7]GB [0.012/1039.119/1046.505]s

BEG OF eps_var=1.00e-05, perturbation[0.7/62.7]GB [0.000/0.000/1046.505]s
Try Loading Wavefunction wf_eps1_1.00e-05.dat
Loaded 4,006,538 dets from: wf_eps1_1.00e-05.dat
State 0:
----------------------------------------
Excite Lv       # dets         Sum c^2
0                    1      0.00000000
1                  112      0.87868252
2                 9226      0.07537919
3               258520      0.04258631
4              1797915      0.00283051
5              1731634      0.00050898
6               206418      0.00001226
7                 2712      0.00000023
----------------------------------------
Orbital                        Sum c^2
0                           1.96455394
1                           1.93528242
2                           1.93528242
3                           0.99373928
4                           0.98721645
5                           0.03273243
6                           0.03273243
7                           0.00623626
8                           0.00509894
9                           0.00509894
10                          0.00462018
11                          0.01493119
12                          0.00784120
13                          0.01568578
14                          0.01568578
15                          0.00305138
16                          0.00384436
17                          0.01176439
18                          0.00253850
19                          0.00253850
20                          0.00205999
21                          0.00205999
22                          0.00134225
23                          0.00280765
24                          0.00134279
25                          0.00096266
26                          0.00109008
27                          0.00170090
28                          0.00170090
29                          0.00041769
30                          0.00041769
31                          0.00014407
32                          0.00065093
33                          0.00065093
34                          0.00094812
35                          0.00050540
36                          0.00042081
37                          0.00013319
38                          0.00013319
39                          0.00003599
Sum orbitals c^2: 8.00000000
----------------------------------------
Most important dets:
Excite Lv         Coef      Det (Reordered orb)
1           0.65963713      |  0  1  2  3 |  0  1  2  4 |
1           0.65963713      |  0  1  2  4 |  0  1  2  3 |
1           0.05840677      |  0  1  2 11 |  0  1  2  3 |
1           0.05840677      |  0  1  2  3 |  0  1  2 11 |
2           0.05371709      |  0  2  3  4 |  0  1  2  5 |
2           0.05371709      |  0  1  2  5 |  0  2  3  4 |
2          -0.05371709      |  0  1  3  4 |  0  1  2  6 |
2          -0.05371709      |  0  1  2  6 |  0  1  3  4 |
2          -0.05082317      |  0  1  2  5 |  0  1  3  4 |
2          -0.05082317      |  0  1  3  4 |  0  1  2  5 |
2          -0.05082317      |  0  2  3  4 |  0  1  2  6 |
2          -0.05082317      |  0  1  2  6 |  0  2  3  4 |
2           0.04454306      |  0  1  4  6 |  0  1  2  3 |
2          -0.04454306      |  0  2  4  5 |  0  1  2  3 |
2          -0.04454306      |  0  1  2  3 |  0  2  4  5 |
2           0.04454306      |  0  1  2  3 |  0  1  4  6 |
2           0.04214357      |  0  1  4  5 |  0  1  2  3 |
2           0.04214357      |  0  2  4  6 |  0  1  2  3 |
2           0.04214357      |  0  1  2  3 |  0  1  4  5 |
2           0.04214357      |  0  1  2  3 |  0  2  4  6 |
----------------------------------------
HF energy: -13.3008681584 Ha
Variational energy: -13.5193144272 Ha	
Memory total: 197.2GB
Helper size: 0.0GB
Bytes per det: 32
Memory var: 0.4GB
Memory PT limit: 137.6GB

BEG OF dtm 2.00e-06 (state 0), eps_var=1.00e-05, perturbation[1.2/63.2]GB [4.227/0.000/1050.732]s
Number of dtm batches: 1
END OF determine number of dtm batches [1.2/63.2]GB [0.300/0.300/1051.032]s

BEG OF #1/1, dtm 2.00e-06 (state 0), eps_var=1.00e-05, perturbation[1.2/63.2]GB [0.000/0.000/1051.032]s
20% 40% 60% 80% 100% 
Number of dtm pt dets: 11,748,767
END OF create hc sums [2.6/64.6]GB [59.060/59.060/1110.092]s
PT dtm batch correction: -0.0001092372 Ha
PT dtm correction (eps1= 1.00e-05, eps_pt_dtm= 2.00e-06): -0.0001092372 +- 0.0000000000 Ha
PT dtm total energy (eps1= 1.00e-05, eps_pt_dtm= 2.00e-06): -13.5194236644 +- 0.0000000000 Ha
Correlation energy (eps1= 1.00e-05, eps_pt_dtm= 2.00e-06): -0.2185555060 +- 0.0000000000 Ha
END OF #1/1, dtm 2.00e-06 (state 0), eps_var=1.00e-05, perturbation[2.6/64.6]GB [11.077/70.137/1121.169]s
END OF dtm 2.00e-06 (state 0), eps_var=1.00e-05, perturbation[2.6/64.6]GB [0.000/70.437/1121.169]s

BEG OF psto 1.00e-07 (state 0), eps_var=1.00e-05, perturbation[1.4/63.4]GB [0.006/0.000/1121.175]s
Number of psto batches: 16
END OF determine number of psto batches [1.4/63.4]GB [7.360/7.360/1128.534]s

BEG OF #1/16, psto 1.00e-07 (state 0), eps_var=1.00e-05, perturbation[1.4/63.4]GB [0.002/0.000/1128.536]s
20% 40% 60% 80% 100% 
Number of psto pt dets: 10,723,440
END OF create hc sums [2.6/64.7]GB [281.500/281.500/1410.036]s
PT psto batch correction: -0.0000080581 Ha
PT psto correction (eps1= 1.00e-05, eps_pt_psto= 1.00e-07): -0.0001289302 +- 0.0000003533 Ha
PT psto total energy (eps1= 1.00e-05, eps_pt_psto= 1.00e-07): -13.5195525946 +- 0.0000003533 Ha
Correlation energy (eps1= 1.00e-05, eps_pt_psto= 1.00e-07): -0.2186844363 +- 0.0000003533 Ha
END OF #1/16, psto 1.00e-07 (state 0), eps_var=1.00e-05, perturbation[1.0/63.0]GB [12.553/294.053/1422.589]s
END OF psto 1.00e-07 (state 0), eps_var=1.00e-05, perturbation[1.0/63.0]GB [0.000/301.414/1422.589]s

BEG OF sto 1.00e-08 (state 0), eps_var=1.00e-05, perturbation[18446744073.3/61.7]GB [0.043/0.000/1422.632]s

random_seed= 347634253
Number of unique var dets in sample target: 500,818
Number of dets chosen: 973,240
END OF determine n samples [1.1/63.1]GB [2.120/2.120/1424.751]s
Number of deterministic var dets: 125,203

BEG OF #1, sto 1.00e-08 (state 0), eps_var=1.00e-05, perturbation[1.1/63.1]GB [0.212/0.000/1424.918]s
Number of unique variational determinants in sample: 791,526
Batch id: 29 / 64
20% 40% 60% 80% 100% 
Number of sto pt dets: 4,107,031
END OF create hc sums [1.6/63.7]GB [229.765/229.765/1654.683]s
PT sto loop correction: -0.0000030921 Ha
PT sto correction (eps1= 1.00e-05, eps_pt= 1.00e-08): -0.0000030921 +- -nan Ha
PT sto total energy (eps1= 1.00e-05, eps_pt= 1.00e-08): -13.5195556868 +- -nan Ha
Correlation energy (eps1= 1.00e-05, eps_pt= 1.00e-08): -0.2186875284 +- -nan Ha
END OF #1, sto 1.00e-08 (state 0), eps_var=1.00e-05, perturbation[1.6/63.6]GB [5.235/234.943/1659.861]s

BEG OF #2, sto 1.00e-08 (state 0), eps_var=1.00e-05, perturbation[1.6/63.6]GB [0.000/0.000/1659.861]s
Number of unique variational determinants in sample: 792,051
Batch id: 40 / 64
20% 40% 60% 80% 100% 
Number of sto pt dets: 4,111,224
END OF create hc sums [0.9/62.9]GB [226.902/226.902/1886.762]s
PT sto loop correction: -0.0000029519 Ha
PT sto correction (eps1= 1.00e-05, eps_pt= 1.00e-08): -0.0000030220 +- 0.0000000701 Ha
PT sto total energy (eps1= 1.00e-05, eps_pt= 1.00e-08): -13.5195556167 +- 0.0000003602 Ha
Correlation energy (eps1= 1.00e-05, eps_pt= 1.00e-08): -0.2186874583 +- 0.0000003602 Ha
END OF #2, sto 1.00e-08 (state 0), eps_var=1.00e-05, perturbation[1.1/63.2]GB [5.230/232.098/1891.959]s

BEG OF #3, sto 1.00e-08 (state 0), eps_var=1.00e-05, perturbation[1.1/63.2]GB [0.000/0.000/1891.959]s
Number of unique variational determinants in sample: 791,333
Batch id: 31 / 64
20% 40% 60% 80% 100% 
Number of sto pt dets: 4,107,545
END OF create hc sums [1.1/63.2]GB [227.220/227.220/2119.179]s
PT sto loop correction: -0.0000028679 Ha
PT sto correction (eps1= 1.00e-05, eps_pt= 1.00e-08): -0.0000029707 +- 0.0000000654 Ha
PT sto total energy (eps1= 1.00e-05, eps_pt= 1.00e-08): -13.5195555653 +- 0.0000003593 Ha
Correlation energy (eps1= 1.00e-05, eps_pt= 1.00e-08): -0.2186874069 +- 0.0000003593 Ha
END OF #3, sto 1.00e-08 (state 0), eps_var=1.00e-05, perturbation[1.1/63.1]GB [5.188/232.377/2124.337]s

BEG OF #4, sto 1.00e-08 (state 0), eps_var=1.00e-05, perturbation[1.1/63.1]GB [0.000/0.000/2124.337]s
Number of unique variational determinants in sample: 791,324
Batch id: 56 / 64
20% 40% 60% 80% 100% 
Number of sto pt dets: 4,102,284
END OF create hc sums [1.1/63.1]GB [227.287/227.287/2351.624]s
PT sto loop correction: -0.0000031469 Ha
PT sto correction (eps1= 1.00e-05, eps_pt= 1.00e-08): -0.0000030147 +- 0.0000000639 Ha
PT sto total energy (eps1= 1.00e-05, eps_pt= 1.00e-08): -13.5195556093 +- 0.0000003590 Ha
Correlation energy (eps1= 1.00e-05, eps_pt= 1.00e-08): -0.2186874510 +- 0.0000003590 Ha
END OF #4, sto 1.00e-08 (state 0), eps_var=1.00e-05, perturbation[18446744070.9/59.3]GB [5.112/232.369/2356.705]s

BEG OF #5, sto 1.00e-08 (state 0), eps_var=1.00e-05, perturbation[18446744070.9/59.3]GB [0.000/0.000/2356.705]s
Number of unique variational determinants in sample: 792,019
Batch id: 11 / 64
20% 40% 60% 80% 100% 
Number of sto pt dets: 4,107,544
END OF create hc sums [1.3/63.3]GB [227.110/227.110/2583.815]s
PT sto loop correction: -0.0000033443 Ha
PT sto correction (eps1= 1.00e-05, eps_pt= 1.00e-08): -0.0000030806 +- 0.0000000824 Ha
PT sto total energy (eps1= 1.00e-05, eps_pt= 1.00e-08): -13.5195556753 +- 0.0000003628 Ha
Correlation energy (eps1= 1.00e-05, eps_pt= 1.00e-08): -0.2186875169 +- 0.0000003628 Ha
END OF #5, sto 1.00e-08 (state 0), eps_var=1.00e-05, perturbation[1.3/63.3]GB [5.149/232.228/2588.933]s

BEG OF #6, sto 1.00e-08 (state 0), eps_var=1.00e-05, perturbation[1.3/63.3]GB [0.000/0.000/2588.933]s
Number of unique variational determinants in sample: 791,518
Batch id: 9 / 64
20% 40% 60% 80% 100% 
Number of sto pt dets: 4,106,030
END OF create hc sums [1.1/63.1]GB [227.277/227.277/2816.211]s
PT sto loop correction: -0.0000030098 Ha
PT sto correction (eps1= 1.00e-05, eps_pt= 1.00e-08): -0.0000030688 +- 0.0000000683 Ha
PT sto total energy (eps1= 1.00e-05, eps_pt= 1.00e-08): -13.5195556635 +- 0.0000003599 Ha
Correlation energy (eps1= 1.00e-05, eps_pt= 1.00e-08): -0.2186875051 +- 0.0000003599 Ha
END OF #6, sto 1.00e-08 (state 0), eps_var=1.00e-05, perturbation[1.1/63.1]GB [5.180/232.426/2821.359]s
END OF sto 1.00e-08 (state 0), eps_var=1.00e-05, perturbation[1.1/63.1]GB [0.000/1398.727/2821.359]s
Total energy: -13.5195556635 +- 0.0000003599 Ha (state 0)
END OF eps_var=1.00e-05, perturbation[0.3/62.3]GB [0.013/1774.866/2821.372]s
END OF perturbation[0.3/62.3]GB [0.000/2813.986/2821.372]s
