Loading openmpi-gcc/openmpi4.1.0-gcc9.3.0
  Loading requirement: gcc/9.3.0
Semistochastic Heat-bath Configuration Interation (SHCI)

Executable: /usr/local/usrapps/quest/shci/shci
Start time: Tue Sep  9 21:03:21 2025
Infrastructure: 1 nodes * 1 threads
Master node: c047n01.hpc.ncsu.edu
Configuration:
{
  "chem": {
    "point_group": "dih"
  },
  "eps_vars": [
    5e-05,
    2e-05,
    1e-05,
    8e-06,
    5e-06
  ],
  "eps_vars_schedule": [
    0.002,
    0.001,
    0.0005,
    0.0002,
    0.0001
  ],
  "n_dn": 4,
  "n_up": 4,
  "system": "chem"
}
Timing format: [DIFF/SECTION/TOTAL]

BEG OF setup[0.0/84.8]GB [0.000/0.000/0.000]s

BEG OF load integrals, setup[0.0/84.8]GB [0.001/0.000/0.001]s
n_orbs: 40
n_elecs (from FCIDUMP): 8
orb_sym: 1 1 1 1 1 1 1 1 1 1 1 1 1 1 1 1 1 1 1 1 1 1 1 1 1 1 1 1 1 1 1 1 1 1 1 1 1 1 1 1 
END OF load fcidump [0.0/84.8]GB [0.235/0.235/0.236]s
HF det up: 0 1 2 3 
HF det dn: 0 1 2 3 
Orbitals energy:
#  0: E =  -0.595545164481, E_1b =  -2.298042615199, sym =  1, origin #  0
#  1: E =  -0.497046247673, E_1b =  -2.211768959408, sym =  1, origin #  1
#  2: E =  -0.497046247673, E_1b =  -2.211768959408, sym =  1, origin #  2
#  3: E =  -0.302135212382, E_1b =  -2.021708154901, sym =  1, origin #  3
#  4: E =  -0.097877744307, E_1b =  -2.015469821631, sym =  1, origin #  4
#  5: E =   0.130280399469, E_1b =  -1.737905552992, sym =  1, origin #  5
#  6: E =   0.130280399469, E_1b =  -1.737905552992, sym =  1, origin #  6
#  7: E =   0.305897517711, E_1b =  -1.520535643584, sym =  1, origin #  7
#  8: E =   0.604795794639, E_1b =  -1.345073393976, sym =  1, origin #  8
#  9: E =   0.662440812532, E_1b =  -1.156494583671, sym =  1, origin #  9
# 10: E =   0.670051307251, E_1b =  -1.182723869560, sym =  1, origin # 10
# 11: E =   0.670051307251, E_1b =  -1.182723869560, sym =  1, origin # 11
# 12: E =   0.702770405706, E_1b =  -1.152378333517, sym =  1, origin # 12
# 13: E =   0.748170399464, E_1b =  -1.135072045793, sym =  1, origin # 13
# 14: E =   0.748170399464, E_1b =  -1.135072045793, sym =  1, origin # 14
# 15: E =   0.816236939251, E_1b =  -1.066156816597, sym =  1, origin # 15
# 16: E =   1.096534910888, E_1b =  -1.120313709244, sym =  1, origin # 16
# 17: E =   1.207443520697, E_1b =  -0.958630550418, sym =  1, origin # 17
# 18: E =   1.211535200088, E_1b =  -0.941397861157, sym =  1, origin # 18
# 19: E =   1.281630811535, E_1b =  -0.872582807168, sym =  1, origin # 19
# 20: E =   1.281630811535, E_1b =  -0.872582807168, sym =  1, origin # 20
# 21: E =   1.294659729780, E_1b =  -0.880799285888, sym =  1, origin # 21
# 22: E =   1.294659729780, E_1b =  -0.880799285888, sym =  1, origin # 22
# 23: E =   1.324381732876, E_1b =  -0.883282114241, sym =  1, origin # 23
# 24: E =   1.324381732876, E_1b =  -0.883282114241, sym =  1, origin # 24
# 25: E =   1.445199249684, E_1b =  -0.687037966543, sym =  1, origin # 25
# 26: E =   1.473515429345, E_1b =  -0.682661660638, sym =  1, origin # 26
# 27: E =   1.517247390221, E_1b =  -0.687037966543, sym =  1, origin # 27
# 28: E =   1.527993698929, E_1b =  -0.679590055676, sym =  1, origin # 28
# 29: E =   1.725771559924, E_1b =  -0.456044438639, sym =  1, origin # 29
# 30: E =   1.725771559924, E_1b =  -0.456044438639, sym =  1, origin # 30
# 31: E =   1.842249272255, E_1b =  -0.340508662662, sym =  1, origin # 31
# 32: E =   1.983602622603, E_1b =  -0.243319143258, sym =  1, origin # 32
# 33: E =   2.015477223824, E_1b =  -0.242369621412, sym =  1, origin # 33
# 34: E =   2.047943429828, E_1b =  -0.175677781984, sym =  1, origin # 34
# 35: E =   2.047943429828, E_1b =  -0.175677781984, sym =  1, origin # 35
# 36: E =   2.181611887101, E_1b =  -0.041294882888, sym =  1, origin # 36
# 37: E =   2.479333150548, E_1b =   0.239427831002, sym =  1, origin # 37
# 38: E =   2.479333150548, E_1b =   0.239427831002, sym =  1, origin # 38
# 39: E =   2.813784787566, E_1b =   0.581283620830, sym =  1, origin # 39
HF det up: 0 1 2 3 
HF det dn: 0 1 2 3 
END OF reorder orbitals [0.0/84.8]GB [0.011/0.247/0.247]s
FCIDUMP cache saved to: integrals_cache.dat
END OF load integrals, setup[0.0/84.8]GB [0.023/0.269/0.270]s

BEG OF setup hci queue, setup[0.0/84.8]GB [0.000/0.000/0.270]s
Max hci queue elem: 0.1221295864 Ha
Number of entries in hci queue: 415,034
END OF setup hci queue, setup[0.0/84.8]GB [0.275/0.275/0.545]s

BEG OF setup singles_queue, setup[0.0/84.8]GB [0.000/0.000/0.545]s
Max singles_queue elem: 0.2737775610 Ha
Number of entries in singles_queue: 446
END OF setup singles_queue, setup[0.0/84.8]GB [0.013/0.013/0.558]s
HF energy: -10.6350615611 Ha
END OF setup[0.0/84.8]GB [0.001/0.558/0.558]s

BEG OF variation[0.0/84.8]GB [0.000/0.000/0.559]s
Final iteration 0 HF ndets= 1 energy= -10.63506156

BEG OF eps_var=5.00e-05, variation[0.0/84.8]GB [0.000/0.000/0.559]s
Try Loading Wavefunction wf_eps1_5.00e-05.dat
Loaded 673,879 dets from: wf_eps1_5.00e-05.dat
State 0:
----------------------------------------
Excite Lv       # dets         Sum c^2
0                    1      0.36109151
1                   82      0.01215761
2                 6122      0.54799873
3               102646      0.05548428
4               330596      0.02166544
5               186534      0.00145081
6                47551      0.00015025
7                  334      0.00000128
8                   13      0.00000009
----------------------------------------
Orbital                        Sum c^2
0                           1.90949686
1                           1.84270576
2                           1.84270576
3                           1.03565666
4                           1.03308084
5                           0.10212109
6                           0.10212109
7                           0.04381221
8                           0.00508070
9                           0.00756981
10                          0.00478978
11                          0.00478978
12                          0.00679739
13                          0.01131259
14                          0.01131259
15                          0.01155390
16                          0.00440649
17                          0.00154282
18                          0.00130997
19                          0.00112772
20                          0.00112772
21                          0.00177000
22                          0.00177000
23                          0.00242523
24                          0.00242523
25                          0.00069606
26                          0.00096311
27                          0.00069719
28                          0.00139833
29                          0.00032444
30                          0.00032444
31                          0.00020765
32                          0.00067738
33                          0.00059693
34                          0.00031466
35                          0.00031466
36                          0.00019962
37                          0.00019877
38                          0.00019877
39                          0.00007597
Sum orbitals c^2: 8.00000000
----------------------------------------
Most important dets:
Excite Lv         Coef      Det (Reordered orb)
2           0.60679191      |  0  1  2  4 |  0  1  2  4 |
0           0.60090890      |  0  1  2  3 |  0  1  2  3 |
2          -0.17574918      |  0  1  3  4 |  0  1  3  4 |
2          -0.17574918      |  0  2  3  4 |  0  2  3  4 |
2          -0.12673916      |  0  1  2  6 |  0  1  2  6 |
2          -0.12673916      |  0  1  2  5 |  0  1  2  5 |
2          -0.08119312      |  1  2  3  4 |  1  2  3  4 |
1          -0.04822661      |  0  1  2  3 |  0  1  3  5 |
1          -0.04822661      |  0  1  3  5 |  0  1  2  3 |
1          -0.04822661      |  0  2  3  6 |  0  1  2  3 |
1          -0.04822661      |  0  1  2  3 |  0  2  3  6 |
3           0.04646480      |  0  2  4  6 |  1  2  3  4 |
3           0.04646480      |  1  2  3  4 |  0  2  4  6 |
3          -0.04646480      |  0  1  4  5 |  1  2  3  4 |
3          -0.04646480      |  1  2  3  4 |  0  1  4  5 |
2          -0.04606926      |  0  1  4  6 |  0  1  2  3 |
2          -0.04606926      |  0  1  2  3 |  0  1  4  6 |
2           0.04606926      |  0  2  4  5 |  0  1  2  3 |
2           0.04606926      |  0  1  2  3 |  0  2  4  5 |
2          -0.04584623      |  1  2  3  4 |  0  1  3  6 |
----------------------------------------
HF energy: -10.6350615611 Ha
Variational energy: -10.8546951305 Ha	
END OF eps_var=5.00e-05, variation[0.2/85.0]GB [0.679/0.679/1.238]s

BEG OF eps_var=2.00e-05, variation[0.2/85.0]GB [0.000/0.000/1.238]s
Try Loading Wavefunction wf_eps1_2.00e-05.dat
Loaded 1,810,480 dets from: wf_eps1_2.00e-05.dat
State 0:
----------------------------------------
Excite Lv       # dets         Sum c^2
0                    1      0.35989571
1                   98      0.01219319
2                 7442      0.54804508
3               160464      0.05596562
4               804085      0.02212401
5               624098      0.00158523
6               206864      0.00018670
7                 7200      0.00000421
8                  228      0.00000026
----------------------------------------
Orbital                        Sum c^2
0                           1.90855854
1                           1.84162343
2                           1.84162343
3                           1.03444049
4                           1.03379366
5                           0.10281942
6                           0.10281942
7                           0.04426146
8                           0.00519039
9                           0.00772822
10                          0.00493439
11                          0.00493439
12                          0.00692519
13                          0.01148309
14                          0.01148309
15                          0.01172366
16                          0.00448866
17                          0.00158077
18                          0.00132732
19                          0.00114331
20                          0.00114331
21                          0.00181708
22                          0.00181708
23                          0.00248029
24                          0.00248029
25                          0.00070721
26                          0.00099031
27                          0.00070759
28                          0.00143386
29                          0.00033240
30                          0.00033240
31                          0.00021190
32                          0.00069814
33                          0.00061632
34                          0.00032599
35                          0.00032599
36                          0.00020686
37                          0.00020591
38                          0.00020591
39                          0.00007884
Sum orbitals c^2: 8.00000000
----------------------------------------
Most important dets:
Excite Lv         Coef      Det (Reordered orb)
2           0.60655268      |  0  1  2  4 |  0  1  2  4 |
0           0.59991309      |  0  1  2  3 |  0  1  2  3 |
2          -0.17570618      |  0  1  3  4 |  0  1  3  4 |
2          -0.17570618      |  0  2  3  4 |  0  2  3  4 |
2          -0.12678804      |  0  1  2  5 |  0  1  2  5 |
2          -0.12678804      |  0  1  2  6 |  0  1  2  6 |
2          -0.08118957      |  1  2  3  4 |  1  2  3  4 |
1          -0.04825573      |  0  1  3  5 |  0  1  2  3 |
1          -0.04825573      |  0  1  2  3 |  0  1  3  5 |
1          -0.04825573      |  0  2  3  6 |  0  1  2  3 |
1          -0.04825573      |  0  1  2  3 |  0  2  3  6 |
3          -0.04650624      |  0  1  4  5 |  1  2  3  4 |
3          -0.04650624      |  1  2  3  4 |  0  1  4  5 |
3           0.04650624      |  0  2  4  6 |  1  2  3  4 |
3           0.04650624      |  1  2  3  4 |  0  2  4  6 |
2          -0.04612786      |  0  1  4  6 |  0  1  2  3 |
2          -0.04612786      |  0  1  2  3 |  0  1  4  6 |
2           0.04612786      |  0  2  4  5 |  0  1  2  3 |
2           0.04612786      |  0  1  2  3 |  0  2  4  5 |
2          -0.04585941      |  0  1  3  6 |  1  2  3  4 |
----------------------------------------
HF energy: -10.6350615611 Ha
Variational energy: -10.8555378686 Ha	
END OF eps_var=2.00e-05, variation[0.5/85.3]GB [1.635/1.635/2.873]s

BEG OF eps_var=1.00e-05, variation[0.5/85.3]GB [0.000/0.000/2.873]s
Try Loading Wavefunction wf_eps1_1.00e-05.dat
Loaded 3,509,839 dets from: wf_eps1_1.00e-05.dat
State 0:
----------------------------------------
Excite Lv       # dets         Sum c^2
0                    1      0.35962407
1                  110      0.01220957
2                 8402      0.54794132
3               199848      0.05611434
4              1370962      0.02226600
5              1357680      0.00163621
6               536070      0.00020235
7                35392      0.00000580
8                 1374      0.00000034
----------------------------------------
Orbital                        Sum c^2
0                           1.90822607
1                           1.84122764
2                           1.84122764
3                           1.03438095
4                           1.03374676
5                           0.10305824
6                           0.10305824
7                           0.04441068
8                           0.00522814
9                           0.00778059
10                          0.00498403
11                          0.00498403
12                          0.00696930
13                          0.01154096
14                          0.01154096
15                          0.01178105
16                          0.00451629
17                          0.00159360
18                          0.00133294
19                          0.00114863
20                          0.00114863
21                          0.00183269
22                          0.00183269
23                          0.00249935
24                          0.00249935
25                          0.00071106
26                          0.00099960
27                          0.00071149
28                          0.00144654
29                          0.00033550
30                          0.00033550
31                          0.00021359
32                          0.00070501
33                          0.00062298
34                          0.00033057
35                          0.00033057
36                          0.00021003
37                          0.00020905
38                          0.00020905
39                          0.00008000
Sum orbitals c^2: 8.00000000
----------------------------------------
Most important dets:
Excite Lv         Coef      Det (Reordered orb)
2           0.60634193      |  0  1  2  4 |  0  1  2  4 |
0           0.59968664      |  0  1  2  3 |  0  1  2  3 |
2          -0.17572498      |  0  1  3  4 |  0  1  3  4 |
2          -0.17572498      |  0  2  3  4 |  0  2  3  4 |
2          -0.12681983      |  0  1  2  5 |  0  1  2  5 |
2          -0.12681983      |  0  1  2  6 |  0  1  2  6 |
2          -0.08120841      |  1  2  3  4 |  1  2  3  4 |
1          -0.04827649      |  0  1  3  5 |  0  1  2  3 |
1          -0.04827649      |  0  1  2  3 |  0  1  3  5 |
1          -0.04827649      |  0  1  2  3 |  0  2  3  6 |
1          -0.04827649      |  0  2  3  6 |  0  1  2  3 |
3          -0.04652508      |  0  1  4  5 |  1  2  3  4 |
3          -0.04652508      |  1  2  3  4 |  0  1  4  5 |
3           0.04652508      |  0  2  4  6 |  1  2  3  4 |
3           0.04652508      |  1  2  3  4 |  0  2  4  6 |
2          -0.04616080      |  0  1  4  6 |  0  1  2  3 |
2          -0.04616080      |  0  1  2  3 |  0  1  4  6 |
2           0.04616080      |  0  1  2  3 |  0  2  4  5 |
2           0.04616080      |  0  2  4  5 |  0  1  2  3 |
2          -0.04587748      |  0  1  3  6 |  1  2  3  4 |
----------------------------------------
HF energy: -10.6350615611 Ha
Variational energy: -10.8557952925 Ha	
END OF eps_var=1.00e-05, variation[0.8/85.6]GB [2.808/2.808/5.681]s

BEG OF eps_var=8.00e-06, variation[0.8/85.6]GB [0.000/0.000/5.681]s
Try Loading Wavefunction wf_eps1_8.00e-06.dat
Loaded 4,297,672 dets from: wf_eps1_8.00e-06.dat
State 0:
----------------------------------------
Excite Lv       # dets         Sum c^2
0                    1      0.35956983
1                  112      0.01221424
2                 8630      0.54791718
3               211446      0.05614462
4              1586794      0.02229409
5              1713068      0.00164740
6               720505      0.00020609
7                54906      0.00000621
8                 2210      0.00000036
----------------------------------------
Orbital                        Sum c^2
0                           1.90815513
1                           1.84114546
2                           1.84114546
3                           1.03437530
4                           1.03372990
5                           0.10310798
6                           0.10310798
7                           0.04444126
8                           0.00523692
9                           0.00779181
10                          0.00499459
11                          0.00499459
12                          0.00697869
13                          0.01155308
14                          0.01155308
15                          0.01179303
16                          0.00452216
17                          0.00159614
18                          0.00133417
19                          0.00114978
20                          0.00114978
21                          0.00183591
22                          0.00183591
23                          0.00250330
24                          0.00250330
25                          0.00071189
26                          0.00100150
27                          0.00071230
28                          0.00144908
29                          0.00033613
30                          0.00033613
31                          0.00021394
32                          0.00070646
33                          0.00062436
34                          0.00033150
35                          0.00033150
36                          0.00021071
37                          0.00020975
38                          0.00020975
39                          0.00008028
Sum orbitals c^2: 8.00000000
----------------------------------------
Most important dets:
Excite Lv         Coef      Det (Reordered orb)
2           0.60629517      |  0  1  2  4 |  0  1  2  4 |
0           0.59964141      |  0  1  2  3 |  0  1  2  3 |
2          -0.17572908      |  0  1  3  4 |  0  1  3  4 |
2          -0.17572908      |  0  2  3  4 |  0  2  3  4 |
2          -0.12682741      |  0  1  2  5 |  0  1  2  5 |
2          -0.12682741      |  0  1  2  6 |  0  1  2  6 |
2          -0.08121512      |  1  2  3  4 |  1  2  3  4 |
1          -0.04828350      |  0  1  3  5 |  0  1  2  3 |
1          -0.04828350      |  0  1  2  3 |  0  1  3  5 |
1          -0.04828350      |  0  1  2  3 |  0  2  3  6 |
1          -0.04828350      |  0  2  3  6 |  0  1  2  3 |
3          -0.04653013      |  1  2  3  4 |  0  1  4  5 |
3          -0.04653013      |  0  1  4  5 |  1  2  3  4 |
3           0.04653013      |  0  2  4  6 |  1  2  3  4 |
3           0.04653013      |  1  2  3  4 |  0  2  4  6 |
2          -0.04616783      |  0  1  4  6 |  0  1  2  3 |
2          -0.04616783      |  0  1  2  3 |  0  1  4  6 |
2           0.04616783      |  0  1  2  3 |  0  2  4  5 |
2           0.04616783      |  0  2  4  5 |  0  1  2  3 |
2          -0.04588257      |  0  1  3  6 |  1  2  3  4 |
----------------------------------------
HF energy: -10.6350615611 Ha
Variational energy: -10.8558453815 Ha	
END OF eps_var=8.00e-06, variation[1.2/86.0]GB [3.386/3.386/9.067]s

BEG OF eps_var=5.00e-06, variation[1.2/86.0]GB [0.000/0.000/9.067]s
Try Loading Wavefunction wf_eps1_5.00e-06.dat

BEG OF main, eps_var=5.00e-06, variation[1.2/86.0]GB [0.001/0.000/9.068]s

BEG OF #1, main, eps_var=5.00e-06, variation[1.2/86.0]GB [0.009/0.000/9.077]s
20% 40% 60% 80% 100% 
Number of dets / new dets: 6,526,944 / 2,229,272
END OF get next det list [1.2/86.0]GB [15.309/15.309/24.386]s
END OF update unique ab [1.4/86.3]GB [6.708/22.016/31.094]s
END OF create abm1 [1.5/86.3]GB [3.259/25.275/34.352]s
Outer size of a/b singles: 37,181 / 37,181
Full size of absingles: 7,555,308
END OF create absingles [1.5/86.4]GB [3.396/28.669/37.747]s
10% 20% 30% 40% 50% 60% 70% 80% 90% 100% 
Number of nonzero elems: 7,763,537,694
END OF generate sparse hamiltonian [88.4/173.2]GB [5072.337/5101.004/5110.081]s
Davidson #0:  -10.8558453815
Davidson #1:  -10.8559181858
Davidson #2:  -10.8559190324
Davidson #3:  -10.8559190714
Davidson #4:  -10.8559190761
Davidson #5:  -10.8559190769
Davidson #6:  -10.8559190773
Davidson #7:  -10.8559190774
END OF diagonalize sparse hamiltonian [90.1/174.9]GB [2009.313/7110.316/7119.394]s
Iteration 1 eps1= 5.00e-06 ndets= 6,526,944 energy= -10.85591908
END OF #1, main, eps_var=5.00e-06, variation[90.1/174.9]GB [0.000/7110.316/7119.394]s

BEG OF #2, main, eps_var=5.00e-06, variation[90.1/174.9]GB [0.062/0.000/7119.455]s
20% 40% 60% 80% 100% 
Number of dets / new dets: 6,545,436 / 18,492
END OF get next det list [90.4/175.2]GB [5.641/5.641/7125.096]s
END OF update unique ab [90.4/175.2]GB [0.670/6.310/7125.766]s
END OF create abm1 [90.4/175.2]GB [0.053/6.360/7125.815]s
Outer size of a/b singles: 37,205 / 37,205
Full size of absingles: 3,511,232
END OF create absingles [90.4/175.2]GB [0.553/6.911/7126.366]s
orterun: Forwarding signal 12 to job
--------------------------------------------------------------------------
Primary job  terminated normally, but 1 process returned
a non-zero exit code. Per user-direction, the job has been aborted.
--------------------------------------------------------------------------
------------------------------------------------------------
A process or daemon was unable to complete a TCP connection
to another process:
  Local host:    c047n01
  Remote host:   c044n02
This is usually caused by a firewall on the remote host. Please
check that any firewall (e.g., iptables) has been disabled and
try again.
------------------------------------------------------------
------------------------------------------------------------
A process or daemon was unable to complete a TCP connection
to another process:
  Local host:    c047n01
  Remote host:   c051n04
This is usually caused by a firewall on the remote host. Please
check that any firewall (e.g., iptables) has been disabled and
try again.
------------------------------------------------------------
------------------------------------------------------------
A process or daemon was unable to complete a TCP connection
to another process:
  Local host:    c047n01
  Remote host:   c046n01
This is usually caused by a firewall on the remote host. Please
check that any firewall (e.g., iptables) has been disabled and
try again.
------------------------------------------------------------
--------------------------------------------------------------------------
orterun noticed that process rank 0 with PID 0 on node c047n01 exited on signal 12 (User defined signal 2).
--------------------------------------------------------------------------
