Loading openmpi-gcc/openmpi4.1.0-gcc9.3.0
  Loading requirement: gcc/9.3.0
Semistochastic Heat-bath Configuration Interation (SHCI)

Executable: /usr/local/usrapps/quest/shci/shci
Start time: Tue Sep  9 17:13:56 2025
Infrastructure: 1 nodes * 1 threads
Master node: c048n03.hpc.ncsu.edu
Configuration:
{
  "chem": {
    "point_group": "dih"
  },
  "eps_vars": [
    5e-05,
    2e-05,
    1e-05,
    8e-06,
    5e-06
  ],
  "eps_vars_schedule": [
    0.002,
    0.001,
    0.0005,
    0.0002,
    0.0001
  ],
  "n_dn": 4,
  "n_up": 4,
  "system": "chem"
}
Timing format: [DIFF/SECTION/TOTAL]

BEG OF setup[0.0/55.8]GB [0.000/0.000/0.000]s

BEG OF load integrals, setup[0.0/55.8]GB [0.001/0.000/0.001]s
n_orbs: 30
n_elecs (from FCIDUMP): 8
orb_sym: 1 1 1 1 1 1 1 1 1 1 1 1 1 1 1 1 1 1 1 1 1 1 1 1 1 1 1 1 1 1 
END OF load fcidump [0.0/55.8]GB [0.068/0.068/0.069]s
HF det up: 0 1 2 3 
HF det dn: 0 1 2 3 
Orbitals energy:
#  0: E =  -0.510862857317, E_1b =  -1.953572814925, sym =  1, origin #  0
#  1: E =  -0.443050936204, E_1b =  -1.905124047090, sym =  1, origin #  1
#  2: E =  -0.443050936204, E_1b =  -1.905124047090, sym =  1, origin #  2
#  3: E =  -0.299041013257, E_1b =  -1.787405826158, sym =  1, origin #  3
#  4: E =  -0.134630441905, E_1b =  -1.790202056338, sym =  1, origin #  4
#  5: E =   0.040688557659, E_1b =  -1.628208221972, sym =  1, origin #  5
#  6: E =   0.040688557659, E_1b =  -1.628208221972, sym =  1, origin #  6
#  7: E =   0.162888054313, E_1b =  -1.525607070016, sym =  1, origin #  7
#  8: E =   0.641780274900, E_1b =  -1.076161840763, sym =  1, origin #  8
#  9: E =   0.688858753680, E_1b =  -0.969168320090, sym =  1, origin #  9
# 10: E =   0.688858753680, E_1b =  -0.969168320090, sym =  1, origin # 10
# 11: E =   0.703823534266, E_1b =  -0.946533883253, sym =  1, origin # 11
# 12: E =   0.752015416051, E_1b =  -0.981172131621, sym =  1, origin # 12
# 13: E =   0.752015416051, E_1b =  -0.981172131621, sym =  1, origin # 13
# 14: E =   0.766180943432, E_1b =  -0.953188286460, sym =  1, origin # 14
# 15: E =   0.766884945128, E_1b =  -0.875155498010, sym =  1, origin # 15
# 16: E =   1.054280848274, E_1b =  -0.854882681912, sym =  1, origin # 16
# 17: E =   1.221068034972, E_1b =  -0.659566003362, sym =  1, origin # 17
# 18: E =   1.221068034972, E_1b =  -0.659566003362, sym =  1, origin # 18
# 19: E =   1.300151010841, E_1b =  -0.574579899242, sym =  1, origin # 19
# 20: E =   1.333307847470, E_1b =  -0.548788899958, sym =  1, origin # 20
# 21: E =   1.333307847470, E_1b =  -0.548788899958, sym =  1, origin # 21
# 22: E =   1.337890820643, E_1b =  -0.526503689950, sym =  1, origin # 22
# 23: E =   1.349297922832, E_1b =  -0.523732621656, sym =  1, origin # 23
# 24: E =   1.372064395741, E_1b =  -0.490126541032, sym =  1, origin # 24
# 25: E =   1.372064395741, E_1b =  -0.490126541032, sym =  1, origin # 25
# 26: E =   1.385835996951, E_1b =  -0.519788705075, sym =  1, origin # 26
# 27: E =   1.430607417974, E_1b =  -0.412007582418, sym =  1, origin # 27
# 28: E =   1.522686520180, E_1b =  -0.412007582418, sym =  1, origin # 28
# 29: E =   1.587446656134, E_1b =  -0.327578239188, sym =  1, origin # 29
HF det up: 0 1 2 3 
HF det dn: 0 1 2 3 
END OF reorder orbitals [0.0/55.8]GB [0.001/0.069/0.071]s
FCIDUMP cache saved to: integrals_cache.dat
END OF load integrals, setup[0.0/55.8]GB [0.023/0.092/0.093]s

BEG OF setup hci queue, setup[0.0/55.8]GB [0.000/0.000/0.094]s
Max hci queue elem: 0.1197888541 Ha
Number of entries in hci queue: 133,542
END OF setup hci queue, setup[0.0/55.8]GB [0.054/0.054/0.148]s

BEG OF setup singles_queue, setup[0.0/55.8]GB [0.000/0.000/0.148]s
Max singles_queue elem: 0.3855275050 Ha
Number of entries in singles_queue: 246
END OF setup singles_queue, setup[0.0/55.8]GB [0.003/0.003/0.151]s
HF energy: -9.2472324782 Ha
END OF setup[0.0/55.8]GB [0.001/0.151/0.151]s

BEG OF variation[0.0/55.8]GB [0.000/0.000/0.151]s
Final iteration 0 HF ndets= 1 energy= -9.24723248

BEG OF eps_var=5.00e-05, variation[0.0/55.8]GB [0.000/0.000/0.151]s
Try Loading Wavefunction wf_eps1_5.00e-05.dat
Loaded 445,405 dets from: wf_eps1_5.00e-05.dat
State 0:
----------------------------------------
Excite Lv       # dets         Sum c^2
0                    1      0.22856268
1                   64      0.02829970
2                 3542      0.53812222
3                49698      0.13563517
4               175681      0.05882069
5               155242      0.00888750
6                54380      0.00158277
7                 6376      0.00007554
8                  421      0.00001373
----------------------------------------
Orbital                        Sum c^2
0                           1.79906319
1                           1.68754888
2                           1.68756476
3                           1.02451803
4                           1.04786006
5                           0.26057788
6                           0.26049958
7                           0.15105025
8                           0.00428586
9                           0.00791937
10                          0.00791890
11                          0.00715723
12                          0.01097146
13                          0.01096231
14                          0.01000121
15                          0.01115398
16                          0.00212444
17                          0.00142834
18                          0.00142858
19                          0.00061440
20                          0.00068428
21                          0.00068428
22                          0.00050118
23                          0.00057804
24                          0.00042837
25                          0.00043518
26                          0.00134146
27                          0.00029949
28                          0.00024328
29                          0.00015574
Sum orbitals c^2: 8.00000000
----------------------------------------
Most important dets:
Excite Lv         Coef      Det (Reordered orb)
2           0.50110495      |  0  1  2  4 |  0  1  2  4 |
0           0.47808229      |  0  1  2  3 |  0  1  2  3 |
2          -0.19556243      |  0  2  3  4 |  0  2  3  4 |
2          -0.19555335      |  0  1  3  4 |  0  1  3  4 |
2          -0.15865227      |  0  1  2  5 |  0  1  2  5 |
2          -0.15857683      |  0  1  2  6 |  0  1  2  6 |
2          -0.08485400      |  1  2  3  4 |  1  2  3  4 |
2           0.08006195      |  0  1  2  3 |  0  1  4  5 |
2           0.08006195      |  0  1  4  5 |  0  1  2  3 |
2           0.08004626      |  0  2  4  6 |  0  1  2  3 |
2           0.08004626      |  0  1  2  3 |  0  2  4  6 |
2           0.07942778      |  0  1  3  5 |  0  1  2  4 |
2           0.07942778      |  0  1  2  4 |  0  1  3  5 |
2           0.07941340      |  0  1  2  4 |  0  2  3  6 |
2           0.07941340      |  0  2  3  6 |  0  1  2  4 |
1          -0.07652296      |  0  1  2  3 |  0  2  3  5 |
1          -0.07652296      |  0  2  3  5 |  0  1  2  3 |
1           0.07648958      |  0  1  3  6 |  0  1  2  3 |
1           0.07648958      |  0  1  2  3 |  0  1  3  6 |
3          -0.06444930      |  0  2  4  6 |  1  2  3  4 |
----------------------------------------
HF energy: -9.2472324782 Ha
Variational energy: -9.5247232279 Ha	
END OF eps_var=5.00e-05, variation[0.1/55.8]GB [0.351/0.351/0.502]s

BEG OF eps_var=2.00e-05, variation[0.1/55.8]GB [0.000/0.000/0.502]s
Try Loading Wavefunction wf_eps1_2.00e-05.dat
Loaded 1,676,514 dets from: wf_eps1_2.00e-05.dat
State 0:
----------------------------------------
Excite Lv       # dets         Sum c^2
0                    1      0.00000000
1                   80      0.60276841
2                 4738      0.20727602
3                99374      0.14887159
4               517591      0.03123300
5               678916      0.00876149
6               322482      0.00096614
7                49844      0.00012033
8                 3488      0.00000303
----------------------------------------
Orbital                        Sum c^2
0                           1.84321077
1                           1.76316017
2                           1.76317276
3                           0.99111828
4                           0.99569097
5                           0.21424897
6                           0.21422506
7                           0.13292561
8                           0.00379636
9                           0.00781498
10                          0.00781508
11                          0.00803018
12                          0.01083060
13                          0.01082211
14                          0.01134194
15                          0.01093056
16                          0.00181279
17                          0.00131927
18                          0.00131950
19                          0.00062777
20                          0.00070823
21                          0.00070822
22                          0.00050231
23                          0.00058289
24                          0.00042605
25                          0.00043336
26                          0.00175293
27                          0.00028694
28                          0.00024063
29                          0.00014469
Sum orbitals c^2: 8.00000000
----------------------------------------
Most important dets:
Excite Lv         Coef      Det (Reordered orb)
1          -0.54604294      |  0  1  2  3 |  0  1  2  4 |
1          -0.54604294      |  0  1  2  4 |  0  1  2  3 |
2          -0.14742771      |  0  1  2  5 |  0  2  3  4 |
2          -0.14742771      |  0  2  3  4 |  0  1  2  5 |
2           0.14742119      |  0  1  2  6 |  0  1  3  4 |
2           0.14742119      |  0  1  3  4 |  0  1  2  6 |
2           0.10761744      |  1  2  3  4 |  0  1  2  7 |
2           0.10761744      |  0  1  2  7 |  1  2  3  4 |
2           0.09359781      |  0  1  2  3 |  0  2  4  5 |
2           0.09359781      |  0  2  4  5 |  0  1  2  3 |
2          -0.09356306      |  0  1  2  3 |  0  1  4  6 |
2          -0.09356306      |  0  1  4  6 |  0  1  2  3 |
3           0.09214738      |  0  2  3  5 |  0  2  4  5 |
3           0.09214738      |  0  2  4  5 |  0  2  3  5 |
3           0.09214210      |  0  1  3  6 |  0  1  4  6 |
3           0.09214210      |  0  1  4  6 |  0  1  3  6 |
2           0.05580068      |  1  2  3  7 |  0  1  2  4 |
2           0.05580068      |  0  1  2  4 |  1  2  3  7 |
3          -0.05430479      |  0  2  3  6 |  0  1  4  5 |
3          -0.05430479      |  0  1  4  5 |  0  2  3  6 |
----------------------------------------
HF energy: -9.2472324782 Ha
Variational energy: -9.5661478921 Ha	
END OF eps_var=2.00e-05, variation[0.4/56.1]GB [1.153/1.153/1.655]s

BEG OF eps_var=1.00e-05, variation[0.4/56.1]GB [0.000/0.000/1.655]s
Try Loading Wavefunction wf_eps1_1.00e-05.dat
Loaded 2,263,228 dets from: wf_eps1_1.00e-05.dat
State 0:
----------------------------------------
Excite Lv       # dets         Sum c^2
0                    1      0.00000000
1                   80      0.60258718
2                 4742      0.20728106
3               105076      0.14893587
4               627599      0.03129405
5               940548      0.00879736
6               493812      0.00097851
7                85510      0.00012272
8                 5860      0.00000324
----------------------------------------
Orbital                        Sum c^2
0                           1.84304372
1                           1.76299298
2                           1.76300524
3                           0.99108208
4                           0.99566589
5                           0.21434295
6                           0.21431913
7                           0.13301575
8                           0.00381608
9                           0.00784108
10                          0.00784111
11                          0.00805759
12                          0.01086165
13                          0.01085299
14                          0.01137036
15                          0.01095914
16                          0.00182407
17                          0.00132796
18                          0.00132819
19                          0.00063255
20                          0.00071363
21                          0.00071362
22                          0.00050420
23                          0.00058835
24                          0.00042776
25                          0.00043511
26                          0.00176098
27                          0.00028828
28                          0.00024198
29                          0.00014556
Sum orbitals c^2: 8.00000000
----------------------------------------
Most important dets:
Excite Lv         Coef      Det (Reordered orb)
1          -0.54595697      |  0  1  2  3 |  0  1  2  4 |
1          -0.54595697      |  0  1  2  4 |  0  1  2  3 |
2          -0.14740633      |  0  2  3  4 |  0  1  2  5 |
2          -0.14740633      |  0  1  2  5 |  0  2  3  4 |
2           0.14740011      |  0  1  3  4 |  0  1  2  6 |
2           0.14740011      |  0  1  2  6 |  0  1  3  4 |
2           0.10760315      |  1  2  3  4 |  0  1  2  7 |
2           0.10760315      |  0  1  2  7 |  1  2  3  4 |
2           0.09359455      |  0  1  2  3 |  0  2  4  5 |
2           0.09359455      |  0  2  4  5 |  0  1  2  3 |
2          -0.09355960      |  0  1  4  6 |  0  1  2  3 |
2          -0.09355960      |  0  1  2  3 |  0  1  4  6 |
3           0.09213067      |  0  2  3  5 |  0  2  4  5 |
3           0.09213067      |  0  2  4  5 |  0  2  3  5 |
3           0.09212564      |  0  1  4  6 |  0  1  3  6 |
3           0.09212564      |  0  1  3  6 |  0  1  4  6 |
2           0.05579957      |  0  1  2  4 |  1  2  3  7 |
2           0.05579957      |  1  2  3  7 |  0  1  2  4 |
3          -0.05428895      |  0  2  3  6 |  0  1  4  5 |
3          -0.05428895      |  0  1  4  5 |  0  2  3  6 |
----------------------------------------
HF energy: -9.2472324782 Ha
Variational energy: -9.5662427205 Ha	
END OF eps_var=1.00e-05, variation[0.4/56.1]GB [1.167/1.167/2.822]s

BEG OF eps_var=8.00e-06, variation[0.4/56.1]GB [0.000/0.000/2.822]s
Try Loading Wavefunction wf_eps1_8.00e-06.dat
Loaded 2,552,024 dets from: wf_eps1_8.00e-06.dat
State 0:
----------------------------------------
Excite Lv       # dets         Sum c^2
0                    1      0.00000000
1                   80      0.60255158
2                 4742      0.20728213
3               106858      0.14894855
4               670317      0.03130553
5              1064496      0.00880455
6               589574      0.00098112
7               108812      0.00012326
8                 7144      0.00000328
----------------------------------------
Orbital                        Sum c^2
0                           1.84301010
1                           1.76296011
2                           1.76297241
3                           0.99107521
4                           0.99566074
5                           0.21435985
6                           0.21433598
7                           0.13303292
8                           0.00382033
9                           0.00784646
10                          0.00784649
11                          0.00806322
12                          0.01086861
13                          0.01085992
14                          0.01137626
15                          0.01096466
16                          0.00182648
17                          0.00132981
18                          0.00133004
19                          0.00063357
20                          0.00071481
21                          0.00071480
22                          0.00050463
23                          0.00058959
24                          0.00042815
25                          0.00043550
26                          0.00176270
27                          0.00028859
28                          0.00024227
29                          0.00014579
Sum orbitals c^2: 8.00000000
----------------------------------------
Most important dets:
Excite Lv         Coef      Det (Reordered orb)
1          -0.54593994      |  0  1  2  4 |  0  1  2  3 |
1          -0.54593994      |  0  1  2  3 |  0  1  2  4 |
2          -0.14740077      |  0  2  3  4 |  0  1  2  5 |
2          -0.14740077      |  0  1  2  5 |  0  2  3  4 |
2           0.14739453      |  0  1  3  4 |  0  1  2  6 |
2           0.14739453      |  0  1  2  6 |  0  1  3  4 |
2           0.10759928      |  1  2  3  4 |  0  1  2  7 |
2           0.10759928      |  0  1  2  7 |  1  2  3  4 |
2           0.09359433      |  0  2  4  5 |  0  1  2  3 |
2           0.09359433      |  0  1  2  3 |  0  2  4  5 |
2          -0.09355936      |  0  1  4  6 |  0  1  2  3 |
2          -0.09355936      |  0  1  2  3 |  0  1  4  6 |
3           0.09212728      |  0  2  4  5 |  0  2  3  5 |
3           0.09212728      |  0  2  3  5 |  0  2  4  5 |
3           0.09212221      |  0  1  4  6 |  0  1  3  6 |
3           0.09212221      |  0  1  3  6 |  0  1  4  6 |
2           0.05580012      |  0  1  2  4 |  1  2  3  7 |
2           0.05580012      |  1  2  3  7 |  0  1  2  4 |
3          -0.05428521      |  0  1  4  5 |  0  2  3  6 |
3          -0.05428521      |  0  2  3  6 |  0  1  4  5 |
----------------------------------------
HF energy: -9.2472324782 Ha
Variational energy: -9.5662616590 Ha	
END OF eps_var=8.00e-06, variation[0.4/56.2]GB [1.330/1.330/4.152]s

BEG OF eps_var=5.00e-06, variation[0.4/56.2]GB [0.000/0.000/4.152]s
Try Loading Wavefunction wf_eps1_5.00e-06.dat
Loaded 3,383,098 dets from: wf_eps1_5.00e-06.dat
State 0:
----------------------------------------
Excite Lv       # dets         Sum c^2
0                    1      0.00000000
1                   80      0.60249904
2                 4744      0.20728203
3               110418      0.14896790
4               768439      0.03132273
5              1415568      0.00881528
6               884768      0.00098546
7               186300      0.00012418
8                12780      0.00000338
----------------------------------------
Orbital                        Sum c^2
0                           1.84295885
1                           1.76291022
2                           1.76292259
3                           0.99106510
4                           0.99565265
5                           0.21438492
6                           0.21436090
7                           0.13305787
8                           0.00382697
9                           0.00785474
10                          0.00785476
11                          0.00807161
12                          0.01087978
13                          0.01087105
14                          0.01138529
15                          0.01097308
16                          0.00183033
17                          0.00133271
18                          0.00133294
19                          0.00063518
20                          0.00071660
21                          0.00071659
22                          0.00050533
23                          0.00059153
24                          0.00042877
25                          0.00043614
26                          0.00176545
27                          0.00028908
28                          0.00024276
29                          0.00014618
Sum orbitals c^2: 8.00000000
----------------------------------------
Most important dets:
Excite Lv         Coef      Det (Reordered orb)
1          -0.54591464      |  0  1  2  3 |  0  1  2  4 |
1          -0.54591464      |  0  1  2  4 |  0  1  2  3 |
2          -0.14739054      |  0  1  2  5 |  0  2  3  4 |
2          -0.14739054      |  0  2  3  4 |  0  1  2  5 |
2           0.14738438      |  0  1  3  4 |  0  1  2  6 |
2           0.14738438      |  0  1  2  6 |  0  1  3  4 |
2           0.10759171      |  0  1  2  7 |  1  2  3  4 |
2           0.10759171      |  1  2  3  4 |  0  1  2  7 |
2           0.09359378      |  0  2  4  5 |  0  1  2  3 |
2           0.09359378      |  0  1  2  3 |  0  2  4  5 |
2          -0.09355875      |  0  1  4  6 |  0  1  2  3 |
2          -0.09355875      |  0  1  2  3 |  0  1  4  6 |
3           0.09212172      |  0  2  4  5 |  0  2  3  5 |
3           0.09212172      |  0  2  3  5 |  0  2  4  5 |
3           0.09211651      |  0  1  3  6 |  0  1  4  6 |
3           0.09211651      |  0  1  4  6 |  0  1  3  6 |
2           0.05580108      |  0  1  2  4 |  1  2  3  7 |
2           0.05580108      |  1  2  3  7 |  0  1  2  4 |
3          -0.05427958      |  0  2  3  6 |  0  1  4  5 |
3          -0.05427958      |  0  1  4  5 |  0  2  3  6 |
----------------------------------------
HF energy: -9.2472324782 Ha
Variational energy: -9.5662899523 Ha	
END OF eps_var=5.00e-06, variation[0.7/56.4]GB [1.947/1.947/6.098]s
END OF variation[0.7/56.4]GB [0.000/5.947/6.099]s

BEG OF post variation[0.7/56.4]GB [0.000/0.000/6.099]s
END OF post variation[0.7/56.4]GB [0.000/0.000/6.099]s

BEG OF perturbation[0.7/56.4]GB [0.000/0.000/6.099]s

BEG OF eps_var=5.00e-05, perturbation[0.7/56.4]GB [0.000/0.000/6.099]s
Total energy: -9.5254663980 +- 0.0000025441 (state 0, loaded from result file)
END OF eps_var=5.00e-05, perturbation[0.7/56.4]GB [0.000/0.000/6.099]s

BEG OF eps_var=2.00e-05, perturbation[0.7/56.4]GB [0.000/0.000/6.099]s
Total energy: -9.5663080938 +- 0.0000004374 (state 0, loaded from result file)
END OF eps_var=2.00e-05, perturbation[0.7/56.4]GB [0.000/0.000/6.099]s

BEG OF eps_var=1.00e-05, perturbation[0.7/56.4]GB [0.000/0.000/6.099]s
Total energy: -9.5663180432 +- 0.0000002376 (state 0, loaded from result file)
END OF eps_var=1.00e-05, perturbation[0.7/56.4]GB [0.000/0.000/6.099]s

BEG OF eps_var=8.00e-06, perturbation[0.7/56.4]GB [0.000/0.000/6.099]s
Total energy: -9.5663198142 +- 0.0000001941 (state 0, loaded from result file)
END OF eps_var=8.00e-06, perturbation[0.7/56.4]GB [0.000/0.000/6.099]s

BEG OF eps_var=5.00e-06, perturbation[0.7/56.4]GB [0.000/0.000/6.099]s
Total energy: -9.5663222744 +- 0.0000001049 (state 0, loaded from result file)
END OF eps_var=5.00e-06, perturbation[0.7/56.4]GB [0.000/0.000/6.100]s
END OF perturbation[0.7/56.4]GB [0.000/0.001/6.100]s
