Loading openmpi-gcc/openmpi4.1.0-gcc9.3.0
  Loading requirement: gcc/9.3.0
Semistochastic Heat-bath Configuration Interation (SHCI)

Executable: /usr/local/usrapps/quest/shci/shci
Start time: Tue Sep  9 14:15:15 2025
Infrastructure: 1 nodes * 1 threads
Master node: c042n03.hpc.ncsu.edu
Configuration:
{
  "chem": {
    "point_group": "dih"
  },
  "eps_vars": [
    5e-05,
    2e-05,
    1e-05,
    8e-06,
    5e-06
  ],
  "eps_vars_schedule": [
    0.002,
    0.001,
    0.0005,
    0.0002,
    0.0001
  ],
  "n_dn": 4,
  "n_up": 4,
  "system": "chem"
}
Timing format: [DIFF/SECTION/TOTAL]

BEG OF setup[0.0/56.4]GB [0.000/0.000/0.000]s

BEG OF load integrals, setup[0.0/56.4]GB [0.001/0.000/0.001]s
n_orbs: 30
n_elecs (from FCIDUMP): 8
orb_sym: 1 1 1 1 1 1 1 1 1 1 1 1 1 1 1 1 1 1 1 1 1 1 1 1 1 1 1 1 1 1 
END OF load fcidump [0.0/56.4]GB [0.033/0.033/0.034]s
HF det up: 0 1 2 3 
HF det dn: 0 1 2 3 
Orbitals energy:
#  0: E =  -0.595545163632, E_1b =  -2.298042611976, sym =  1, origin #  0
#  1: E =  -0.497046247126, E_1b =  -2.211768958246, sym =  1, origin #  1
#  2: E =  -0.497046247126, E_1b =  -2.211768958246, sym =  1, origin #  2
#  3: E =  -0.302135213638, E_1b =  -2.021708161133, sym =  1, origin #  3
#  4: E =  -0.097877742903, E_1b =  -2.015469820086, sym =  1, origin #  4
#  5: E =   0.130280399808, E_1b =  -1.737905553711, sym =  1, origin #  5
#  6: E =   0.130280399808, E_1b =  -1.737905553711, sym =  1, origin #  6
#  7: E =   0.305897518008, E_1b =  -1.520535642559, sym =  1, origin #  7
#  8: E =   0.604795794780, E_1b =  -1.345073394643, sym =  1, origin #  8
#  9: E =   0.662440811962, E_1b =  -1.156494584625, sym =  1, origin #  9
# 10: E =   0.670051307112, E_1b =  -1.182723868970, sym =  1, origin # 10
# 11: E =   0.670051307112, E_1b =  -1.182723868970, sym =  1, origin # 11
# 12: E =   0.702770406713, E_1b =  -1.152378327212, sym =  1, origin # 12
# 13: E =   0.748170400280, E_1b =  -1.135072045514, sym =  1, origin # 13
# 14: E =   0.748170400280, E_1b =  -1.135072045514, sym =  1, origin # 14
# 15: E =   0.816236939783, E_1b =  -1.066156818831, sym =  1, origin # 15
# 16: E =   1.096534911159, E_1b =  -1.120313708968, sym =  1, origin # 16
# 17: E =   1.207443521287, E_1b =  -0.958630551149, sym =  1, origin # 17
# 18: E =   1.211535200348, E_1b =  -0.941397860305, sym =  1, origin # 18
# 19: E =   1.281630811709, E_1b =  -0.872582806050, sym =  1, origin # 19
# 20: E =   1.281630811709, E_1b =  -0.872582806050, sym =  1, origin # 20
# 21: E =   1.294659729581, E_1b =  -0.880799286958, sym =  1, origin # 21
# 22: E =   1.294659729581, E_1b =  -0.880799286958, sym =  1, origin # 22
# 23: E =   1.324381733984, E_1b =  -0.883282113508, sym =  1, origin # 23
# 24: E =   1.324381733984, E_1b =  -0.883282113508, sym =  1, origin # 24
# 25: E =   1.445199248157, E_1b =  -0.687037966543, sym =  1, origin # 25
# 26: E =   1.473515428411, E_1b =  -0.682661660908, sym =  1, origin # 26
# 27: E =   1.517247392773, E_1b =  -0.687037966543, sym =  1, origin # 27
# 28: E =   1.527993700760, E_1b =  -0.679590055133, sym =  1, origin # 28
# 29: E =   1.725771560790, E_1b =  -0.456044439756, sym =  1, origin # 29
HF det up: 0 1 2 3 
HF det dn: 0 1 2 3 
END OF reorder orbitals [0.0/56.4]GB [0.001/0.034/0.035]s
FCIDUMP cache saved to: integrals_cache.dat
END OF load integrals, setup[0.0/56.4]GB [0.003/0.038/0.038]s

BEG OF setup hci queue, setup[0.0/56.4]GB [0.000/0.000/0.038]s
Max hci queue elem: 0.1162612190 Ha
Number of entries in hci queue: 133,816
END OF setup hci queue, setup[0.0/56.4]GB [0.051/0.051/0.089]s

BEG OF setup singles_queue, setup[0.0/56.4]GB [0.000/0.000/0.089]s
Max singles_queue elem: 0.2450904642 Ha
Number of entries in singles_queue: 246
END OF setup singles_queue, setup[0.0/56.4]GB [0.003/0.003/0.092]s
HF energy: -10.6350615611 Ha
END OF setup[0.0/56.4]GB [0.001/0.093/0.093]s

BEG OF variation[0.0/56.4]GB [0.000/0.000/0.093]s
Final iteration 0 HF ndets= 1 energy= -10.63506156

BEG OF eps_var=5.00e-05, variation[0.0/56.4]GB [0.000/0.000/0.093]s
Try Loading Wavefunction wf_eps1_5.00e-05.dat
Loaded 397,532 dets from: wf_eps1_5.00e-05.dat
State 0:
----------------------------------------
Excite Lv       # dets         Sum c^2
0                    1      0.34898656
1                   44      0.01267641
2                 2552      0.55802694
3                48134      0.05668322
4               187769      0.02197280
5               122710      0.00149335
6                35949      0.00015890
7                  360      0.00000173
8                   13      0.00000010
----------------------------------------
Orbital                        Sum c^2
0                           1.90850296
1                           1.84080486
2                           1.84121924
3                           1.01436875
4                           1.05778549
5                           0.10369649
6                           0.10374438
7                           0.04486729
8                           0.00522881
9                           0.00762623
10                          0.00495190
11                          0.00495351
12                          0.00671541
13                          0.01136459
14                          0.01137109
15                          0.01167702
16                          0.00416134
17                          0.00147418
18                          0.00130958
19                          0.00110580
20                          0.00111567
21                          0.00168195
22                          0.00168164
23                          0.00235770
24                          0.00236122
25                          0.00067417
26                          0.00092148
27                          0.00060870
28                          0.00138481
29                          0.00028374
Sum orbitals c^2: 8.00000000
----------------------------------------
Most important dets:
Excite Lv         Coef      Det (Reordered orb)
2           0.61493876      |  0  1  2  4 |  0  1  2  4 |
0           0.59075084      |  0  1  2  3 |  0  1  2  3 |
2          -0.17715777      |  0  2  3  4 |  0  2  3  4 |
2          -0.17674037      |  0  1  3  4 |  0  1  3  4 |
2          -0.12732075      |  0  1  2  5 |  0  1  2  5 |
2          -0.12710460      |  0  1  2  6 |  0  1  2  6 |
2          -0.08149195      |  1  2  3  4 |  1  2  3  4 |
1           0.05011517      |  0  1  2  3 |  0  2  3  6 |
1           0.05011517      |  0  2  3  6 |  0  1  2  3 |
1           0.04967162      |  0  1  2  3 |  0  1  3  5 |
1           0.04967162      |  0  1  3  5 |  0  1  2  3 |
3          -0.04732675      |  0  2  4  6 |  1  2  3  4 |
3          -0.04732675      |  1  2  3  4 |  0  2  4  6 |
3           0.04723302      |  0  1  4  5 |  1  2  3  4 |
3           0.04723302      |  1  2  3  4 |  0  1  4  5 |
2           0.04610359      |  0  2  3  5 |  0  1  2  4 |
2           0.04610359      |  0  1  2  4 |  0  2  3  5 |
2          -0.04605655      |  0  1  3  6 |  0  1  2  4 |
2          -0.04605655      |  0  1  2  4 |  0  1  3  6 |
2          -0.04588912      |  0  1  4  6 |  0  1  2  3 |
----------------------------------------
HF energy: -10.6350615611 Ha
Variational energy: -10.8456032627 Ha	
END OF eps_var=5.00e-05, variation[0.1/56.6]GB [0.300/0.300/0.393]s

BEG OF eps_var=2.00e-05, variation[0.1/56.6]GB [0.000/0.000/0.393]s
Try Loading Wavefunction wf_eps1_2.00e-05.dat

BEG OF main, eps_var=2.00e-05, variation[0.1/56.6]GB [0.001/0.000/0.394]s

BEG OF #1, main, eps_var=2.00e-05, variation[0.1/56.6]GB [0.000/0.000/0.394]s
20% 40% 60% 80% 100% 
Number of dets / new dets: 907,969 / 510,437
END OF get next det list [18446744073.5/56.3]GB [1.608/1.608/2.002]s
END OF update unique ab [18446744073.5/56.3]GB [0.349/1.956/2.351]s
END OF create abm1 [18446744073.5/56.3]GB [0.169/2.125/2.519]s
Outer size of a/b singles: 11,104 / 11,104
Full size of absingles: 1,592,540
END OF create absingles [18446744073.6/56.3]GB [0.254/2.379/2.773]s
10% 20% 30% 40% 50% 60% 70% 80% 90% 100% 
Number of nonzero elems: 509,928,337
END OF generate sparse hamiltonian [18446744071.9/54.6]GB [195.115/197.493/197.888]s
Davidson #0:  -10.8456032627
Davidson #1:  -10.8461207369
Davidson #2:  -10.8461322020
Davidson #3:  -10.8461330226
Davidson #4:  -10.8461331741
Davidson #5:  -10.8461332055
Davidson #6:  -10.8461332201
Davidson #7:  -10.8461332242
Davidson #8:  -10.8461332248
END OF diagonalize sparse hamiltonian [18446744072.0/54.7]GB [32.826/230.320/230.714]s
Iteration 1 eps1= 2.00e-05 ndets= 907,969 energy= -10.84613322
END OF #1, main, eps_var=2.00e-05, variation[18446744072.0/54.7]GB [0.000/230.320/230.714]s

BEG OF #2, main, eps_var=2.00e-05, variation[18446744072.0/54.7]GB [0.002/0.000/230.716]s
20% 40% 60% 80% 100% 
Number of dets / new dets: 916,354 / 8,385
END OF get next det list [18446744072.0/54.7]GB [0.614/0.614/231.330]s
END OF update unique ab [18446744072.0/54.7]GB [0.074/0.687/231.404]s
END OF create abm1 [18446744072.0/54.7]GB [0.008/0.695/231.411]s
Outer size of a/b singles: 11,159 / 11,159
Full size of absingles: 991,212
END OF create absingles [18446744072.0/54.7]GB [0.074/0.769/231.485]s
10% 20% 30% 40% 50% 60% 70% 80% 90% 100% 
Number of nonzero elems: 515,820,096
END OF generate sparse hamiltonian [18446744072.0/54.7]GB [12.764/13.532/244.248]s
Davidson #0:  -10.8461332249
Davidson #1:  -10.8461369708
Davidson #2:  -10.8461370017
Davidson #3:  -10.8461370027
Davidson #4:  -10.8461370028
Davidson #5:  -10.8461370029
END OF diagonalize sparse hamiltonian [18446744072.1/54.8]GB [21.170/34.702/265.418]s
Iteration 2 eps1= 2.00e-05 ndets= 916,354 energy= -10.84613700
END OF #2, main, eps_var=2.00e-05, variation[18446744072.1/54.8]GB [0.000/34.702/265.418]s

BEG OF #3, main, eps_var=2.00e-05, variation[18446744072.1/54.8]GB [0.001/0.000/265.420]s
20% 40% 60% 80% 100% 
Number of dets / new dets: 916,438 / 84
END OF get next det list [18446744072.1/54.8]GB [0.451/0.451/265.871]s
END OF update unique ab [18446744072.1/54.8]GB [0.001/0.452/265.872]s
END OF create abm1 [18446744072.1/54.8]GB [0.000/0.452/265.872]s
Outer size of a/b singles: 11,159 / 11,159
Full size of absingles: 28,216
END OF create absingles [18446744072.1/54.8]GB [0.008/0.460/265.880]s
10% 20% 30% 40% 50% 60% 70% 80% 90% 100% 
Number of nonzero elems: 515,877,996
END OF generate sparse hamiltonian [18446744072.1/54.8]GB [1.153/1.613/267.033]s
Davidson #0:  -10.8461370029
Davidson #1:  -10.8461370432
Davidson #2:  -10.8461370435
Davidson #3:  -10.8461370435
END OF diagonalize sparse hamiltonian [18446744072.1/54.8]GB [13.733/15.346/280.766]s
Iteration 3 eps1= 2.00e-05 ndets= 916,438 energy= -10.84613704
END OF #3, main, eps_var=2.00e-05, variation[18446744072.1/54.8]GB [0.000/15.346/280.766]s
Final iteration 3 eps1= 2.00e-05 ndets= 916,438 energy=  -10.84613704
State 0:
----------------------------------------
Excite Lv       # dets         Sum c^2
0                    1      0.34841588
1                   44      0.01271901
2                 2574      0.55776485
3                61008      0.05701583
4               367326      0.02228779
5               348772      0.00160091
6               130197      0.00019095
7                 6308      0.00000451
8                  208      0.00000027
----------------------------------------
Orbital                        Sum c^2
0                           1.90778878
1                           1.83996174
2                           1.84037975
3                           1.01423840
4                           1.05761826
5                           0.10425667
6                           0.10430141
7                           0.04522157
8                           0.00531150
9                           0.00774310
10                          0.00504389
11                          0.00504580
12                          0.00681493
13                          0.01149679
14                          0.01150277
15                          0.01180619
16                          0.00421632
17                          0.00150339
18                          0.00132252
19                          0.00111771
20                          0.00112790
21                          0.00171594
22                          0.00171553
23                          0.00239988
24                          0.00240352
25                          0.00068228
26                          0.00094194
27                          0.00061648
28                          0.00141507
29                          0.00028994
Sum orbitals c^2: 8.00000000
----------------------------------------
Most important dets:
Excite Lv         Coef      Det (Reordered orb)
2           0.61447768      |  0  1  2  4 |  0  1  2  4 |
0           0.59026763      |  0  1  2  3 |  0  1  2  3 |
2          -0.17716645      |  0  2  3  4 |  0  2  3  4 |
2          -0.17674658      |  0  1  3  4 |  0  1  3  4 |
2          -0.12738899      |  0  1  2  5 |  0  1  2  5 |
2          -0.12716734      |  0  1  2  6 |  0  1  2  6 |
2          -0.08150461      |  1  2  3  4 |  1  2  3  4 |
1           0.05018151      |  0  1  2  3 |  0  2  3  6 |
1           0.05018151      |  0  2  3  6 |  0  1  2  3 |
1           0.04973476      |  0  1  2  3 |  0  1  3  5 |
1           0.04973476      |  0  1  3  5 |  0  1  2  3 |
3          -0.04736179      |  0  2  4  6 |  1  2  3  4 |
3          -0.04736179      |  1  2  3  4 |  0  2  4  6 |
3           0.04726765      |  0  1  4  5 |  1  2  3  4 |
3           0.04726765      |  1  2  3  4 |  0  1  4  5 |
2           0.04617641      |  0  1  2  4 |  0  2  3  5 |
2           0.04617641      |  0  2  3  5 |  0  1  2  4 |
2          -0.04612812      |  0  1  3  6 |  0  1  2  4 |
2          -0.04612812      |  0  1  2  4 |  0  1  3  6 |
2          -0.04596129      |  0  1  4  6 |  0  1  2  3 |
----------------------------------------
END OF main, eps_var=2.00e-05, variation[18446744072.1/54.8]GB [0.297/280.668/281.062]s
Variational results saved to: wf_eps1_2.00e-05.dat
END OF eps_var=2.00e-05, variation[18446744072.3/55.0]GB [0.037/280.706/281.100]s

BEG OF eps_var=1.00e-05, variation[18446744072.3/55.0]GB [0.000/0.000/281.100]s
Try Loading Wavefunction wf_eps1_1.00e-05.dat

BEG OF main, eps_var=1.00e-05, variation[18446744072.3/55.0]GB [0.005/0.000/281.104]s

BEG OF #1, main, eps_var=1.00e-05, variation[18446744072.3/55.0]GB [0.000/0.000/281.104]s
20% 40% 60% 80% 100% 
Number of dets / new dets: 1,609,666 / 693,228
END OF get next det list [18446744072.5/55.2]GB [2.834/2.834/283.938]s
END OF update unique ab [18446744072.5/55.2]GB [0.417/3.251/284.355]s
END OF create abm1 [18446744072.5/55.2]GB [0.173/3.424/284.529]s
Outer size of a/b singles: 14,179 / 14,179
Full size of absingles: 2,227,304
END OF create absingles [18446744072.5/55.2]GB [0.311/3.734/284.839]s
10% 20% 30% 40% 50% 60% 70% 80% 90% 100% 
Number of nonzero elems: 1,060,402,852
END OF generate sparse hamiltonian [4.9/61.3]GB [332.913/336.647/617.751]s
Davidson #0:  -10.8461370435
Davidson #1:  -10.8462858508
Davidson #2:  -10.8462882708
Davidson #3:  -10.8462884056
Davidson #4:  -10.8462884245
Davidson #5:  -10.8462884283
Davidson #6:  -10.8462884302
Davidson #7:  -10.8462884307
Davidson #8:  -10.8462884308
END OF diagonalize sparse hamiltonian [5.1/61.5]GB [98.510/435.157/716.261]s
Iteration 4 eps1= 1.00e-05 ndets= 1,609,666 energy= -10.84628843
END OF #1, main, eps_var=1.00e-05, variation[5.1/61.5]GB [0.000/435.157/716.261]s

BEG OF #2, main, eps_var=1.00e-05, variation[5.1/61.5]GB [0.001/0.000/716.263]s
20% 40% 60% 80% 100% 
Number of dets / new dets: 1,617,937 / 8,271
END OF get next det list [5.1/61.5]GB [1.248/1.248/717.511]s
END OF update unique ab [5.1/61.5]GB [0.109/1.357/717.620]s
END OF create abm1 [5.1/61.5]GB [0.012/1.368/717.631]s
Outer size of a/b singles: 14,208 / 14,208
Full size of absingles: 1,236,968
END OF create absingles [5.1/61.5]GB [0.105/1.473/717.735]s
10% 20% 30% 40% 50% 60% 70% 80% 90% 100% 
Number of nonzero elems: 1,066,911,443
END OF generate sparse hamiltonian [5.1/61.5]GB [20.775/22.246/738.509]s
Davidson #0:  -10.8462884308
Davidson #1:  -10.8462893815
Davidson #2:  -10.8462893885
Davidson #3:  -10.8462893887
Davidson #4:  -10.8462893887
END OF diagonalize sparse hamiltonian [18446744072.8/55.6]GB [54.689/76.935/793.197]s
Iteration 5 eps1= 1.00e-05 ndets= 1,617,937 energy= -10.84628939
END OF #2, main, eps_var=1.00e-05, variation[18446744072.8/55.6]GB [0.000/76.935/793.197]s

BEG OF #3, main, eps_var=1.00e-05, variation[18446744072.8/55.6]GB [0.000/0.000/793.197]s
20% 40% 60% 80% 100% 
Number of dets / new dets: 1,618,025 / 88
END OF get next det list [18446744072.8/55.6]GB [0.859/0.859/794.056]s
END OF update unique ab [18446744072.8/55.6]GB [0.001/0.860/794.057]s
END OF create abm1 [18446744072.8/55.6]GB [0.000/0.860/794.058]s
Outer size of a/b singles: 14,208 / 14,208
Full size of absingles: 31,840
END OF create absingles [18446744072.8/55.6]GB [0.011/0.872/794.069]s
10% 20% 30% 40% 50% 60% 70% 80% 90% 100% 
Number of nonzero elems: 1,066,980,875
END OF generate sparse hamiltonian [18446744072.8/55.6]GB [2.648/3.519/796.717]s
Davidson #0:  -10.8462893887
Davidson #1:  -10.8462894036
Davidson #2:  -10.8462894037
Davidson #3:  -10.8462894037
END OF diagonalize sparse hamiltonian [18446744072.9/55.6]GB [42.237/45.755/838.953]s
Iteration 6 eps1= 1.00e-05 ndets= 1,618,025 energy= -10.84628940
END OF #3, main, eps_var=1.00e-05, variation[18446744072.9/55.6]GB [0.000/45.755/838.953]s
Final iteration 6 eps1= 1.00e-05 ndets= 1,618,025 energy=  -10.84628940
State 0:
----------------------------------------
Excite Lv       # dets         Sum c^2
0                    1      0.34824373
1                   52      0.01273580
2                 2686      0.55767124
3                66614      0.05711846
4               527108      0.02238128
5               679270      0.00163928
6               313700      0.00020380
7                27566      0.00000606
8                 1028      0.00000035
----------------------------------------
Orbital                        Sum c^2
0                           1.90754936
1                           1.83968008
2                           1.84009905
3                           1.01424831
4                           1.05753813
5                           0.10443683
6                           0.10448001
7                           0.04533308
8                           0.00534107
9                           0.00778158
10                          0.00507441
11                          0.00507631
12                          0.00684741
13                          0.01153922
14                          0.01154517
15                          0.01184837
16                          0.00423478
17                          0.00151213
18                          0.00132695
19                          0.00112197
20                          0.00113211
21                          0.00172652
22                          0.00172610
23                          0.00241375
24                          0.00241743
25                          0.00068516
26                          0.00094851
27                          0.00061917
28                          0.00142492
29                          0.00029209
Sum orbitals c^2: 8.00000000
----------------------------------------
Most important dets:
Excite Lv         Coef      Det (Reordered orb)
2           0.61431238      |  0  1  2  4 |  0  1  2  4 |
0           0.59012179      |  0  1  2  3 |  0  1  2  3 |
2          -0.17718013      |  0  2  3  4 |  0  2  3  4 |
2          -0.17675931      |  0  1  3  4 |  0  1  3  4 |
2          -0.12741592      |  0  1  2  5 |  0  1  2  5 |
2          -0.12719193      |  0  1  2  6 |  0  1  2  6 |
2          -0.08152084      |  1  2  3  4 |  1  2  3  4 |
1           0.05020951      |  0  2  3  6 |  0  1  2  3 |
1           0.05020951      |  0  1  2  3 |  0  2  3  6 |
1           0.04976274      |  0  1  2  3 |  0  1  3  5 |
1           0.04976274      |  0  1  3  5 |  0  1  2  3 |
3          -0.04737805      |  0  2  4  6 |  1  2  3  4 |
3          -0.04737805      |  1  2  3  4 |  0  2  4  6 |
3           0.04728371      |  0  1  4  5 |  1  2  3  4 |
3           0.04728371      |  1  2  3  4 |  0  1  4  5 |
2           0.04620028      |  0  2  3  5 |  0  1  2  4 |
2           0.04620028      |  0  1  2  4 |  0  2  3  5 |
2          -0.04615165      |  0  1  3  6 |  0  1  2  4 |
2          -0.04615165      |  0  1  2  4 |  0  1  3  6 |
2          -0.04598917      |  0  1  4  6 |  0  1  2  3 |
----------------------------------------
END OF main, eps_var=1.00e-05, variation[18446744072.9/55.6]GB [0.526/558.374/839.478]s
Variational results saved to: wf_eps1_1.00e-05.dat
END OF eps_var=1.00e-05, variation[18446744072.9/55.6]GB [0.066/558.445/839.544]s

BEG OF eps_var=8.00e-06, variation[18446744072.9/55.6]GB [0.000/0.000/839.544]s
Try Loading Wavefunction wf_eps1_8.00e-06.dat

BEG OF main, eps_var=8.00e-06, variation[18446744072.9/55.6]GB [0.018/0.000/839.562]s

BEG OF #1, main, eps_var=8.00e-06, variation[18446744072.9/55.6]GB [0.000/0.000/839.563]s
20% 40% 60% 80% 100% 
Number of dets / new dets: 1,932,560 / 314,535
END OF get next det list [18446744072.9/55.6]GB [2.289/2.289/841.851]s
END OF update unique ab [18446744072.9/55.6]GB [0.286/2.575/842.137]s
END OF create abm1 [18446744072.9/55.6]GB [0.100/2.674/842.236]s
Outer size of a/b singles: 15,298 / 15,298
Full size of absingles: 2,445,012
END OF create absingles [18446744072.9/55.6]GB [0.295/2.968/842.531]s
10% 20% 30% 40% 50% 60% 70% 80% 90% 100% 
Number of nonzero elems: 1,334,193,218
END OF generate sparse hamiltonian [2.2/58.6]GB [319.446/322.412/1161.974]s
Davidson #0:  -10.8462894037
Davidson #1:  -10.8463175928
Davidson #2:  -10.8463178708
Davidson #3:  -10.8463178817
Davidson #4:  -10.8463178827
Davidson #5:  -10.8463178829
Davidson #6:  -10.8463178830
END OF diagonalize sparse hamiltonian [2.0/58.4]GB [113.417/435.829/1275.391]s
Iteration 7 eps1= 8.00e-06 ndets= 1,932,560 energy= -10.84631788
END OF #1, main, eps_var=8.00e-06, variation[2.0/58.4]GB [0.000/435.829/1275.392]s

BEG OF #2, main, eps_var=8.00e-06, variation[2.0/58.4]GB [0.007/0.000/1275.399]s
20% 40% 60% 80% 100% 
Number of dets / new dets: 1,934,959 / 2,399
END OF get next det list [2.0/58.4]GB [1.502/1.502/1276.901]s
END OF update unique ab [2.0/58.4]GB [0.060/1.562/1276.961]s
END OF create abm1 [2.0/58.4]GB [0.006/1.568/1276.966]s
Outer size of a/b singles: 15,305 / 15,305
Full size of absingles: 651,640
END OF create absingles [2.0/58.4]GB [0.062/1.630/1277.028]s
10% 20% 30% 40% 50% 60% 70% 80% 90% 100% 
Number of nonzero elems: 1,336,018,821
END OF generate sparse hamiltonian [2.0/58.4]GB [10.948/12.575/1287.974]s
Davidson #0:  -10.8463178830
Davidson #1:  -10.8463180578
Davidson #2:  -10.8463180589
Davidson #3:  -10.8463180589
END OF diagonalize sparse hamiltonian [2.0/58.5]GB [62.324/74.899/1350.298]s
Iteration 8 eps1= 8.00e-06 ndets= 1,934,959 energy= -10.84631806
END OF #2, main, eps_var=8.00e-06, variation[2.0/58.5]GB [0.000/74.899/1350.298]s

BEG OF #3, main, eps_var=8.00e-06, variation[2.0/58.5]GB [0.000/0.000/1350.298]s
20% 40% 60% 80% 100% 
Number of dets / new dets: 1,935,001 / 42
END OF get next det list [2.0/58.5]GB [1.038/1.038/1351.336]s
END OF update unique ab [2.0/58.5]GB [0.002/1.040/1351.338]s
END OF create abm1 [2.0/58.5]GB [0.000/1.040/1351.338]s
Outer size of a/b singles: 15,305 / 15,305
Full size of absingles: 15,840
END OF create absingles [2.0/58.5]GB [0.010/1.050/1351.347]s
10% 20% 30% 40% 50% 60% 70% 80% 90% 100% 
Number of nonzero elems: 1,336,054,579
END OF generate sparse hamiltonian [2.0/58.5]GB [3.175/4.225/1354.523]s
Davidson #0:  -10.8463180589
Davidson #1:  -10.8463180620
Davidson #2:  -10.8463180620
END OF diagonalize sparse hamiltonian [2.1/58.5]GB [46.582/50.806/1401.104]s
Iteration 9 eps1= 8.00e-06 ndets= 1,935,001 energy= -10.84631806
END OF #3, main, eps_var=8.00e-06, variation[2.1/58.5]GB [0.000/50.806/1401.104]s
Final iteration 9 eps1= 8.00e-06 ndets= 1,935,001 energy=  -10.84631806
State 0:
----------------------------------------
Excite Lv       # dets         Sum c^2
0                    1      0.34821019
1                   56      0.01273967
2                 2752      0.55765233
3                67886      0.05713816
4               576522      0.02239889
5               829558      0.00164719
6               414678      0.00020677
7                41906      0.00000644
8                 1642      0.00000037
----------------------------------------
Orbital                        Sum c^2
0                           1.90750140
1                           1.83962645
2                           1.84004559
3                           1.01424765
4                           1.05752224
5                           0.10447091
6                           0.10451387
7                           0.04535410
8                           0.00534778
9                           0.00778934
10                          0.00508078
11                          0.00508268
12                          0.00685411
13                          0.01154778
14                          0.01155369
15                          0.01185664
16                          0.00423870
17                          0.00151388
18                          0.00132796
19                          0.00112293
20                          0.00113307
21                          0.00172864
22                          0.00172823
23                          0.00241653
24                          0.00242023
25                          0.00068581
26                          0.00094986
27                          0.00061977
28                          0.00142688
29                          0.00029253
Sum orbitals c^2: 8.00000000
----------------------------------------
Most important dets:
Excite Lv         Coef      Det (Reordered orb)
2           0.61428068      |  0  1  2  4 |  0  1  2  4 |
0           0.59009337      |  0  1  2  3 |  0  1  2  3 |
2          -0.17718122      |  0  2  3  4 |  0  2  3  4 |
2          -0.17676025      |  0  1  3  4 |  0  1  3  4 |
2          -0.12742114      |  0  1  2  5 |  0  1  2  5 |
2          -0.12719669      |  0  1  2  6 |  0  1  2  6 |
2          -0.08152599      |  1  2  3  4 |  1  2  3  4 |
1           0.05021618      |  0  2  3  6 |  0  1  2  3 |
1           0.05021618      |  0  1  2  3 |  0  2  3  6 |
1           0.04976931      |  0  1  2  3 |  0  1  3  5 |
1           0.04976931      |  0  1  3  5 |  0  1  2  3 |
3          -0.04738152      |  1  2  3  4 |  0  2  4  6 |
3          -0.04738152      |  0  2  4  6 |  1  2  3  4 |
3           0.04728714      |  0  1  4  5 |  1  2  3  4 |
3           0.04728714      |  1  2  3  4 |  0  1  4  5 |
2           0.04620439      |  0  2  3  5 |  0  1  2  4 |
2           0.04620439      |  0  1  2  4 |  0  2  3  5 |
2          -0.04615575      |  0  1  3  6 |  0  1  2  4 |
2          -0.04615575      |  0  1  2  4 |  0  1  3  6 |
2          -0.04599402      |  0  1  4  6 |  0  1  2  3 |
----------------------------------------
END OF main, eps_var=8.00e-06, variation[2.1/58.5]GB [0.626/562.168/1401.730]s
Variational results saved to: wf_eps1_8.00e-06.dat
END OF eps_var=8.00e-06, variation[2.1/58.5]GB [0.078/562.263/1401.808]s

BEG OF eps_var=5.00e-06, variation[2.1/58.5]GB [0.000/0.000/1401.808]s
Try Loading Wavefunction wf_eps1_5.00e-06.dat

BEG OF main, eps_var=5.00e-06, variation[2.1/58.5]GB [0.006/0.000/1401.814]s

BEG OF #1, main, eps_var=5.00e-06, variation[2.1/58.5]GB [0.000/0.000/1401.814]s
20% 40% 60% 80% 100% 
Number of dets / new dets: 2,834,920 / 899,919
END OF get next det list [2.2/58.7]GB [4.981/4.981/1406.796]s
END OF update unique ab [2.2/58.7]GB [0.565/5.547/1407.361]s
END OF create abm1 [2.2/58.7]GB [0.287/5.833/1407.647]s
Outer size of a/b singles: 17,315 / 17,315
Full size of absingles: 2,900,528
END OF create absingles [2.2/58.7]GB [0.497/6.329/1408.143]s
10% 20% 30% 40% 50% 60% 70% 80% 90% 100% 
Number of nonzero elems: 2,153,330,798
END OF generate sparse hamiltonian [11.5/67.9]GB [658.236/664.563/2066.377]s
Davidson #0:  -10.8463180620
Davidson #1:  -10.8463596678
Davidson #2:  -10.8463601699
Davidson #3:  -10.8463601924
Davidson #4:  -10.8463601947
Davidson #5:  -10.8463601951
Davidson #6:  -10.8463601952
Davidson #7:  -10.8463601953
END OF diagonalize sparse hamiltonian [11.7/68.2]GB [264.485/929.046/2330.860]s
Iteration 10 eps1= 5.00e-06 ndets= 2,834,920 energy= -10.84636020
END OF #1, main, eps_var=5.00e-06, variation[11.7/68.2]GB [0.000/929.046/2330.860]s

BEG OF #2, main, eps_var=5.00e-06, variation[11.7/68.2]GB [0.002/0.000/2330.862]s
20% 40% 60% 80% 100% 
Number of dets / new dets: 2,842,054 / 7,134
END OF get next det list [11.7/68.2]GB [2.515/2.515/2333.377]s
END OF update unique ab [11.7/68.2]GB [0.164/2.679/2333.541]s
END OF create abm1 [11.7/68.2]GB [0.016/2.694/2333.556]s
Outer size of a/b singles: 17,320 / 17,320
Full size of absingles: 1,394,696
END OF create absingles [11.7/68.2]GB [0.128/2.822/2333.684]s
10% 20% 30% 40% 50% 60% 70% 80% 90% 100% 
Number of nonzero elems: 2,159,958,472
END OF generate sparse hamiltonian [11.7/68.2]GB [31.289/34.107/2364.969]s
Davidson #0:  -10.8463601953
Davidson #1:  -10.8463604195
Davidson #2:  -10.8463604209
Davidson #3:  -10.8463604209
END OF diagonalize sparse hamiltonian [11.9/68.3]GB [132.036/166.141/2497.003]s
Iteration 11 eps1= 5.00e-06 ndets= 2,842,054 energy= -10.84636042
END OF #2, main, eps_var=5.00e-06, variation[11.9/68.3]GB [0.000/166.141/2497.003]s

BEG OF #3, main, eps_var=5.00e-06, variation[11.9/68.3]GB [0.000/0.000/2497.003]s
20% 40% 60% 80% 100% 
Number of dets / new dets: 2,842,121 / 67
END OF get next det list [11.9/68.3]GB [1.694/1.694/2498.697]s
END OF update unique ab [11.9/68.3]GB [0.002/1.695/2498.699]s
END OF create abm1 [11.9/68.3]GB [0.000/1.696/2498.699]s
Outer size of a/b singles: 17,320 / 17,320
Full size of absingles: 23,376
END OF create absingles [11.9/68.3]GB [0.012/1.708/2498.711]s
10% 20% 30% 40% 50% 60% 70% 80% 90% 100% 
Number of nonzero elems: 2,160,058,373
END OF generate sparse hamiltonian [11.9/68.3]GB [6.061/7.768/2504.771]s
Davidson #0:  -10.8463604209
Davidson #1:  -10.8463604225
Davidson #2:  -10.8463604225
END OF diagonalize sparse hamiltonian [11.9/68.4]GB [97.203/104.970/2601.973]s
Iteration 12 eps1= 5.00e-06 ndets= 2,842,121 energy= -10.84636042
END OF #3, main, eps_var=5.00e-06, variation[11.9/68.4]GB [0.000/104.970/2601.973]s
Final iteration 12 eps1= 5.00e-06 ndets= 2,842,121 energy=  -10.84636042
State 0:
----------------------------------------
Excite Lv       # dets         Sum c^2
0                    1      0.34814761
1                   62      0.01274497
2                 3024      0.55763577
3                70120      0.05716775
4               674752      0.02242560
5              1246460      0.00165914
6               745254      0.00021163
7                98126      0.00000712
8                 4322      0.00000040
----------------------------------------
Orbital                        Sum c^2
0                           1.90742963
1                           1.83954802
2                           1.83996711
3                           1.01421452
4                           1.05752756
5                           0.10451908
6                           0.10456158
7                           0.04538494
8                           0.00535836
9                           0.00780206
10                          0.00509112
11                          0.00509303
12                          0.00686462
13                          0.01156056
14                          0.01156643
15                          0.01186920
16                          0.00424509
17                          0.00151671
18                          0.00132956
19                          0.00112442
20                          0.00113456
21                          0.00173200
22                          0.00173158
23                          0.00242087
24                          0.00242460
25                          0.00068686
26                          0.00095202
27                          0.00062069
28                          0.00143001
29                          0.00029321
Sum orbitals c^2: 8.00000000
----------------------------------------
Most important dets:
Excite Lv         Coef      Det (Reordered orb)
2           0.61424564      |  0  1  2  4 |  0  1  2  4 |
0           0.59004035      |  0  1  2  3 |  0  1  2  3 |
2          -0.17718107      |  0  2  3  4 |  0  2  3  4 |
2          -0.17676011      |  0  1  3  4 |  0  1  3  4 |
2          -0.12742653      |  0  1  2  5 |  0  1  2  5 |
2          -0.12720132      |  0  1  2  6 |  0  1  2  6 |
2          -0.08153388      |  1  2  3  4 |  1  2  3  4 |
1           0.05022447      |  0  2  3  6 |  0  1  2  3 |
1           0.05022447      |  0  1  2  3 |  0  2  3  6 |
1           0.04977766      |  0  1  2  3 |  0  1  3  5 |
1           0.04977766      |  0  1  3  5 |  0  1  2  3 |
3          -0.04738668      |  0  2  4  6 |  1  2  3  4 |
3          -0.04738668      |  1  2  3  4 |  0  2  4  6 |
3           0.04729228      |  1  2  3  4 |  0  1  4  5 |
3           0.04729228      |  0  1  4  5 |  1  2  3  4 |
2           0.04621082      |  0  1  2  4 |  0  2  3  5 |
2           0.04621082      |  0  2  3  5 |  0  1  2  4 |
2          -0.04616226      |  0  1  2  4 |  0  1  3  6 |
2          -0.04616226      |  0  1  3  6 |  0  1  2  4 |
2          -0.04600075      |  0  1  2  3 |  0  1  4  6 |
----------------------------------------
END OF main, eps_var=5.00e-06, variation[11.9/68.4]GB [0.920/1201.080/2602.894]s
Variational results saved to: wf_eps1_5.00e-06.dat
END OF eps_var=5.00e-06, variation[11.9/68.4]GB [0.109/1201.195/2603.002]s
END OF variation[11.8/68.2]GB [1.705/2604.614/2604.707]s

BEG OF post variation[11.8/68.2]GB [0.000/0.000/2604.707]s
END OF post variation[11.8/68.2]GB [0.000/0.000/2604.707]s

BEG OF perturbation[11.8/68.2]GB [0.000/0.000/2604.708]s

BEG OF eps_var=5.00e-05, perturbation[11.8/68.2]GB [0.000/0.000/2604.708]s
Try Loading Wavefunction wf_eps1_5.00e-05.dat
Loaded 397,532 dets from: wf_eps1_5.00e-05.dat
State 0:
----------------------------------------
Excite Lv       # dets         Sum c^2
0                    1      0.34898656
1                   44      0.01267641
2                 2552      0.55802694
3                48134      0.05668322
4               187769      0.02197280
5               122710      0.00149335
6                35949      0.00015890
7                  360      0.00000173
8                   13      0.00000010
----------------------------------------
Orbital                        Sum c^2
0                           1.90850296
1                           1.84080486
2                           1.84121924
3                           1.01436875
4                           1.05778549
5                           0.10369649
6                           0.10374438
7                           0.04486729
8                           0.00522881
9                           0.00762623
10                          0.00495190
11                          0.00495351
12                          0.00671541
13                          0.01136459
14                          0.01137109
15                          0.01167702
16                          0.00416134
17                          0.00147418
18                          0.00130958
19                          0.00110580
20                          0.00111567
21                          0.00168195
22                          0.00168164
23                          0.00235770
24                          0.00236122
25                          0.00067417
26                          0.00092148
27                          0.00060870
28                          0.00138481
29                          0.00028374
Sum orbitals c^2: 8.00000000
----------------------------------------
Most important dets:
Excite Lv         Coef      Det (Reordered orb)
2           0.61493876      |  0  1  2  4 |  0  1  2  4 |
0           0.59075084      |  0  1  2  3 |  0  1  2  3 |
2          -0.17715777      |  0  2  3  4 |  0  2  3  4 |
2          -0.17674037      |  0  1  3  4 |  0  1  3  4 |
2          -0.12732075      |  0  1  2  5 |  0  1  2  5 |
2          -0.12710460      |  0  1  2  6 |  0  1  2  6 |
2          -0.08149195      |  1  2  3  4 |  1  2  3  4 |
1           0.05011517      |  0  1  2  3 |  0  2  3  6 |
1           0.05011517      |  0  2  3  6 |  0  1  2  3 |
1           0.04967162      |  0  1  2  3 |  0  1  3  5 |
1           0.04967162      |  0  1  3  5 |  0  1  2  3 |
3          -0.04732675      |  0  2  4  6 |  1  2  3  4 |
3          -0.04732675      |  1  2  3  4 |  0  2  4  6 |
3           0.04723302      |  0  1  4  5 |  1  2  3  4 |
3           0.04723302      |  1  2  3  4 |  0  1  4  5 |
2           0.04610359      |  0  2  3  5 |  0  1  2  4 |
2           0.04610359      |  0  1  2  4 |  0  2  3  5 |
2          -0.04605655      |  0  1  3  6 |  0  1  2  4 |
2          -0.04605655      |  0  1  2  4 |  0  1  3  6 |
2          -0.04588912      |  0  1  4  6 |  0  1  2  3 |
----------------------------------------
HF energy: -10.6350615611 Ha
Variational energy: -10.8456032627 Ha	
Memory total: 197.1GB
Helper size: 0.0GB
Bytes per det: 32
Memory var: 0.0GB
Memory PT limit: 137.9GB

BEG OF dtm 5.00e-06 (state 0), eps_var=5.00e-05, perturbation[2.3/58.8]GB [0.753/0.000/2605.461]s
Number of dtm batches: 1
END OF determine number of dtm batches [2.3/58.8]GB [0.043/0.043/2605.503]s

BEG OF #1/1, dtm 5.00e-06 (state 0), eps_var=5.00e-05, perturbation[2.3/58.8]GB [0.000/0.000/2605.504]s
20% 40% 60% 80% 100% 
Number of dtm pt dets: 2,383,635
END OF create hc sums [2.3/58.8]GB [10.242/10.242/2615.745]s
PT dtm batch correction: -0.0005399350 Ha
PT dtm correction (eps1= 5.00e-05, eps_pt_dtm= 5.00e-06): -0.0005399350 +- 0.0000000000 Ha
PT dtm total energy (eps1= 5.00e-05, eps_pt_dtm= 5.00e-06): -10.8461431977 +- 0.0000000000 Ha
Correlation energy (eps1= 5.00e-05, eps_pt_dtm= 5.00e-06): -0.2110816366 +- 0.0000000000 Ha
END OF #1/1, dtm 5.00e-06 (state 0), eps_var=5.00e-05, perturbation[2.3/58.8]GB [2.238/12.479/2617.983]s
END OF dtm 5.00e-06 (state 0), eps_var=5.00e-05, perturbation[2.3/58.8]GB [0.000/12.522/2617.983]s

BEG OF psto 5.00e-07 (state 0), eps_var=5.00e-05, perturbation[2.3/58.8]GB [0.000/0.000/2617.983]s
Number of psto batches: 16
END OF determine number of psto batches [2.3/58.8]GB [0.401/0.401/2618.383]s

BEG OF #1/16, psto 5.00e-07 (state 0), eps_var=5.00e-05, perturbation[2.3/58.8]GB [0.000/0.000/2618.384]s
20% 40% 60% 80% 100% 
Number of psto pt dets: 863,939
END OF create hc sums [2.4/58.8]GB [16.422/16.422/2634.806]s
PT psto batch correction: -0.0000125427 Ha
PT psto correction (eps1= 5.00e-05, eps_pt_psto= 5.00e-07): -0.0002006839 +- 0.0000020708 Ha
PT psto total energy (eps1= 5.00e-05, eps_pt_psto= 5.00e-07): -10.8463438816 +- 0.0000020708 Ha
Correlation energy (eps1= 5.00e-05, eps_pt_psto= 5.00e-07): -0.2112823205 +- 0.0000020708 Ha
END OF #1/16, psto 5.00e-07 (state 0), eps_var=5.00e-05, perturbation[2.4/58.8]GB [0.963/17.385/2635.769]s
END OF psto 5.00e-07 (state 0), eps_var=5.00e-05, perturbation[2.4/58.8]GB [0.000/17.786/2635.769]s

BEG OF sto 5.00e-08 (state 0), eps_var=5.00e-05, perturbation[2.4/58.8]GB [0.003/0.000/2635.772]s

random_seed= 347634253
Number of unique var dets in sample target: 49,692
Number of dets chosen: 94,623
END OF determine n samples [2.4/58.8]GB [0.369/0.369/2636.141]s
Number of deterministic var dets: 12,422

BEG OF #1, sto 5.00e-08 (state 0), eps_var=5.00e-05, perturbation[2.4/58.8]GB [0.012/0.000/2636.153]s
Number of unique variational determinants in sample: 78,586
Batch id: 2 / 64
20% 40% 60% 80% 100% 
Number of sto pt dets: 272,789
END OF create hc sums [2.4/58.8]GB [8.234/8.234/2644.387]s
PT sto loop correction: -0.0000037516 Ha
PT sto correction (eps1= 5.00e-05, eps_pt= 5.00e-08): -0.0000037516 +- -nan Ha
PT sto total energy (eps1= 5.00e-05, eps_pt= 5.00e-08): -10.8463476332 +- -nan Ha
Correlation energy (eps1= 5.00e-05, eps_pt= 5.00e-08): -0.2112860721 +- -nan Ha
END OF #1, sto 5.00e-08 (state 0), eps_var=5.00e-05, perturbation[2.4/58.8]GB [0.319/8.552/2644.704]s

BEG OF #2, sto 5.00e-08 (state 0), eps_var=5.00e-05, perturbation[2.4/58.8]GB [0.000/0.000/2644.704]s
Number of unique variational determinants in sample: 78,533
Batch id: 36 / 64
20% 40% 60% 80% 100% 
Number of sto pt dets: 272,447
END OF create hc sums [2.4/58.8]GB [8.148/8.148/2652.852]s
PT sto loop correction: -0.0000054200 Ha
PT sto correction (eps1= 5.00e-05, eps_pt= 5.00e-08): -0.0000045858 +- 0.0000008342 Ha
PT sto total energy (eps1= 5.00e-05, eps_pt= 5.00e-08): -10.8463484674 +- 0.0000022325 Ha
Correlation energy (eps1= 5.00e-05, eps_pt= 5.00e-08): -0.2112869063 +- 0.0000022325 Ha
END OF #2, sto 5.00e-08 (state 0), eps_var=5.00e-05, perturbation[2.4/58.8]GB [0.316/8.463/2653.167]s

BEG OF #3, sto 5.00e-08 (state 0), eps_var=5.00e-05, perturbation[2.4/58.8]GB [0.000/0.000/2653.167]s
Number of unique variational determinants in sample: 78,623
Batch id: 15 / 64
20% 40% 60% 80% 100% 
Number of sto pt dets: 272,787
END OF create hc sums [2.4/58.8]GB [8.120/8.120/2661.287]s
PT sto loop correction: -0.0000034321 Ha
PT sto correction (eps1= 5.00e-05, eps_pt= 5.00e-08): -0.0000042012 +- 0.0000006163 Ha
PT sto total energy (eps1= 5.00e-05, eps_pt= 5.00e-08): -10.8463480828 +- 0.0000021605 Ha
Correlation energy (eps1= 5.00e-05, eps_pt= 5.00e-08): -0.2112865217 +- 0.0000021605 Ha
END OF #3, sto 5.00e-08 (state 0), eps_var=5.00e-05, perturbation[2.4/58.8]GB [0.315/8.435/2661.602]s

BEG OF #4, sto 5.00e-08 (state 0), eps_var=5.00e-05, perturbation[2.4/58.8]GB [0.000/0.000/2661.602]s
Number of unique variational determinants in sample: 78,433
Batch id: 46 / 64
20% 40% 60% 80% 100% 
Number of sto pt dets: 272,239
END OF create hc sums [2.4/58.8]GB [8.130/8.130/2669.732]s
PT sto loop correction: -0.0000053348 Ha
PT sto correction (eps1= 5.00e-05, eps_pt= 5.00e-08): -0.0000044846 +- 0.0000005198 Ha
PT sto total energy (eps1= 5.00e-05, eps_pt= 5.00e-08): -10.8463483662 +- 0.0000021350 Ha
Correlation energy (eps1= 5.00e-05, eps_pt= 5.00e-08): -0.2112868051 +- 0.0000021350 Ha
END OF #4, sto 5.00e-08 (state 0), eps_var=5.00e-05, perturbation[2.4/58.8]GB [0.315/8.444/2670.046]s

BEG OF #5, sto 5.00e-08 (state 0), eps_var=5.00e-05, perturbation[2.4/58.8]GB [0.000/0.000/2670.046]s
Number of unique variational determinants in sample: 78,545
Batch id: 47 / 64
20% 40% 60% 80% 100% 
Number of sto pt dets: 272,443
END OF create hc sums [2.4/58.8]GB [8.148/8.148/2678.194]s
PT sto loop correction: -0.0000071293 Ha
PT sto correction (eps1= 5.00e-05, eps_pt= 5.00e-08): -0.0000050136 +- 0.0000006648 Ha
PT sto total energy (eps1= 5.00e-05, eps_pt= 5.00e-08): -10.8463488951 +- 0.0000021749 Ha
Correlation energy (eps1= 5.00e-05, eps_pt= 5.00e-08): -0.2112873340 +- 0.0000021749 Ha
END OF #5, sto 5.00e-08 (state 0), eps_var=5.00e-05, perturbation[2.4/58.8]GB [0.318/8.465/2678.511]s

BEG OF #6, sto 5.00e-08 (state 0), eps_var=5.00e-05, perturbation[2.4/58.8]GB [0.000/0.000/2678.511]s
Number of unique variational determinants in sample: 78,517
Batch id: 25 / 64
20% 40% 60% 80% 100% 
Number of sto pt dets: 272,180
END OF create hc sums [2.4/58.8]GB [8.146/8.146/2686.657]s
PT sto loop correction: -0.0000046091 Ha
PT sto correction (eps1= 5.00e-05, eps_pt= 5.00e-08): -0.0000049461 +- 0.0000005470 Ha
PT sto total energy (eps1= 5.00e-05, eps_pt= 5.00e-08): -10.8463488277 +- 0.0000021418 Ha
Correlation energy (eps1= 5.00e-05, eps_pt= 5.00e-08): -0.2112872666 +- 0.0000021418 Ha
END OF #6, sto 5.00e-08 (state 0), eps_var=5.00e-05, perturbation[2.4/58.8]GB [0.315/8.460/2686.971]s
END OF sto 5.00e-08 (state 0), eps_var=5.00e-05, perturbation[2.4/58.8]GB [0.000/51.199/2686.971]s
Total energy: -10.8463488277 +- 0.0000021418 Ha (state 0)
END OF eps_var=5.00e-05, perturbation[2.4/58.8]GB [0.001/82.264/2686.971]s

BEG OF eps_var=2.00e-05, perturbation[2.4/58.8]GB [0.000/0.000/2686.972]s
Try Loading Wavefunction wf_eps1_2.00e-05.dat
Loaded 916,438 dets from: wf_eps1_2.00e-05.dat
State 0:
----------------------------------------
Excite Lv       # dets         Sum c^2
0                    1      0.34841588
1                   44      0.01271901
2                 2574      0.55776485
3                61008      0.05701583
4               367326      0.02228779
5               348772      0.00160091
6               130197      0.00019095
7                 6308      0.00000451
8                  208      0.00000027
----------------------------------------
Orbital                        Sum c^2
0                           1.90778878
1                           1.83996174
2                           1.84037975
3                           1.01423840
4                           1.05761826
5                           0.10425667
6                           0.10430141
7                           0.04522157
8                           0.00531150
9                           0.00774310
10                          0.00504389
11                          0.00504580
12                          0.00681493
13                          0.01149679
14                          0.01150277
15                          0.01180619
16                          0.00421632
17                          0.00150339
18                          0.00132252
19                          0.00111771
20                          0.00112790
21                          0.00171594
22                          0.00171553
23                          0.00239988
24                          0.00240352
25                          0.00068228
26                          0.00094194
27                          0.00061648
28                          0.00141507
29                          0.00028994
Sum orbitals c^2: 8.00000000
----------------------------------------
Most important dets:
Excite Lv         Coef      Det (Reordered orb)
2           0.61447768      |  0  1  2  4 |  0  1  2  4 |
0           0.59026763      |  0  1  2  3 |  0  1  2  3 |
2          -0.17716645      |  0  2  3  4 |  0  2  3  4 |
2          -0.17674658      |  0  1  3  4 |  0  1  3  4 |
2          -0.12738899      |  0  1  2  5 |  0  1  2  5 |
2          -0.12716734      |  0  1  2  6 |  0  1  2  6 |
2          -0.08150461      |  1  2  3  4 |  1  2  3  4 |
1           0.05018151      |  0  1  2  3 |  0  2  3  6 |
1           0.05018151      |  0  2  3  6 |  0  1  2  3 |
1           0.04973476      |  0  1  2  3 |  0  1  3  5 |
1           0.04973476      |  0  1  3  5 |  0  1  2  3 |
3          -0.04736179      |  0  2  4  6 |  1  2  3  4 |
3          -0.04736179      |  1  2  3  4 |  0  2  4  6 |
3           0.04726765      |  0  1  4  5 |  1  2  3  4 |
3           0.04726765      |  1  2  3  4 |  0  1  4  5 |
2           0.04617641      |  0  1  2  4 |  0  2  3  5 |
2           0.04617641      |  0  2  3  5 |  0  1  2  4 |
2          -0.04612812      |  0  1  3  6 |  0  1  2  4 |
2          -0.04612812      |  0  1  2  4 |  0  1  3  6 |
2          -0.04596129      |  0  1  4  6 |  0  1  2  3 |
----------------------------------------
HF energy: -10.6350615611 Ha
Variational energy: -10.8461370435 Ha	
Memory total: 197.1GB
Helper size: 0.0GB
Bytes per det: 32
Memory var: 0.1GB
Memory PT limit: 137.9GB

BEG OF dtm 2.00e-06 (state 0), eps_var=2.00e-05, perturbation[2.4/58.8]GB [0.602/0.000/2687.573]s
Number of dtm batches: 1
END OF determine number of dtm batches [2.4/58.8]GB [0.139/0.139/2687.712]s

BEG OF #1/1, dtm 2.00e-06 (state 0), eps_var=2.00e-05, perturbation[2.4/58.8]GB [0.000/0.000/2687.712]s
20% 40% 60% 80% 100% 
Number of dtm pt dets: 4,999,487
END OF create hc sums [2.4/58.8]GB [29.162/29.162/2716.874]s
PT dtm batch correction: -0.0001787422 Ha
PT dtm correction (eps1= 2.00e-05, eps_pt_dtm= 2.00e-06): -0.0001787422 +- 0.0000000000 Ha
PT dtm total energy (eps1= 2.00e-05, eps_pt_dtm= 2.00e-06): -10.8463157857 +- 0.0000000000 Ha
Correlation energy (eps1= 2.00e-05, eps_pt_dtm= 2.00e-06): -0.2112542246 +- 0.0000000000 Ha
END OF #1/1, dtm 2.00e-06 (state 0), eps_var=2.00e-05, perturbation[2.4/58.8]GB [4.646/33.807/2721.519]s
END OF dtm 2.00e-06 (state 0), eps_var=2.00e-05, perturbation[2.4/58.8]GB [0.000/33.946/2721.519]s

BEG OF psto 2.00e-07 (state 0), eps_var=2.00e-05, perturbation[2.4/58.8]GB [0.000/0.000/2721.519]s
Number of psto batches: 16
END OF determine number of psto batches [2.4/58.8]GB [1.143/1.143/2722.663]s

BEG OF #1/16, psto 2.00e-07 (state 0), eps_var=2.00e-05, perturbation[2.4/58.8]GB [0.000/0.000/2722.663]s
20% 40% 60% 80% 100% 
Number of psto pt dets: 1,466,091
END OF create hc sums [2.4/58.8]GB [41.361/41.361/2764.025]s
PT psto batch correction: -0.0000049477 Ha
PT psto correction (eps1= 2.00e-05, eps_pt_psto= 2.00e-07): -0.0000791636 +- 0.0000005247 Ha
PT psto total energy (eps1= 2.00e-05, eps_pt_psto= 2.00e-07): -10.8463949494 +- 0.0000005247 Ha
Correlation energy (eps1= 2.00e-05, eps_pt_psto= 2.00e-07): -0.2113333882 +- 0.0000005247 Ha
END OF #1/16, psto 2.00e-07 (state 0), eps_var=2.00e-05, perturbation[2.4/58.8]GB [1.592/42.953/2765.616]s
END OF psto 2.00e-07 (state 0), eps_var=2.00e-05, perturbation[2.4/58.8]GB [0.000/44.097/2765.616]s

BEG OF sto 2.00e-08 (state 0), eps_var=2.00e-05, perturbation[2.4/58.8]GB [0.010/0.000/2765.626]s

random_seed= 347634253
Number of unique var dets in sample target: 114,555
Number of dets chosen: 230,923
END OF determine n samples [2.4/58.8]GB [0.472/0.472/2766.098]s
Number of deterministic var dets: 28,637

BEG OF #1, sto 2.00e-08 (state 0), eps_var=2.00e-05, perturbation[2.4/58.8]GB [0.029/0.000/2766.125]s
Number of unique variational determinants in sample: 186,643
Batch id: 28 / 64
20% 40% 60% 80% 100% 
Number of sto pt dets: 451,239
END OF create hc sums [2.4/58.8]GB [19.809/19.809/2785.933]s
PT sto loop correction: -0.0000023841 Ha
PT sto correction (eps1= 2.00e-05, eps_pt= 2.00e-08): -0.0000023841 +- -nan Ha
PT sto total energy (eps1= 2.00e-05, eps_pt= 2.00e-08): -10.8463973334 +- -nan Ha
Correlation energy (eps1= 2.00e-05, eps_pt= 2.00e-08): -0.2113357723 +- -nan Ha
END OF #1, sto 2.00e-08 (state 0), eps_var=2.00e-05, perturbation[2.4/58.8]GB [0.505/20.310/2786.435]s

BEG OF #2, sto 2.00e-08 (state 0), eps_var=2.00e-05, perturbation[2.4/58.8]GB [0.000/0.000/2786.435]s
Number of unique variational determinants in sample: 186,374
Batch id: 59 / 64
20% 40% 60% 80% 100% 
Number of sto pt dets: 450,218
END OF create hc sums [2.4/58.9]GB [19.641/19.641/2806.076]s
PT sto loop correction: -0.0000020281 Ha
PT sto correction (eps1= 2.00e-05, eps_pt= 2.00e-08): -0.0000022061 +- 0.0000001780 Ha
PT sto total energy (eps1= 2.00e-05, eps_pt= 2.00e-08): -10.8463971554 +- 0.0000005541 Ha
Correlation energy (eps1= 2.00e-05, eps_pt= 2.00e-08): -0.2113355943 +- 0.0000005541 Ha
END OF #2, sto 2.00e-08 (state 0), eps_var=2.00e-05, perturbation[2.4/58.9]GB [0.502/20.140/2806.575]s

BEG OF #3, sto 2.00e-08 (state 0), eps_var=2.00e-05, perturbation[2.4/58.9]GB [0.000/0.000/2806.575]s
Number of unique variational determinants in sample: 186,257
Batch id: 0 / 64
20% 40% 60% 80% 100% 
Number of sto pt dets: 450,848
END OF create hc sums [2.4/58.9]GB [19.642/19.642/2826.217]s
PT sto loop correction: -0.0000026459 Ha
PT sto correction (eps1= 2.00e-05, eps_pt= 2.00e-08): -0.0000023527 +- 0.0000001791 Ha
PT sto total energy (eps1= 2.00e-05, eps_pt= 2.00e-08): -10.8463973021 +- 0.0000005544 Ha
Correlation energy (eps1= 2.00e-05, eps_pt= 2.00e-08): -0.2113357409 +- 0.0000005544 Ha
END OF #3, sto 2.00e-08 (state 0), eps_var=2.00e-05, perturbation[2.4/58.9]GB [0.502/20.141/2826.716]s

BEG OF #4, sto 2.00e-08 (state 0), eps_var=2.00e-05, perturbation[2.4/58.9]GB [0.000/0.000/2826.716]s
Number of unique variational determinants in sample: 186,254
Batch id: 40 / 64
20% 40% 60% 80% 100% 
Number of sto pt dets: 452,003
END OF create hc sums [2.4/58.9]GB [19.619/19.619/2846.335]s
PT sto loop correction: -0.0000016602 Ha
PT sto correction (eps1= 2.00e-05, eps_pt= 2.00e-08): -0.0000021796 +- 0.0000002145 Ha
PT sto total energy (eps1= 2.00e-05, eps_pt= 2.00e-08): -10.8463971289 +- 0.0000005668 Ha
Correlation energy (eps1= 2.00e-05, eps_pt= 2.00e-08): -0.2113355678 +- 0.0000005668 Ha
END OF #4, sto 2.00e-08 (state 0), eps_var=2.00e-05, perturbation[2.4/58.9]GB [0.505/20.121/2846.837]s

BEG OF #5, sto 2.00e-08 (state 0), eps_var=2.00e-05, perturbation[2.4/58.9]GB [0.000/0.000/2846.837]s
Number of unique variational determinants in sample: 186,558
Batch id: 63 / 64
20% 40% 60% 80% 100% 
Number of sto pt dets: 449,571
END OF create hc sums [2.4/58.9]GB [19.650/19.650/2866.487]s
PT sto loop correction: -0.0000020134 Ha
PT sto correction (eps1= 2.00e-05, eps_pt= 2.00e-08): -0.0000021463 +- 0.0000001694 Ha
PT sto total energy (eps1= 2.00e-05, eps_pt= 2.00e-08): -10.8463970957 +- 0.0000005514 Ha
Correlation energy (eps1= 2.00e-05, eps_pt= 2.00e-08): -0.2113355346 +- 0.0000005514 Ha
END OF #5, sto 2.00e-08 (state 0), eps_var=2.00e-05, perturbation[2.4/58.9]GB [0.500/20.147/2866.984]s

BEG OF #6, sto 2.00e-08 (state 0), eps_var=2.00e-05, perturbation[2.4/58.9]GB [0.000/0.000/2866.984]s
Number of unique variational determinants in sample: 186,473
Batch id: 14 / 64
20% 40% 60% 80% 100% 
Number of sto pt dets: 450,265
END OF create hc sums [2.4/58.9]GB [19.668/19.668/2886.652]s
PT sto loop correction: -0.0000024548 Ha
PT sto correction (eps1= 2.00e-05, eps_pt= 2.00e-08): -0.0000021977 +- 0.0000001476 Ha
PT sto total energy (eps1= 2.00e-05, eps_pt= 2.00e-08): -10.8463971471 +- 0.0000005450 Ha
Correlation energy (eps1= 2.00e-05, eps_pt= 2.00e-08): -0.2113355860 +- 0.0000005450 Ha
END OF #6, sto 2.00e-08 (state 0), eps_var=2.00e-05, perturbation[2.4/58.9]GB [0.502/20.167/2887.151]s
END OF sto 2.00e-08 (state 0), eps_var=2.00e-05, perturbation[2.4/58.9]GB [0.000/121.525/2887.151]s
Total energy: -10.8463971471 +- 0.0000005450 Ha (state 0)
END OF eps_var=2.00e-05, perturbation[2.4/58.9]GB [0.001/200.180/2887.152]s

BEG OF eps_var=1.00e-05, perturbation[2.4/58.9]GB [0.000/0.000/2887.152]s
Try Loading Wavefunction wf_eps1_1.00e-05.dat
Loaded 1,618,025 dets from: wf_eps1_1.00e-05.dat
State 0:
----------------------------------------
Excite Lv       # dets         Sum c^2
0                    1      0.34824373
1                   52      0.01273580
2                 2686      0.55767124
3                66614      0.05711846
4               527108      0.02238128
5               679270      0.00163928
6               313700      0.00020380
7                27566      0.00000606
8                 1028      0.00000035
----------------------------------------
Orbital                        Sum c^2
0                           1.90754936
1                           1.83968008
2                           1.84009905
3                           1.01424831
4                           1.05753813
5                           0.10443683
6                           0.10448001
7                           0.04533308
8                           0.00534107
9                           0.00778158
10                          0.00507441
11                          0.00507631
12                          0.00684741
13                          0.01153922
14                          0.01154517
15                          0.01184837
16                          0.00423478
17                          0.00151213
18                          0.00132695
19                          0.00112197
20                          0.00113211
21                          0.00172652
22                          0.00172610
23                          0.00241375
24                          0.00241743
25                          0.00068516
26                          0.00094851
27                          0.00061917
28                          0.00142492
29                          0.00029209
Sum orbitals c^2: 8.00000000
----------------------------------------
Most important dets:
Excite Lv         Coef      Det (Reordered orb)
2           0.61431238      |  0  1  2  4 |  0  1  2  4 |
0           0.59012179      |  0  1  2  3 |  0  1  2  3 |
2          -0.17718013      |  0  2  3  4 |  0  2  3  4 |
2          -0.17675931      |  0  1  3  4 |  0  1  3  4 |
2          -0.12741592      |  0  1  2  5 |  0  1  2  5 |
2          -0.12719193      |  0  1  2  6 |  0  1  2  6 |
2          -0.08152084      |  1  2  3  4 |  1  2  3  4 |
1           0.05020951      |  0  2  3  6 |  0  1  2  3 |
1           0.05020951      |  0  1  2  3 |  0  2  3  6 |
1           0.04976274      |  0  1  2  3 |  0  1  3  5 |
1           0.04976274      |  0  1  3  5 |  0  1  2  3 |
3          -0.04737805      |  0  2  4  6 |  1  2  3  4 |
3          -0.04737805      |  1  2  3  4 |  0  2  4  6 |
3           0.04728371      |  0  1  4  5 |  1  2  3  4 |
3           0.04728371      |  1  2  3  4 |  0  1  4  5 |
2           0.04620028      |  0  2  3  5 |  0  1  2  4 |
2           0.04620028      |  0  1  2  4 |  0  2  3  5 |
2          -0.04615165      |  0  1  3  6 |  0  1  2  4 |
2          -0.04615165      |  0  1  2  4 |  0  1  3  6 |
2          -0.04598917      |  0  1  4  6 |  0  1  2  3 |
----------------------------------------
HF energy: -10.6350615611 Ha
Variational energy: -10.8462894037 Ha	
Memory total: 197.1GB
Helper size: 0.0GB
Bytes per det: 32
Memory var: 0.2GB
Memory PT limit: 137.8GB

BEG OF dtm 2.00e-06 (state 0), eps_var=1.00e-05, perturbation[2.5/58.9]GB [1.279/0.000/2888.431]s
Number of dtm batches: 1
END OF determine number of dtm batches [2.5/58.9]GB [0.142/0.142/2888.572]s

BEG OF #1/1, dtm 2.00e-06 (state 0), eps_var=1.00e-05, perturbation[2.5/58.9]GB [0.000/0.000/2888.572]s
20% 40% 60% 80% 100% 
Number of dtm pt dets: 4,335,129
END OF create hc sums [2.5/58.9]GB [25.706/25.706/2914.278]s
PT dtm batch correction: -0.0000576140 Ha
PT dtm correction (eps1= 1.00e-05, eps_pt_dtm= 2.00e-06): -0.0000576140 +- 0.0000000000 Ha
PT dtm total energy (eps1= 1.00e-05, eps_pt_dtm= 2.00e-06): -10.8463470177 +- 0.0000000000 Ha
Correlation energy (eps1= 1.00e-05, eps_pt_dtm= 2.00e-06): -0.2112854566 +- 0.0000000000 Ha
END OF #1/1, dtm 2.00e-06 (state 0), eps_var=1.00e-05, perturbation[2.5/58.9]GB [4.013/29.719/2918.291]s
END OF dtm 2.00e-06 (state 0), eps_var=1.00e-05, perturbation[2.5/58.9]GB [0.000/29.861/2918.291]s

BEG OF psto 1.00e-07 (state 0), eps_var=1.00e-05, perturbation[2.5/58.9]GB [0.000/0.000/2918.291]s
Number of psto batches: 16
END OF determine number of psto batches [2.5/58.9]GB [2.223/2.223/2920.514]s

BEG OF #1/16, psto 1.00e-07 (state 0), eps_var=1.00e-05, perturbation[2.5/58.9]GB [0.001/0.000/2920.515]s
20% 40% 60% 80% 100% 
Number of psto pt dets: 2,045,071
END OF create hc sums [2.5/58.9]GB [75.995/75.995/2996.510]s
PT psto batch correction: -0.0000038102 Ha
PT psto correction (eps1= 1.00e-05, eps_pt_psto= 1.00e-07): -0.0000609637 +- 0.0000003035 Ha
PT psto total energy (eps1= 1.00e-05, eps_pt_psto= 1.00e-07): -10.8464079814 +- 0.0000003035 Ha
Correlation energy (eps1= 1.00e-05, eps_pt_psto= 1.00e-07): -0.2113464203 +- 0.0000003035 Ha
END OF #1/16, psto 1.00e-07 (state 0), eps_var=1.00e-05, perturbation[2.5/58.9]GB [2.244/78.240/2998.755]s
END OF psto 1.00e-07 (state 0), eps_var=1.00e-05, perturbation[2.5/58.9]GB [0.000/80.463/2998.755]s

BEG OF sto 1.00e-08 (state 0), eps_var=1.00e-05, perturbation[2.5/58.9]GB [0.014/0.000/2998.768]s

random_seed= 347634253
Number of unique var dets in sample target: 202,254
Number of dets chosen: 436,352
END OF determine n samples [2.5/58.9]GB [0.569/0.569/2999.337]s
Number of deterministic var dets: 50,562

BEG OF #1, sto 1.00e-08 (state 0), eps_var=1.00e-05, perturbation[2.5/58.9]GB [0.051/0.000/2999.383]s
Number of unique variational determinants in sample: 341,123
Batch id: 59 / 64
20% 40% 60% 80% 100% 
Number of sto pt dets: 617,874
END OF create hc sums [2.5/58.9]GB [36.766/36.766/3036.149]s
PT sto loop correction: -0.0000005075 Ha
PT sto correction (eps1= 1.00e-05, eps_pt= 1.00e-08): -0.0000005075 +- -nan Ha
PT sto total energy (eps1= 1.00e-05, eps_pt= 1.00e-08): -10.8464084889 +- -nan Ha
Correlation energy (eps1= 1.00e-05, eps_pt= 1.00e-08): -0.2113469278 +- -nan Ha
END OF #1, sto 1.00e-08 (state 0), eps_var=1.00e-05, perturbation[2.5/58.9]GB [0.701/37.460/3036.842]s

BEG OF #2, sto 1.00e-08 (state 0), eps_var=1.00e-05, perturbation[2.5/58.9]GB [0.000/0.000/3036.842]s
Number of unique variational determinants in sample: 341,046
Batch id: 61 / 64
20% 40% 60% 80% 100% 
Number of sto pt dets: 617,400
END OF create hc sums [2.5/59.0]GB [36.452/36.452/3073.294]s
PT sto loop correction: -0.0000006730 Ha
PT sto correction (eps1= 1.00e-05, eps_pt= 1.00e-08): -0.0000005902 +- 0.0000000827 Ha
PT sto total energy (eps1= 1.00e-05, eps_pt= 1.00e-08): -10.8464085716 +- 0.0000003145 Ha
Correlation energy (eps1= 1.00e-05, eps_pt= 1.00e-08): -0.2113470105 +- 0.0000003145 Ha
END OF #2, sto 1.00e-08 (state 0), eps_var=1.00e-05, perturbation[2.5/59.0]GB [0.695/37.142/3073.984]s

BEG OF #3, sto 1.00e-08 (state 0), eps_var=1.00e-05, perturbation[2.5/59.0]GB [0.000/0.000/3073.984]s
Number of unique variational determinants in sample: 340,990
Batch id: 47 / 64
20% 40% 60% 80% 100% 
Number of sto pt dets: 617,811
END OF create hc sums [2.5/59.0]GB [36.473/36.473/3110.457]s
PT sto loop correction: -0.0000009280 Ha
PT sto correction (eps1= 1.00e-05, eps_pt= 1.00e-08): -0.0000007028 +- 0.0000001223 Ha
PT sto total energy (eps1= 1.00e-05, eps_pt= 1.00e-08): -10.8464086842 +- 0.0000003272 Ha
Correlation energy (eps1= 1.00e-05, eps_pt= 1.00e-08): -0.2113471231 +- 0.0000003272 Ha
END OF #3, sto 1.00e-08 (state 0), eps_var=1.00e-05, perturbation[2.5/59.0]GB [0.695/37.162/3111.147]s

BEG OF #4, sto 1.00e-08 (state 0), eps_var=1.00e-05, perturbation[2.5/59.0]GB [0.000/0.000/3111.147]s
Number of unique variational determinants in sample: 340,723
Batch id: 33 / 64
20% 40% 60% 80% 100% 
Number of sto pt dets: 618,906
END OF create hc sums [2.5/59.0]GB [36.448/36.448/3147.595]s
PT sto loop correction: -0.0000005039 Ha
PT sto correction (eps1= 1.00e-05, eps_pt= 1.00e-08): -0.0000006531 +- 0.0000000997 Ha
PT sto total energy (eps1= 1.00e-05, eps_pt= 1.00e-08): -10.8464086345 +- 0.0000003194 Ha
Correlation energy (eps1= 1.00e-05, eps_pt= 1.00e-08): -0.2113470734 +- 0.0000003194 Ha
END OF #4, sto 1.00e-08 (state 0), eps_var=1.00e-05, perturbation[2.5/59.0]GB [0.699/37.142/3148.288]s

BEG OF #5, sto 1.00e-08 (state 0), eps_var=1.00e-05, perturbation[2.5/59.0]GB [0.000/0.000/3148.288]s
Number of unique variational determinants in sample: 341,097
Batch id: 28 / 64
20% 40% 60% 80% 100% 
Number of sto pt dets: 618,334
END OF create hc sums [2.6/59.0]GB [36.419/36.419/3184.707]s
PT sto loop correction: -0.0000008669 Ha
PT sto correction (eps1= 1.00e-05, eps_pt= 1.00e-08): -0.0000006958 +- 0.0000000883 Ha
PT sto total energy (eps1= 1.00e-05, eps_pt= 1.00e-08): -10.8464086772 +- 0.0000003160 Ha
Correlation energy (eps1= 1.00e-05, eps_pt= 1.00e-08): -0.2113471161 +- 0.0000003160 Ha
END OF #5, sto 1.00e-08 (state 0), eps_var=1.00e-05, perturbation[2.6/59.0]GB [0.705/37.118/3185.407]s

BEG OF #6, sto 1.00e-08 (state 0), eps_var=1.00e-05, perturbation[2.6/59.0]GB [0.000/0.000/3185.407]s
Number of unique variational determinants in sample: 341,002
Batch id: 21 / 64
20% 40% 60% 80% 100% 
Number of sto pt dets: 618,273
END OF create hc sums [2.6/59.0]GB [36.488/36.488/3221.895]s
PT sto loop correction: -0.0000010053 Ha
PT sto correction (eps1= 1.00e-05, eps_pt= 1.00e-08): -0.0000007474 +- 0.0000000886 Ha
PT sto total energy (eps1= 1.00e-05, eps_pt= 1.00e-08): -10.8464087288 +- 0.0000003161 Ha
Correlation energy (eps1= 1.00e-05, eps_pt= 1.00e-08): -0.2113471677 +- 0.0000003161 Ha
END OF #6, sto 1.00e-08 (state 0), eps_var=1.00e-05, perturbation[2.6/59.0]GB [0.696/37.178/3222.585]s
END OF sto 1.00e-08 (state 0), eps_var=1.00e-05, perturbation[2.6/59.0]GB [0.000/223.817/3222.585]s
Total energy: -10.8464087288 +- 0.0000003161 Ha (state 0)
END OF eps_var=1.00e-05, perturbation[2.6/59.0]GB [0.013/335.446/3222.598]s

BEG OF eps_var=8.00e-06, perturbation[2.6/59.0]GB [0.000/0.000/3222.598]s
Try Loading Wavefunction wf_eps1_8.00e-06.dat
Loaded 1,935,001 dets from: wf_eps1_8.00e-06.dat
State 0:
----------------------------------------
Excite Lv       # dets         Sum c^2
0                    1      0.34821019
1                   56      0.01273967
2                 2752      0.55765233
3                67886      0.05713816
4               576522      0.02239889
5               829558      0.00164719
6               414678      0.00020677
7                41906      0.00000644
8                 1642      0.00000037
----------------------------------------
Orbital                        Sum c^2
0                           1.90750140
1                           1.83962645
2                           1.84004559
3                           1.01424765
4                           1.05752224
5                           0.10447091
6                           0.10451387
7                           0.04535410
8                           0.00534778
9                           0.00778934
10                          0.00508078
11                          0.00508268
12                          0.00685411
13                          0.01154778
14                          0.01155369
15                          0.01185664
16                          0.00423870
17                          0.00151388
18                          0.00132796
19                          0.00112293
20                          0.00113307
21                          0.00172864
22                          0.00172823
23                          0.00241653
24                          0.00242023
25                          0.00068581
26                          0.00094986
27                          0.00061977
28                          0.00142688
29                          0.00029253
Sum orbitals c^2: 8.00000000
----------------------------------------
Most important dets:
Excite Lv         Coef      Det (Reordered orb)
2           0.61428068      |  0  1  2  4 |  0  1  2  4 |
0           0.59009337      |  0  1  2  3 |  0  1  2  3 |
2          -0.17718122      |  0  2  3  4 |  0  2  3  4 |
2          -0.17676025      |  0  1  3  4 |  0  1  3  4 |
2          -0.12742114      |  0  1  2  5 |  0  1  2  5 |
2          -0.12719669      |  0  1  2  6 |  0  1  2  6 |
2          -0.08152599      |  1  2  3  4 |  1  2  3  4 |
1           0.05021618      |  0  2  3  6 |  0  1  2  3 |
1           0.05021618      |  0  1  2  3 |  0  2  3  6 |
1           0.04976931      |  0  1  2  3 |  0  1  3  5 |
1           0.04976931      |  0  1  3  5 |  0  1  2  3 |
3          -0.04738152      |  1  2  3  4 |  0  2  4  6 |
3          -0.04738152      |  0  2  4  6 |  1  2  3  4 |
3           0.04728714      |  0  1  4  5 |  1  2  3  4 |
3           0.04728714      |  1  2  3  4 |  0  1  4  5 |
2           0.04620439      |  0  2  3  5 |  0  1  2  4 |
2           0.04620439      |  0  1  2  4 |  0  2  3  5 |
2          -0.04615575      |  0  1  3  6 |  0  1  2  4 |
2          -0.04615575      |  0  1  2  4 |  0  1  3  6 |
2          -0.04599402      |  0  1  4  6 |  0  1  2  3 |
----------------------------------------
HF energy: -10.6350615611 Ha
Variational energy: -10.8463180620 Ha	
Memory total: 197.1GB
Helper size: 0.0GB
Bytes per det: 32
Memory var: 0.2GB
Memory PT limit: 137.7GB

BEG OF dtm 2.00e-06 (state 0), eps_var=8.00e-06, perturbation[2.6/59.0]GB [1.497/0.000/3224.095]s
Number of dtm batches: 1
END OF determine number of dtm batches [2.6/59.0]GB [0.143/0.143/3224.238]s

BEG OF #1/1, dtm 2.00e-06 (state 0), eps_var=8.00e-06, perturbation[2.6/59.0]GB [0.000/0.000/3224.238]s
20% 40% 60% 80% 100% 
Number of dtm pt dets: 4,027,492
END OF create hc sums [2.6/59.0]GB [24.612/24.612/3248.850]s
PT dtm batch correction: -0.0000381478 Ha
PT dtm correction (eps1= 8.00e-06, eps_pt_dtm= 2.00e-06): -0.0000381478 +- 0.0000000000 Ha
PT dtm total energy (eps1= 8.00e-06, eps_pt_dtm= 2.00e-06): -10.8463562098 +- 0.0000000000 Ha
Correlation energy (eps1= 8.00e-06, eps_pt_dtm= 2.00e-06): -0.2112946487 +- 0.0000000000 Ha
END OF #1/1, dtm 2.00e-06 (state 0), eps_var=8.00e-06, perturbation[2.6/59.0]GB [3.618/28.230/3252.468]s
END OF dtm 2.00e-06 (state 0), eps_var=8.00e-06, perturbation[2.6/59.0]GB [0.000/28.373/3252.468]s

BEG OF psto 1.00e-07 (state 0), eps_var=8.00e-06, perturbation[2.6/59.0]GB [0.000/0.000/3252.468]s
Number of psto batches: 16
END OF determine number of psto batches [2.6/59.0]GB [2.273/2.273/3254.741]s

BEG OF #1/16, psto 1.00e-07 (state 0), eps_var=8.00e-06, perturbation[2.6/59.0]GB [0.001/0.000/3254.741]s
20% 40% 60% 80% 100% 
Number of psto pt dets: 2,067,410
END OF create hc sums [2.6/59.0]GB [79.486/79.486/3334.227]s
PT psto batch correction: -0.0000033414 Ha
PT psto correction (eps1= 8.00e-06, eps_pt_psto= 1.00e-07): -0.0000534621 +- 0.0000002461 Ha
PT psto total energy (eps1= 8.00e-06, eps_pt_psto= 1.00e-07): -10.8464096719 +- 0.0000002461 Ha
Correlation energy (eps1= 8.00e-06, eps_pt_psto= 1.00e-07): -0.2113481107 +- 0.0000002461 Ha
END OF #1/16, psto 1.00e-07 (state 0), eps_var=8.00e-06, perturbation[2.6/59.0]GB [2.121/81.607/3336.348]s
END OF psto 1.00e-07 (state 0), eps_var=8.00e-06, perturbation[2.6/59.0]GB [0.000/83.880/3336.348]s

BEG OF sto 8.00e-09 (state 0), eps_var=8.00e-06, perturbation[2.6/59.0]GB [0.016/0.000/3336.364]s

random_seed= 347634253
Number of unique var dets in sample target: 241,876
Number of dets chosen: 536,989
END OF determine n samples [2.6/59.0]GB [0.620/0.620/3336.983]s
Number of deterministic var dets: 60,468

BEG OF #1, sto 8.00e-09 (state 0), eps_var=8.00e-06, perturbation[2.6/59.0]GB [0.062/0.000/3337.039]s
Number of unique variational determinants in sample: 413,572
Batch id: 18 / 64
20% 40% 60% 80% 100% 
Number of sto pt dets: 679,961
END OF create hc sums [2.6/59.1]GB [44.691/44.691/3381.731]s
PT sto loop correction: -0.0000009177 Ha
PT sto correction (eps1= 8.00e-06, eps_pt= 8.00e-09): -0.0000009177 +- -nan Ha
PT sto total energy (eps1= 8.00e-06, eps_pt= 8.00e-09): -10.8464105895 +- -nan Ha
Correlation energy (eps1= 8.00e-06, eps_pt= 8.00e-09): -0.2113490284 +- -nan Ha
END OF #1, sto 8.00e-09 (state 0), eps_var=8.00e-06, perturbation[2.6/59.1]GB [0.732/45.414/3382.453]s

BEG OF #2, sto 8.00e-09 (state 0), eps_var=8.00e-06, perturbation[2.6/59.1]GB [0.000/0.000/3382.453]s
Number of unique variational determinants in sample: 413,172
Batch id: 37 / 64
20% 40% 60% 80% 100% 
Number of sto pt dets: 678,272
END OF create hc sums [2.7/59.1]GB [44.277/44.277/3426.730]s
PT sto loop correction: -0.0000009767 Ha
PT sto correction (eps1= 8.00e-06, eps_pt= 8.00e-09): -0.0000009472 +- 0.0000000295 Ha
PT sto total energy (eps1= 8.00e-06, eps_pt= 8.00e-09): -10.8464106190 +- 0.0000002479 Ha
Correlation energy (eps1= 8.00e-06, eps_pt= 8.00e-09): -0.2113490579 +- 0.0000002479 Ha
END OF #2, sto 8.00e-09 (state 0), eps_var=8.00e-06, perturbation[2.7/59.1]GB [0.727/44.997/3427.451]s

BEG OF #3, sto 8.00e-09 (state 0), eps_var=8.00e-06, perturbation[2.7/59.1]GB [0.000/0.000/3427.451]s
Number of unique variational determinants in sample: 413,759
Batch id: 38 / 64
20% 40% 60% 80% 100% 
Number of sto pt dets: 680,059
END OF create hc sums [2.7/59.1]GB [44.448/44.448/3471.898]s
PT sto loop correction: -0.0000010104 Ha
PT sto correction (eps1= 8.00e-06, eps_pt= 8.00e-09): -0.0000009682 +- 0.0000000271 Ha
PT sto total energy (eps1= 8.00e-06, eps_pt= 8.00e-09): -10.8464106401 +- 0.0000002476 Ha
Correlation energy (eps1= 8.00e-06, eps_pt= 8.00e-09): -0.2113490790 +- 0.0000002476 Ha
END OF #3, sto 8.00e-09 (state 0), eps_var=8.00e-06, perturbation[2.7/59.1]GB [0.737/45.178/3472.628]s

BEG OF #4, sto 8.00e-09 (state 0), eps_var=8.00e-06, perturbation[2.7/59.1]GB [0.000/0.000/3472.629]s
Number of unique variational determinants in sample: 413,031
Batch id: 40 / 64
20% 40% 60% 80% 100% 
Number of sto pt dets: 679,468
END OF create hc sums [2.7/59.1]GB [44.387/44.387/3517.016]s
PT sto loop correction: -0.0000010132 Ha
PT sto correction (eps1= 8.00e-06, eps_pt= 8.00e-09): -0.0000009795 +- 0.0000000222 Ha
PT sto total energy (eps1= 8.00e-06, eps_pt= 8.00e-09): -10.8464106513 +- 0.0000002471 Ha
Correlation energy (eps1= 8.00e-06, eps_pt= 8.00e-09): -0.2113490902 +- 0.0000002471 Ha
END OF #4, sto 8.00e-09 (state 0), eps_var=8.00e-06, perturbation[2.7/59.1]GB [0.728/45.108/3517.736]s

BEG OF #5, sto 8.00e-09 (state 0), eps_var=8.00e-06, perturbation[2.7/59.1]GB [0.000/0.000/3517.736]s
Number of unique variational determinants in sample: 413,381
Batch id: 39 / 64
20% 40% 60% 80% 100% 
Number of sto pt dets: 679,093
END OF create hc sums [2.7/59.1]GB [44.299/44.299/3562.036]s
PT sto loop correction: -0.0000011598 Ha
PT sto correction (eps1= 8.00e-06, eps_pt= 8.00e-09): -0.0000010155 +- 0.0000000400 Ha
PT sto total energy (eps1= 8.00e-06, eps_pt= 8.00e-09): -10.8464106874 +- 0.0000002493 Ha
Correlation energy (eps1= 8.00e-06, eps_pt= 8.00e-09): -0.2113491263 +- 0.0000002493 Ha
END OF #5, sto 8.00e-09 (state 0), eps_var=8.00e-06, perturbation[2.7/59.1]GB [0.725/45.018/3562.754]s

BEG OF #6, sto 8.00e-09 (state 0), eps_var=8.00e-06, perturbation[2.7/59.1]GB [0.000/0.000/3562.754]s
Number of unique variational determinants in sample: 413,089
Batch id: 34 / 64
20% 40% 60% 80% 100% 
Number of sto pt dets: 678,566
END OF create hc sums [2.7/59.1]GB [44.364/44.364/3607.118]s
PT sto loop correction: -0.0000008301 Ha
PT sto correction (eps1= 8.00e-06, eps_pt= 8.00e-09): -0.0000009846 +- 0.0000000449 Ha
PT sto total energy (eps1= 8.00e-06, eps_pt= 8.00e-09): -10.8464106565 +- 0.0000002502 Ha
Correlation energy (eps1= 8.00e-06, eps_pt= 8.00e-09): -0.2113490954 +- 0.0000002502 Ha
END OF #6, sto 8.00e-09 (state 0), eps_var=8.00e-06, perturbation[2.7/59.1]GB [0.734/45.091/3607.845]s
END OF sto 8.00e-09 (state 0), eps_var=8.00e-06, perturbation[2.7/59.1]GB [0.000/271.481/3607.845]s
Total energy: -10.8464106565 +- 0.0000002502 Ha (state 0)
END OF eps_var=8.00e-06, perturbation[2.7/59.1]GB [0.004/385.251/3607.849]s

BEG OF eps_var=5.00e-06, perturbation[2.7/59.1]GB [0.000/0.000/3607.849]s
Try Loading Wavefunction wf_eps1_5.00e-06.dat
Loaded 2,842,121 dets from: wf_eps1_5.00e-06.dat
State 0:
----------------------------------------
Excite Lv       # dets         Sum c^2
0                    1      0.34814761
1                   62      0.01274497
2                 3024      0.55763577
3                70120      0.05716775
4               674752      0.02242560
5              1246460      0.00165914
6               745254      0.00021163
7                98126      0.00000712
8                 4322      0.00000040
----------------------------------------
Orbital                        Sum c^2
0                           1.90742963
1                           1.83954802
2                           1.83996711
3                           1.01421452
4                           1.05752756
5                           0.10451908
6                           0.10456158
7                           0.04538494
8                           0.00535836
9                           0.00780206
10                          0.00509112
11                          0.00509303
12                          0.00686462
13                          0.01156056
14                          0.01156643
15                          0.01186920
16                          0.00424509
17                          0.00151671
18                          0.00132956
19                          0.00112442
20                          0.00113456
21                          0.00173200
22                          0.00173158
23                          0.00242087
24                          0.00242460
25                          0.00068686
26                          0.00095202
27                          0.00062069
28                          0.00143001
29                          0.00029321
Sum orbitals c^2: 8.00000000
----------------------------------------
Most important dets:
Excite Lv         Coef      Det (Reordered orb)
2           0.61424564      |  0  1  2  4 |  0  1  2  4 |
0           0.59004035      |  0  1  2  3 |  0  1  2  3 |
2          -0.17718107      |  0  2  3  4 |  0  2  3  4 |
2          -0.17676011      |  0  1  3  4 |  0  1  3  4 |
2          -0.12742653      |  0  1  2  5 |  0  1  2  5 |
2          -0.12720132      |  0  1  2  6 |  0  1  2  6 |
2          -0.08153388      |  1  2  3  4 |  1  2  3  4 |
1           0.05022447      |  0  2  3  6 |  0  1  2  3 |
1           0.05022447      |  0  1  2  3 |  0  2  3  6 |
1           0.04977766      |  0  1  2  3 |  0  1  3  5 |
1           0.04977766      |  0  1  3  5 |  0  1  2  3 |
3          -0.04738668      |  0  2  4  6 |  1  2  3  4 |
3          -0.04738668      |  1  2  3  4 |  0  2  4  6 |
3           0.04729228      |  1  2  3  4 |  0  1  4  5 |
3           0.04729228      |  0  1  4  5 |  1  2  3  4 |
2           0.04621082      |  0  1  2  4 |  0  2  3  5 |
2           0.04621082      |  0  2  3  5 |  0  1  2  4 |
2          -0.04616226      |  0  1  2  4 |  0  1  3  6 |
2          -0.04616226      |  0  1  3  6 |  0  1  2  4 |
2          -0.04600075      |  0  1  2  3 |  0  1  4  6 |
----------------------------------------
HF energy: -10.6350615611 Ha
Variational energy: -10.8463604225 Ha	
Memory total: 197.1GB
Helper size: 0.0GB
Bytes per det: 32
Memory var: 0.3GB
Memory PT limit: 137.7GB

BEG OF dtm 2.00e-06 (state 0), eps_var=5.00e-06, perturbation[2.7/59.1]GB [1.872/0.000/3609.722]s
Number of dtm batches: 1
END OF determine number of dtm batches [2.7/59.1]GB [0.145/0.145/3609.866]s

BEG OF #1/1, dtm 2.00e-06 (state 0), eps_var=5.00e-06, perturbation[2.7/59.1]GB [0.000/0.000/3609.866]s
20% 40% 60% 80% 100% 
Number of dtm pt dets: 3,136,880
END OF create hc sums [2.7/59.1]GB [21.817/21.817/3631.683]s
PT dtm batch correction: -0.0000138540 Ha
PT dtm correction (eps1= 5.00e-06, eps_pt_dtm= 2.00e-06): -0.0000138540 +- 0.0000000000 Ha
PT dtm total energy (eps1= 5.00e-06, eps_pt_dtm= 2.00e-06): -10.8463742765 +- 0.0000000000 Ha
Correlation energy (eps1= 5.00e-06, eps_pt_dtm= 2.00e-06): -0.2113127154 +- 0.0000000000 Ha
END OF #1/1, dtm 2.00e-06 (state 0), eps_var=5.00e-06, perturbation[2.7/59.1]GB [2.728/24.545/3634.411]s
END OF dtm 2.00e-06 (state 0), eps_var=5.00e-06, perturbation[2.7/59.1]GB [0.000/24.690/3634.411]s

BEG OF psto 1.00e-07 (state 0), eps_var=5.00e-06, perturbation[2.7/59.1]GB [0.000/0.000/3634.412]s
Number of psto batches: 16
END OF determine number of psto batches [2.7/59.1]GB [2.576/2.576/3636.987]s

BEG OF #1/16, psto 1.00e-07 (state 0), eps_var=5.00e-06, perturbation[2.7/59.1]GB [0.001/0.000/3636.988]s
20% 40% 60% 80% 100% 
Number of psto pt dets: 2,072,277
END OF create hc sums [2.7/59.1]GB [85.455/85.455/3722.443]s
PT psto batch correction: -0.0000023674 Ha
PT psto correction (eps1= 5.00e-06, eps_pt_psto= 1.00e-07): -0.0000378784 +- 0.0000001485 Ha
PT psto total energy (eps1= 5.00e-06, eps_pt_psto= 1.00e-07): -10.8464121548 +- 0.0000001485 Ha
Correlation energy (eps1= 5.00e-06, eps_pt_psto= 1.00e-07): -0.2113505937 +- 0.0000001485 Ha
END OF #1/16, psto 1.00e-07 (state 0), eps_var=5.00e-06, perturbation[2.7/59.1]GB [2.056/87.510/3724.498]s
END OF psto 1.00e-07 (state 0), eps_var=5.00e-06, perturbation[2.7/59.1]GB [0.000/90.087/3724.498]s

BEG OF sto 5.00e-09 (state 0), eps_var=5.00e-06, perturbation[2.7/59.1]GB [0.032/0.000/3724.530]s

random_seed= 347634253
Number of unique var dets in sample target: 355,266
Number of dets chosen: 840,860
END OF determine n samples [2.7/59.1]GB [0.793/0.793/3725.324]s
Number of deterministic var dets: 88,815

BEG OF #1, sto 5.00e-09 (state 0), eps_var=5.00e-06, perturbation[2.7/59.1]GB [0.090/0.000/3725.404]s
Number of unique variational determinants in sample: 626,008
Batch id: 8 / 64
20% 40% 60% 80% 100% 
Number of sto pt dets: 826,197
END OF create hc sums [2.7/59.1]GB [67.776/67.776/3793.180]s
PT sto loop correction: -0.0000015869 Ha
PT sto correction (eps1= 5.00e-06, eps_pt= 5.00e-09): -0.0000015869 +- -nan Ha
PT sto total energy (eps1= 5.00e-06, eps_pt= 5.00e-09): -10.8464137418 +- -nan Ha
Correlation energy (eps1= 5.00e-06, eps_pt= 5.00e-09): -0.2113521807 +- -nan Ha
END OF #1, sto 5.00e-09 (state 0), eps_var=5.00e-06, perturbation[2.7/59.1]GB [0.886/68.646/3794.050]s

BEG OF #2, sto 5.00e-09 (state 0), eps_var=5.00e-06, perturbation[2.7/59.1]GB [0.000/0.000/3794.050]s
Number of unique variational determinants in sample: 625,683
Batch id: 40 / 64
20% 40% 60% 80% 100% 
Number of sto pt dets: 825,905
END OF create hc sums [2.7/59.1]GB [67.525/67.525/3861.575]s
PT sto loop correction: -0.0000015666 Ha
PT sto correction (eps1= 5.00e-06, eps_pt= 5.00e-09): -0.0000015768 +- 0.0000000102 Ha
PT sto total energy (eps1= 5.00e-06, eps_pt= 5.00e-09): -10.8464137316 +- 0.0000001488 Ha
Correlation energy (eps1= 5.00e-06, eps_pt= 5.00e-09): -0.2113521705 +- 0.0000001488 Ha
END OF #2, sto 5.00e-09 (state 0), eps_var=5.00e-06, perturbation[2.7/59.1]GB [0.874/68.389/3862.439]s

BEG OF #3, sto 5.00e-09 (state 0), eps_var=5.00e-06, perturbation[2.7/59.1]GB [0.000/0.000/3862.439]s
Number of unique variational determinants in sample: 625,652
Batch id: 45 / 64
20% 40% 60% 80% 100% 
Number of sto pt dets: 826,452
END OF create hc sums [2.7/59.2]GB [67.585/67.585/3930.024]s
PT sto loop correction: -0.0000015384 Ha
PT sto correction (eps1= 5.00e-06, eps_pt= 5.00e-09): -0.0000015640 +- 0.0000000141 Ha
PT sto total energy (eps1= 5.00e-06, eps_pt= 5.00e-09): -10.8464137188 +- 0.0000001491 Ha
Correlation energy (eps1= 5.00e-06, eps_pt= 5.00e-09): -0.2113521577 +- 0.0000001491 Ha
END OF #3, sto 5.00e-09 (state 0), eps_var=5.00e-06, perturbation[2.7/59.2]GB [0.881/68.455/3930.894]s

BEG OF #4, sto 5.00e-09 (state 0), eps_var=5.00e-06, perturbation[2.7/59.2]GB [0.000/0.000/3930.894]s
Number of unique variational determinants in sample: 626,247
Batch id: 45 / 64
20% 40% 60% 80% 100% 
Number of sto pt dets: 827,093
END OF create hc sums [2.8/59.2]GB [67.636/67.636/3998.530]s
PT sto loop correction: -0.0000015282 Ha
PT sto correction (eps1= 5.00e-06, eps_pt= 5.00e-09): -0.0000015550 +- 0.0000000134 Ha
PT sto total energy (eps1= 5.00e-06, eps_pt= 5.00e-09): -10.8464137099 +- 0.0000001491 Ha
Correlation energy (eps1= 5.00e-06, eps_pt= 5.00e-09): -0.2113521488 +- 0.0000001491 Ha
END OF #4, sto 5.00e-09 (state 0), eps_var=5.00e-06, perturbation[2.8/59.2]GB [0.883/68.508/3999.401]s

BEG OF #5, sto 5.00e-09 (state 0), eps_var=5.00e-06, perturbation[2.8/59.2]GB [0.000/0.000/3999.401]s
Number of unique variational determinants in sample: 625,710
Batch id: 42 / 64
20% 40% 60% 80% 100% 
Number of sto pt dets: 825,127
END OF create hc sums [2.8/59.2]GB [67.508/67.508/4066.910]s
PT sto loop correction: -0.0000016600 Ha
PT sto correction (eps1= 5.00e-06, eps_pt= 5.00e-09): -0.0000015760 +- 0.0000000234 Ha
PT sto total energy (eps1= 5.00e-06, eps_pt= 5.00e-09): -10.8464137309 +- 0.0000001503 Ha
Correlation energy (eps1= 5.00e-06, eps_pt= 5.00e-09): -0.2113521698 +- 0.0000001503 Ha
END OF #5, sto 5.00e-09 (state 0), eps_var=5.00e-06, perturbation[2.8/59.2]GB [0.882/68.380/4067.781]s

BEG OF #6, sto 5.00e-09 (state 0), eps_var=5.00e-06, perturbation[2.8/59.2]GB [0.000/0.000/4067.781]s
Number of unique variational determinants in sample: 625,962
Batch id: 24 / 64
20% 40% 60% 80% 100% 
Number of sto pt dets: 825,783
END OF create hc sums [2.8/59.2]GB [67.474/67.474/4135.255]s
PT sto loop correction: -0.0000015307 Ha
PT sto correction (eps1= 5.00e-06, eps_pt= 5.00e-09): -0.0000015685 +- 0.0000000206 Ha
PT sto total energy (eps1= 5.00e-06, eps_pt= 5.00e-09): -10.8464137233 +- 0.0000001499 Ha
Correlation energy (eps1= 5.00e-06, eps_pt= 5.00e-09): -0.2113521622 +- 0.0000001499 Ha
END OF #6, sto 5.00e-09 (state 0), eps_var=5.00e-06, perturbation[2.8/59.2]GB [0.877/68.340/4136.121]s
END OF sto 5.00e-09 (state 0), eps_var=5.00e-06, perturbation[2.8/59.2]GB [0.000/411.591/4136.121]s
Total energy: -10.8464137233 +- 0.0000001499 Ha (state 0)
END OF eps_var=5.00e-06, perturbation[2.8/59.2]GB [0.002/528.273/4136.123]s
END OF perturbation[2.8/59.2]GB [0.000/1531.415/4136.123]s
      0.00029321
Sum orbitals c^2: 8.00000000
----------------------------------------
Most important dets:
Excite Lv         Coef      Det (Reordered orb)
2           0.61424564      |  0  1  2  4 |  0  1  2  4 |
0           0.59004035      |  0  1  2  3 |  0  1  2  3 |
2          -0.17718107      |  0  2  3  4 |  0  2  3  4 |
2          -0.17676011      |  0  1  3  4 |  0  1  3  4 |
2          -0.12742653      |  0  1  2  5 |  0  1  2  5 |
2          -0.12720132      |  0  1  2  6 |  0  1  2  6 |
2          -0.08153388      |  1  2  3  4 |  1  2  3  4 |
1           0.05022447      |  0  2  3  6 |  0  1  2  3 |
1           0.05022447      |  0  1  2  3 |  0  2  3  6 |
1           0.04977766      |  0  1  2  3 |  0  1  3  5 |
1           0.04977766      |  0  1  3  5 |  0  1  2  3 |
3          -0.04738668      |  0  2  4  6 |  1  2  3  4 |
3          -0.04738668      |  1  2  3  4 |  0  2  4  6 |
3           0.04729228      |  1  2  3  4 |  0  1  4  5 |
3           0.04729228      |  0  1  4  5 |  1  2  3  4 |
2           0.04621082      |  0  1  2  4 |  0  2  3  5 |
2           0.04621082      |  0  2  3  5 |  0  1  2  4 |
2          -0.04616226      |  0  1  2  4 |  0  1  3  6 |
2          -0.04616226      |  0  1  3  6 |  0  1  2  4 |
2          -0.04600075      |  0  1  2  3 |  0  1  4  6 |
----------------------------------------
HF energy: -10.6350615611 Ha
Variational energy: -10.8463604225 Ha	
Memory total: 197.1GB
Helper size: 0.0GB
Bytes per det: 32
Memory var: 0.3GB
Memory PT limit: 137.6GB

BEG OF dtm 2.00e-06 (state 0), eps_var=5.00e-06, perturbation[13.0/71.3]GB [1.599/0.000/3018.075]s
Number of dtm batches: 1
END OF determine number of dtm batches [13.0/71.3]GB [0.129/0.129/3018.203]s

BEG OF #1/1, dtm 2.00e-06 (state 0), eps_var=5.00e-06, perturbation[13.0/71.3]GB [0.000/0.000/3018.203]s
20% 40% 60% 80% 100% 
Number of dtm pt dets: 3,136,880
END OF create hc sums [13.1/71.3]GB [19.554/19.554/3037.757]s
PT dtm batch correction: -0.0000138540 Ha
PT dtm correction (eps1= 5.00e-06, eps_pt_dtm= 2.00e-06): -0.0000138540 +- 0.0000000000 Ha
PT dtm total energy (eps1= 5.00e-06, eps_pt_dtm= 2.00e-06): -10.8463742765 +- 0.0000000000 Ha
Correlation energy (eps1= 5.00e-06, eps_pt_dtm= 2.00e-06): -0.2113127154 +- 0.0000000000 Ha
END OF #1/1, dtm 2.00e-06 (state 0), eps_var=5.00e-06, perturbation[11.8/70.1]GB [2.362/21.915/3040.119]s
END OF dtm 2.00e-06 (state 0), eps_var=5.00e-06, perturbation[11.8/70.1]GB [0.000/22.044/3040.119]s

BEG OF psto 1.00e-07 (state 0), eps_var=5.00e-06, perturbation[11.8/70.1]GB [0.000/0.000/3040.119]s
Number of psto batches: 16
END OF determine number of psto batches [12.0/70.3]GB [2.386/2.386/3042.505]s

BEG OF #1/16, psto 1.00e-07 (state 0), eps_var=5.00e-06, perturbation[12.0/70.3]GB [0.001/0.000/3042.505]s
20% 40% 60% 80% 100% 
Number of psto pt dets: 2,072,277
END OF create hc sums [10.9/69.2]GB [74.774/74.774/3117.279]s
PT psto batch correction: -0.0000023674 Ha
PT psto correction (eps1= 5.00e-06, eps_pt_psto= 1.00e-07): -0.0000378784 +- 0.0000001485 Ha
PT psto total energy (eps1= 5.00e-06, eps_pt_psto= 1.00e-07): -10.8464121548 +- 0.0000001485 Ha
Correlation energy (eps1= 5.00e-06, eps_pt_psto= 1.00e-07): -0.2113505937 +- 0.0000001485 Ha
END OF #1/16, psto 1.00e-07 (state 0), eps_var=5.00e-06, perturbation[10.9/69.1]GB [1.752/76.526/3119.031]s
END OF psto 1.00e-07 (state 0), eps_var=5.00e-06, perturbation[10.9/69.1]GB [0.000/78.912/3119.031]s

BEG OF sto 5.00e-09 (state 0), eps_var=5.00e-06, perturbation[10.9/69.1]GB [0.019/0.000/3119.050]s

random_seed= 347634253
Number of unique var dets in sample target: 355,266
Number of dets chosen: 840,860
END OF determine n samples [10.8/69.1]GB [0.729/0.729/3119.779]s
Number of deterministic var dets: 88,815

BEG OF #1, sto 5.00e-09 (state 0), eps_var=5.00e-06, perturbation[10.8/69.1]GB [0.082/0.000/3119.851]s
Number of unique variational determinants in sample: 626,008
Batch id: 8 / 64
20% 40% 60% 80% 100% 
Number of sto pt dets: 826,197
END OF create hc sums [11.3/69.5]GB [58.264/58.264/3178.115]s
PT sto loop correction: -0.0000015869 Ha
PT sto correction (eps1= 5.00e-06, eps_pt= 5.00e-09): -0.0000015869 +- -nan Ha
PT sto total energy (eps1= 5.00e-06, eps_pt= 5.00e-09): -10.8464137418 +- -nan Ha
Correlation energy (eps1= 5.00e-06, eps_pt= 5.00e-09): -0.2113521807 +- -nan Ha
END OF #1, sto 5.00e-09 (state 0), eps_var=5.00e-06, perturbation[11.2/69.4]GB [0.761/59.009/3178.860]s

BEG OF #2, sto 5.00e-09 (state 0), eps_var=5.00e-06, perturbation[11.2/69.4]GB [0.000/0.000/3178.860]s
Number of unique variational determinants in sample: 625,683
Batch id: 40 / 64
20% 40% 60% 80% 100% 
Number of sto pt dets: 825,905
END OF create hc sums [10.7/68.9]GB [57.967/57.967/3236.827]s
PT sto loop correction: -0.0000015666 Ha
PT sto correction (eps1= 5.00e-06, eps_pt= 5.00e-09): -0.0000015768 +- 0.0000000102 Ha
PT sto total energy (eps1= 5.00e-06, eps_pt= 5.00e-09): -10.8464137316 +- 0.0000001488 Ha
Correlation energy (eps1= 5.00e-06, eps_pt= 5.00e-09): -0.2113521705 +- 0.0000001488 Ha
END OF #2, sto 5.00e-09 (state 0), eps_var=5.00e-06, perturbation[10.8/69.0]GB [0.753/58.711/3237.570]s

BEG OF #3, sto 5.00e-09 (state 0), eps_var=5.00e-06, perturbation[10.8/69.0]GB [0.000/0.000/3237.570]s
Number of unique variational determinants in sample: 625,652
Batch id: 45 / 64
20% 40% 60% 80% 100% 
Number of sto pt dets: 826,452
END OF create hc sums [10.1/68.3]GB [57.820/57.820/3295.390]s
PT sto loop correction: -0.0000015384 Ha
PT sto correction (eps1= 5.00e-06, eps_pt= 5.00e-09): -0.0000015640 +- 0.0000000141 Ha
PT sto total energy (eps1= 5.00e-06, eps_pt= 5.00e-09): -10.8464137188 +- 0.0000001491 Ha
Correlation energy (eps1= 5.00e-06, eps_pt= 5.00e-09): -0.2113521577 +- 0.0000001491 Ha
END OF #3, sto 5.00e-09 (state 0), eps_var=5.00e-06, perturbation[10.1/68.3]GB [0.751/58.561/3296.131]s

BEG OF #4, sto 5.00e-09 (state 0), eps_var=5.00e-06, perturbation[10.1/68.3]GB [0.000/0.000/3296.131]s
Number of unique variational determinants in sample: 626,247
Batch id: 45 / 64
20% 40% 60% 80% 100% 
Number of sto pt dets: 827,093
END OF create hc sums [10.2/68.4]GB [58.270/58.270/3354.401]s
PT sto loop correction: -0.0000015282 Ha
PT sto correction (eps1= 5.00e-06, eps_pt= 5.00e-09): -0.0000015550 +- 0.0000000134 Ha
PT sto total energy (eps1= 5.00e-06, eps_pt= 5.00e-09): -10.8464137099 +- 0.0000001491 Ha
Correlation energy (eps1= 5.00e-06, eps_pt= 5.00e-09): -0.2113521488 +- 0.0000001491 Ha
END OF #4, sto 5.00e-09 (state 0), eps_var=5.00e-06, perturbation[10.2/68.4]GB [0.777/59.036/3355.167]s

BEG OF #5, sto 5.00e-09 (state 0), eps_var=5.00e-06, perturbation[10.2/68.4]GB [0.000/0.000/3355.167]s
Number of unique variational determinants in sample: 625,710
Batch id: 42 / 64
20% 40% 60% 80% 100% 
Number of sto pt dets: 825,127
END OF create hc sums [10.1/68.4]GB [58.391/58.391/3413.557]s
PT sto loop correction: -0.0000016600 Ha
PT sto correction (eps1= 5.00e-06, eps_pt= 5.00e-09): -0.0000015760 +- 0.0000000234 Ha
PT sto total energy (eps1= 5.00e-06, eps_pt= 5.00e-09): -10.8464137309 +- 0.0000001503 Ha
Correlation energy (eps1= 5.00e-06, eps_pt= 5.00e-09): -0.2113521698 +- 0.0000001503 Ha
END OF #5, sto 5.00e-09 (state 0), eps_var=5.00e-06, perturbation[10.2/68.4]GB [0.767/59.144/3414.311]s

BEG OF #6, sto 5.00e-09 (state 0), eps_var=5.00e-06, perturbation[10.2/68.4]GB [0.000/0.000/3414.311]s
Number of unique variational determinants in sample: 625,962
Batch id: 24 / 64
20% 40% 60% 80% 100% 
Number of sto pt dets: 825,783
END OF create hc sums [9.7/67.9]GB [58.997/58.997/3473.308]s
PT sto loop correction: -0.0000015307 Ha
PT sto correction (eps1= 5.00e-06, eps_pt= 5.00e-09): -0.0000015685 +- 0.0000000206 Ha
PT sto total energy (eps1= 5.00e-06, eps_pt= 5.00e-09): -10.8464137233 +- 0.0000001499 Ha
Correlation energy (eps1= 5.00e-06, eps_pt= 5.00e-09): -0.2113521622 +- 0.0000001499 Ha
END OF #6, sto 5.00e-09 (state 0), eps_var=5.00e-06, perturbation[9.7/67.9]GB [0.758/59.743/3474.054]s
END OF sto 5.00e-09 (state 0), eps_var=5.00e-06, perturbation[9.7/67.9]GB [0.000/355.004/3474.054]s
Total energy: -10.8464137233 +- 0.0000001499 Ha (state 0)
END OF eps_var=5.00e-06, perturbation[9.7/67.9]GB [0.005/457.583/3474.059]s
END OF perturbation[9.7/67.9]GB [0.000/1315.249/3474.059]s
